2025-05-05 23:10:42,784 - discord_bot - INFO - Bot starting up...
2025-05-05 23:10:45,906 - werkzeug - INFO - 127.0.0.1 - - [05/May/2025 23:10:45] "GET / HTTP/1.1" 200 -
2025-05-05 23:10:45,948 - werkzeug - INFO - 127.0.0.1 - - [05/May/2025 23:10:45] "GET /api/bot-status?api_key=025002 HTTP/1.1" 200 -
2025-05-05 23:10:45,991 - werkzeug - INFO - 127.0.0.1 - - [05/May/2025 23:10:45] "[31m[1mGET /api/member-count?api_key=025002 HTTP/1.1[0m" 400 -
2025-05-05 23:10:47,792 - discord_bot - INFO - Mock context initialized with guild: Zorzi's server
2025-05-05 23:10:47,793 - discord_bot - INFO - Bot started successfully
2025-05-05 23:10:47,794 - werkzeug - INFO - 127.0.0.1 - - [05/May/2025 23:10:47] "POST /api/start-bot?api_key=025002 HTTP/1.1" 200 -
2025-05-05 23:10:48,345 - werkzeug - INFO - 127.0.0.1 - - [05/May/2025 23:10:48] "GET /api/members?api_key=025002 HTTP/1.1" 200 -
2025-05-05 23:10:50,907 - werkzeug - INFO - 127.0.0.1 - - [05/May/2025 23:10:50] "GET / HTTP/1.1" 200 -
2025-05-05 23:10:50,949 - werkzeug - INFO - 127.0.0.1 - - [05/May/2025 23:10:50] "GET /api/bot-status?api_key=025002 HTTP/1.1" 200 -
2025-05-05 23:10:50,971 - werkzeug - INFO - 127.0.0.1 - - [05/May/2025 23:10:50] "GET /api/member-count?api_key=025002 HTTP/1.1" 200 -
2025-05-05 23:10:52,046 - werkzeug - INFO - 127.0.0.1 - - [05/May/2025 23:10:52] "POST /api/hello?api_key=025002&member=234339929159761920&message=Sdgs HTTP/1.1" 200 -
2025-05-05 23:10:55,911 - werkzeug - INFO - 127.0.0.1 - - [05/May/2025 23:10:55] "GET / HTTP/1.1" 200 -
2025-05-05 23:10:55,974 - werkzeug - INFO - 127.0.0.1 - - [05/May/2025 23:10:55] "GET /api/bot-status?api_key=025002 HTTP/1.1" 200 -
2025-05-05 23:10:56,005 - werkzeug - INFO - 127.0.0.1 - - [05/May/2025 23:10:56] "GET /api/member-count?api_key=025002 HTTP/1.1" 200 -
2025-05-05 23:11:00,914 - werkzeug - INFO - 127.0.0.1 - - [05/May/2025 23:11:00] "GET / HTTP/1.1" 200 -
2025-05-05 23:11:00,960 - werkzeug - INFO - 127.0.0.1 - - [05/May/2025 23:11:00] "GET /api/bot-status?api_key=025002 HTTP/1.1" 200 -
2025-05-05 23:11:00,998 - werkzeug - INFO - 127.0.0.1 - - [05/May/2025 23:11:00] "GET /api/member-count?api_key=025002 HTTP/1.1" 200 -
2025-05-05 23:11:05,911 - werkzeug - INFO - 127.0.0.1 - - [05/May/2025 23:11:05] "GET / HTTP/1.1" 200 -
2025-05-05 23:11:05,952 - werkzeug - INFO - 127.0.0.1 - - [05/May/2025 23:11:05] "GET /api/bot-status?api_key=025002 HTTP/1.1" 200 -
2025-05-05 23:11:05,984 - werkzeug - INFO - 127.0.0.1 - - [05/May/2025 23:11:05] "GET /api/member-count?api_key=025002 HTTP/1.1" 200 -
2025-05-05 23:11:10,912 - werkzeug - INFO - 127.0.0.1 - - [05/May/2025 23:11:10] "GET / HTTP/1.1" 200 -
2025-05-05 23:11:10,964 - werkzeug - INFO - 127.0.0.1 - - [05/May/2025 23:11:10] "GET /api/bot-status?api_key=025002 HTTP/1.1" 200 -
2025-05-05 23:11:10,994 - werkzeug - INFO - 127.0.0.1 - - [05/May/2025 23:11:10] "GET /api/member-count?api_key=025002 HTTP/1.1" 200 -
2025-05-05 23:11:15,913 - werkzeug - INFO - 127.0.0.1 - - [05/May/2025 23:11:15] "GET / HTTP/1.1" 200 -
2025-05-05 23:11:15,966 - werkzeug - INFO - 127.0.0.1 - - [05/May/2025 23:11:15] "GET /api/bot-status?api_key=025002 HTTP/1.1" 200 -
2025-05-05 23:11:16,007 - werkzeug - INFO - 127.0.0.1 - - [05/May/2025 23:11:16] "GET /api/member-count?api_key=025002 HTTP/1.1" 200 -
2025-05-05 23:11:20,913 - werkzeug - INFO - 127.0.0.1 - - [05/May/2025 23:11:20] "GET / HTTP/1.1" 200 -
2025-05-05 23:11:20,963 - werkzeug - INFO - 127.0.0.1 - - [05/May/2025 23:11:20] "GET /api/bot-status?api_key=025002 HTTP/1.1" 200 -
2025-05-05 23:11:20,997 - werkzeug - INFO - 127.0.0.1 - - [05/May/2025 23:11:20] "GET /api/member-count?api_key=025002 HTTP/1.1" 200 -
2025-05-05 23:11:25,910 - werkzeug - INFO - 127.0.0.1 - - [05/May/2025 23:11:25] "GET / HTTP/1.1" 200 -
2025-05-05 23:11:25,957 - werkzeug - INFO - 127.0.0.1 - - [05/May/2025 23:11:25] "GET /api/bot-status?api_key=025002 HTTP/1.1" 200 -
2025-05-05 23:11:25,993 - werkzeug - INFO - 127.0.0.1 - - [05/May/2025 23:11:25] "GET /api/member-count?api_key=025002 HTTP/1.1" 200 -
2025-05-05 23:11:30,913 - werkzeug - INFO - 127.0.0.1 - - [05/May/2025 23:11:30] "GET / HTTP/1.1" 200 -
2025-05-05 23:11:30,963 - werkzeug - INFO - 127.0.0.1 - - [05/May/2025 23:11:30] "GET /api/bot-status?api_key=025002 HTTP/1.1" 200 -
2025-05-05 23:11:30,997 - werkzeug - INFO - 127.0.0.1 - - [05/May/2025 23:11:30] "GET /api/member-count?api_key=025002 HTTP/1.1" 200 -
2025-05-05 23:11:35,909 - werkzeug - INFO - 127.0.0.1 - - [05/May/2025 23:11:35] "GET / HTTP/1.1" 200 -
2025-05-05 23:11:35,957 - werkzeug - INFO - 127.0.0.1 - - [05/May/2025 23:11:35] "GET /api/bot-status?api_key=025002 HTTP/1.1" 200 -
2025-05-05 23:11:35,992 - werkzeug - INFO - 127.0.0.1 - - [05/May/2025 23:11:35] "GET /api/member-count?api_key=025002 HTTP/1.1" 200 -
2025-05-05 23:11:40,912 - werkzeug - INFO - 127.0.0.1 - - [05/May/2025 23:11:40] "GET / HTTP/1.1" 200 -
2025-05-05 23:11:40,953 - werkzeug - INFO - 127.0.0.1 - - [05/May/2025 23:11:40] "GET /api/bot-status?api_key=025002 HTTP/1.1" 200 -
2025-05-05 23:11:40,983 - werkzeug - INFO - 127.0.0.1 - - [05/May/2025 23:11:40] "GET /api/member-count?api_key=025002 HTTP/1.1" 200 -
2025-05-05 23:11:45,910 - werkzeug - INFO - 127.0.0.1 - - [05/May/2025 23:11:45] "GET / HTTP/1.1" 200 -
2025-05-05 23:11:45,960 - werkzeug - INFO - 127.0.0.1 - - [05/May/2025 23:11:45] "GET /api/bot-status?api_key=025002 HTTP/1.1" 200 -
2025-05-05 23:11:45,995 - werkzeug - INFO - 127.0.0.1 - - [05/May/2025 23:11:45] "GET /api/member-count?api_key=025002 HTTP/1.1" 200 -
2025-05-05 23:11:50,913 - werkzeug - INFO - 127.0.0.1 - - [05/May/2025 23:11:50] "GET / HTTP/1.1" 200 -
2025-05-05 23:11:50,962 - werkzeug - INFO - 127.0.0.1 - - [05/May/2025 23:11:50] "GET /api/bot-status?api_key=025002 HTTP/1.1" 200 -
2025-05-05 23:11:50,994 - werkzeug - INFO - 127.0.0.1 - - [05/May/2025 23:11:50] "GET /api/member-count?api_key=025002 HTTP/1.1" 200 -
2025-05-05 23:11:55,913 - werkzeug - INFO - 127.0.0.1 - - [05/May/2025 23:11:55] "GET / HTTP/1.1" 200 -
2025-05-05 23:11:55,950 - werkzeug - INFO - 127.0.0.1 - - [05/May/2025 23:11:55] "GET /api/bot-status?api_key=025002 HTTP/1.1" 200 -
2025-05-05 23:11:55,978 - werkzeug - INFO - 127.0.0.1 - - [05/May/2025 23:11:55] "GET /api/member-count?api_key=025002 HTTP/1.1" 200 -
2025-05-05 23:12:00,913 - werkzeug - INFO - 127.0.0.1 - - [05/May/2025 23:12:00] "GET / HTTP/1.1" 200 -
2025-05-05 23:12:00,961 - werkzeug - INFO - 127.0.0.1 - - [05/May/2025 23:12:00] "GET /api/bot-status?api_key=025002 HTTP/1.1" 200 -
2025-05-05 23:12:00,991 - werkzeug - INFO - 127.0.0.1 - - [05/May/2025 23:12:00] "GET /api/member-count?api_key=025002 HTTP/1.1" 200 -
2025-05-05 23:12:05,912 - werkzeug - INFO - 127.0.0.1 - - [05/May/2025 23:12:05] "GET / HTTP/1.1" 200 -
2025-05-05 23:12:05,962 - werkzeug - INFO - 127.0.0.1 - - [05/May/2025 23:12:05] "GET /api/bot-status?api_key=025002 HTTP/1.1" 200 -
2025-05-05 23:12:05,994 - werkzeug - INFO - 127.0.0.1 - - [05/May/2025 23:12:05] "GET /api/member-count?api_key=025002 HTTP/1.1" 200 -
2025-05-05 23:12:10,911 - werkzeug - INFO - 127.0.0.1 - - [05/May/2025 23:12:10] "GET / HTTP/1.1" 200 -
2025-05-05 23:12:10,955 - werkzeug - INFO - 127.0.0.1 - - [05/May/2025 23:12:10] "GET /api/bot-status?api_key=025002 HTTP/1.1" 200 -
2025-05-05 23:12:10,990 - werkzeug - INFO - 127.0.0.1 - - [05/May/2025 23:12:10] "GET /api/member-count?api_key=025002 HTTP/1.1" 200 -
2025-05-05 23:12:15,912 - werkzeug - INFO - 127.0.0.1 - - [05/May/2025 23:12:15] "GET / HTTP/1.1" 200 -
2025-05-05 23:12:15,957 - werkzeug - INFO - 127.0.0.1 - - [05/May/2025 23:12:15] "GET /api/bot-status?api_key=025002 HTTP/1.1" 200 -
2025-05-05 23:12:15,990 - werkzeug - INFO - 127.0.0.1 - - [05/May/2025 23:12:15] "GET /api/member-count?api_key=025002 HTTP/1.1" 200 -
2025-05-05 23:12:20,912 - werkzeug - INFO - 127.0.0.1 - - [05/May/2025 23:12:20] "GET / HTTP/1.1" 200 -
2025-05-05 23:12:20,961 - werkzeug - INFO - 127.0.0.1 - - [05/May/2025 23:12:20] "GET /api/bot-status?api_key=025002 HTTP/1.1" 200 -
2025-05-05 23:12:20,993 - werkzeug - INFO - 127.0.0.1 - - [05/May/2025 23:12:20] "GET /api/member-count?api_key=025002 HTTP/1.1" 200 -
2025-05-05 23:12:25,912 - werkzeug - INFO - 127.0.0.1 - - [05/May/2025 23:12:25] "GET / HTTP/1.1" 200 -
2025-05-05 23:12:25,960 - werkzeug - INFO - 127.0.0.1 - - [05/May/2025 23:12:25] "GET /api/bot-status?api_key=025002 HTTP/1.1" 200 -
2025-05-05 23:12:25,992 - werkzeug - INFO - 127.0.0.1 - - [05/May/2025 23:12:25] "GET /api/member-count?api_key=025002 HTTP/1.1" 200 -
2025-05-05 23:12:30,913 - werkzeug - INFO - 127.0.0.1 - - [05/May/2025 23:12:30] "GET / HTTP/1.1" 200 -
2025-05-05 23:12:30,960 - werkzeug - INFO - 127.0.0.1 - - [05/May/2025 23:12:30] "GET /api/bot-status?api_key=025002 HTTP/1.1" 200 -
2025-05-05 23:12:30,989 - werkzeug - INFO - 127.0.0.1 - - [05/May/2025 23:12:30] "GET /api/member-count?api_key=025002 HTTP/1.1" 200 -
2025-05-05 23:12:35,914 - werkzeug - INFO - 127.0.0.1 - - [05/May/2025 23:12:35] "GET / HTTP/1.1" 200 -
2025-05-05 23:12:35,965 - werkzeug - INFO - 127.0.0.1 - - [05/May/2025 23:12:35] "GET /api/bot-status?api_key=025002 HTTP/1.1" 200 -
2025-05-05 23:12:35,999 - werkzeug - INFO - 127.0.0.1 - - [05/May/2025 23:12:35] "GET /api/member-count?api_key=025002 HTTP/1.1" 200 -
2025-05-05 23:12:40,909 - werkzeug - INFO - 127.0.0.1 - - [05/May/2025 23:12:40] "GET / HTTP/1.1" 200 -
2025-05-05 23:12:40,944 - werkzeug - INFO - 127.0.0.1 - - [05/May/2025 23:12:40] "GET /api/bot-status?api_key=025002 HTTP/1.1" 200 -
2025-05-05 23:12:40,969 - werkzeug - INFO - 127.0.0.1 - - [05/May/2025 23:12:40] "GET /api/member-count?api_key=025002 HTTP/1.1" 200 -
2025-05-05 23:12:45,915 - werkzeug - INFO - 127.0.0.1 - - [05/May/2025 23:12:45] "GET / HTTP/1.1" 200 -
2025-05-05 23:12:45,970 - werkzeug - INFO - 127.0.0.1 - - [05/May/2025 23:12:45] "GET /api/bot-status?api_key=025002 HTTP/1.1" 200 -
2025-05-05 23:12:46,008 - werkzeug - INFO - 127.0.0.1 - - [05/May/2025 23:12:46] "GET /api/member-count?api_key=025002 HTTP/1.1" 200 -
2025-05-05 23:12:50,912 - werkzeug - INFO - 127.0.0.1 - - [05/May/2025 23:12:50] "GET / HTTP/1.1" 200 -
2025-05-05 23:12:50,954 - werkzeug - INFO - 127.0.0.1 - - [05/May/2025 23:12:50] "GET /api/bot-status?api_key=025002 HTTP/1.1" 200 -
2025-05-05 23:12:51,006 - werkzeug - INFO - 127.0.0.1 - - [05/May/2025 23:12:51] "GET /api/member-count?api_key=025002 HTTP/1.1" 200 -
2025-05-05 23:12:55,917 - werkzeug - INFO - 127.0.0.1 - - [05/May/2025 23:12:55] "GET / HTTP/1.1" 200 -
2025-05-05 23:12:55,961 - werkzeug - INFO - 127.0.0.1 - - [05/May/2025 23:12:55] "GET /api/bot-status?api_key=025002 HTTP/1.1" 200 -
2025-05-05 23:12:55,990 - werkzeug - INFO - 127.0.0.1 - - [05/May/2025 23:12:55] "GET /api/member-count?api_key=025002 HTTP/1.1" 200 -
2025-05-05 23:13:00,913 - werkzeug - INFO - 127.0.0.1 - - [05/May/2025 23:13:00] "GET / HTTP/1.1" 200 -
2025-05-05 23:13:00,962 - werkzeug - INFO - 127.0.0.1 - - [05/May/2025 23:13:00] "GET /api/bot-status?api_key=025002 HTTP/1.1" 200 -
2025-05-05 23:13:00,992 - werkzeug - INFO - 127.0.0.1 - - [05/May/2025 23:13:00] "GET /api/member-count?api_key=025002 HTTP/1.1" 200 -
2025-05-05 23:13:05,910 - werkzeug - INFO - 127.0.0.1 - - [05/May/2025 23:13:05] "GET / HTTP/1.1" 200 -
2025-05-05 23:13:05,959 - werkzeug - INFO - 127.0.0.1 - - [05/May/2025 23:13:05] "GET /api/bot-status?api_key=025002 HTTP/1.1" 200 -
2025-05-05 23:13:05,994 - werkzeug - INFO - 127.0.0.1 - - [05/May/2025 23:13:05] "GET /api/member-count?api_key=025002 HTTP/1.1" 200 -
2025-05-05 23:13:10,913 - werkzeug - INFO - 127.0.0.1 - - [05/May/2025 23:13:10] "GET / HTTP/1.1" 200 -
2025-05-05 23:13:11,019 - werkzeug - INFO - 127.0.0.1 - - [05/May/2025 23:13:11] "GET /api/bot-status?api_key=025002 HTTP/1.1" 200 -
2025-05-05 23:13:11,043 - werkzeug - INFO - 127.0.0.1 - - [05/May/2025 23:13:11] "GET /api/member-count?api_key=025002 HTTP/1.1" 200 -
2025-05-05 23:13:15,914 - werkzeug - INFO - 127.0.0.1 - - [05/May/2025 23:13:15] "GET / HTTP/1.1" 200 -
2025-05-05 23:13:15,966 - werkzeug - INFO - 127.0.0.1 - - [05/May/2025 23:13:15] "GET /api/bot-status?api_key=025002 HTTP/1.1" 200 -
2025-05-05 23:13:16,006 - werkzeug - INFO - 127.0.0.1 - - [05/May/2025 23:13:16] "GET /api/member-count?api_key=025002 HTTP/1.1" 200 -
2025-05-05 23:13:20,911 - werkzeug - INFO - 127.0.0.1 - - [05/May/2025 23:13:20] "GET / HTTP/1.1" 200 -
2025-05-05 23:13:20,952 - werkzeug - INFO - 127.0.0.1 - - [05/May/2025 23:13:20] "GET /api/bot-status?api_key=025002 HTTP/1.1" 200 -
2025-05-05 23:13:20,980 - werkzeug - INFO - 127.0.0.1 - - [05/May/2025 23:13:20] "GET /api/member-count?api_key=025002 HTTP/1.1" 200 -
2025-05-05 23:13:25,913 - werkzeug - INFO - 127.0.0.1 - - [05/May/2025 23:13:25] "GET / HTTP/1.1" 200 -
2025-05-05 23:13:25,966 - werkzeug - INFO - 127.0.0.1 - - [05/May/2025 23:13:25] "GET /api/bot-status?api_key=025002 HTTP/1.1" 200 -
2025-05-05 23:13:25,999 - werkzeug - INFO - 127.0.0.1 - - [05/May/2025 23:13:25] "GET /api/member-count?api_key=025002 HTTP/1.1" 200 -
2025-05-05 23:13:30,912 - werkzeug - INFO - 127.0.0.1 - - [05/May/2025 23:13:30] "GET / HTTP/1.1" 200 -
2025-05-05 23:13:30,957 - werkzeug - INFO - 127.0.0.1 - - [05/May/2025 23:13:30] "GET /api/bot-status?api_key=025002 HTTP/1.1" 200 -
2025-05-05 23:13:30,994 - werkzeug - INFO - 127.0.0.1 - - [05/May/2025 23:13:30] "GET /api/member-count?api_key=025002 HTTP/1.1" 200 -
2025-05-05 23:13:32,548 - werkzeug - INFO - 127.0.0.1 - - [05/May/2025 23:13:32] "POST /api/hello?api_key=025002&member=234339929159761920&message=Opaa HTTP/1.1" 200 -
2025-05-05 23:13:35,909 - werkzeug - INFO - 127.0.0.1 - - [05/May/2025 23:13:35] "GET / HTTP/1.1" 200 -
2025-05-05 23:13:35,973 - werkzeug - INFO - 127.0.0.1 - - [05/May/2025 23:13:35] "GET /api/bot-status?api_key=025002 HTTP/1.1" 200 -
2025-05-05 23:13:36,005 - werkzeug - INFO - 127.0.0.1 - - [05/May/2025 23:13:36] "GET /api/member-count?api_key=025002 HTTP/1.1" 200 -
2025-05-05 23:13:40,908 - werkzeug - INFO - 127.0.0.1 - - [05/May/2025 23:13:40] "GET / HTTP/1.1" 200 -
2025-05-05 23:13:40,942 - werkzeug - INFO - 127.0.0.1 - - [05/May/2025 23:13:40] "GET /api/bot-status?api_key=025002 HTTP/1.1" 200 -
2025-05-05 23:13:40,966 - werkzeug - INFO - 127.0.0.1 - - [05/May/2025 23:13:40] "GET /api/member-count?api_key=025002 HTTP/1.1" 200 -
2025-05-05 23:13:41,399 - werkzeug - INFO - 127.0.0.1 - - [05/May/2025 23:13:41] "POST /api/hello?api_key=025002&member=234339929159761920&message=Opaa HTTP/1.1" 200 -
2025-05-05 23:13:44,078 - werkzeug - INFO - 127.0.0.1 - - [05/May/2025 23:13:44] "POST /api/hello?api_key=025002&member=234339929159761920&message=Opaa HTTP/1.1" 200 -
2025-05-05 23:13:45,909 - werkzeug - INFO - 127.0.0.1 - - [05/May/2025 23:13:45] "GET / HTTP/1.1" 200 -
2025-05-05 23:13:45,940 - werkzeug - INFO - 127.0.0.1 - - [05/May/2025 23:13:45] "GET /api/bot-status?api_key=025002 HTTP/1.1" 200 -
2025-05-05 23:13:45,967 - werkzeug - INFO - 127.0.0.1 - - [05/May/2025 23:13:45] "GET /api/member-count?api_key=025002 HTTP/1.1" 200 -
2025-05-05 23:13:46,651 - werkzeug - INFO - 127.0.0.1 - - [05/May/2025 23:13:46] "POST /api/hello?api_key=025002&member=234339929159761920&message=Opaa HTTP/1.1" 200 -
2025-05-05 23:13:48,991 - werkzeug - INFO - 127.0.0.1 - - [05/May/2025 23:13:48] "POST /api/hello?api_key=025002&member=234339929159761920&message=Opaa HTTP/1.1" 200 -
2025-05-05 23:13:50,910 - werkzeug - INFO - 127.0.0.1 - - [05/May/2025 23:13:50] "GET / HTTP/1.1" 200 -
2025-05-05 23:13:50,960 - werkzeug - INFO - 127.0.0.1 - - [05/May/2025 23:13:50] "GET /api/bot-status?api_key=025002 HTTP/1.1" 200 -
2025-05-05 23:13:50,992 - werkzeug - INFO - 127.0.0.1 - - [05/May/2025 23:13:50] "GET /api/member-count?api_key=025002 HTTP/1.1" 200 -
2025-05-05 23:13:55,912 - werkzeug - INFO - 127.0.0.1 - - [05/May/2025 23:13:55] "GET / HTTP/1.1" 200 -
2025-05-05 23:13:55,963 - werkzeug - INFO - 127.0.0.1 - - [05/May/2025 23:13:55] "GET /api/bot-status?api_key=025002 HTTP/1.1" 200 -
2025-05-05 23:13:55,998 - werkzeug - INFO - 127.0.0.1 - - [05/May/2025 23:13:55] "GET /api/member-count?api_key=025002 HTTP/1.1" 200 -
2025-05-05 23:14:00,909 - werkzeug - INFO - 127.0.0.1 - - [05/May/2025 23:14:00] "GET / HTTP/1.1" 200 -
2025-05-05 23:14:00,958 - werkzeug - INFO - 127.0.0.1 - - [05/May/2025 23:14:00] "GET /api/bot-status?api_key=025002 HTTP/1.1" 200 -
2025-05-05 23:14:00,994 - werkzeug - INFO - 127.0.0.1 - - [05/May/2025 23:14:00] "GET /api/member-count?api_key=025002 HTTP/1.1" 200 -
2025-05-05 23:14:05,915 - werkzeug - INFO - 127.0.0.1 - - [05/May/2025 23:14:05] "GET / HTTP/1.1" 200 -
2025-05-05 23:14:05,972 - werkzeug - INFO - 127.0.0.1 - - [05/May/2025 23:14:05] "GET /api/bot-status?api_key=025002 HTTP/1.1" 200 -
2025-05-05 23:14:06,007 - werkzeug - INFO - 127.0.0.1 - - [05/May/2025 23:14:06] "GET /api/member-count?api_key=025002 HTTP/1.1" 200 -
2025-05-05 23:14:10,913 - werkzeug - INFO - 127.0.0.1 - - [05/May/2025 23:14:10] "GET / HTTP/1.1" 200 -
2025-05-05 23:14:10,966 - werkzeug - INFO - 127.0.0.1 - - [05/May/2025 23:14:10] "GET /api/bot-status?api_key=025002 HTTP/1.1" 200 -
2025-05-05 23:14:11,000 - werkzeug - INFO - 127.0.0.1 - - [05/May/2025 23:14:11] "GET /api/member-count?api_key=025002 HTTP/1.1" 200 -
2025-05-05 23:14:15,916 - werkzeug - INFO - 127.0.0.1 - - [05/May/2025 23:14:15] "GET / HTTP/1.1" 200 -
2025-05-05 23:14:15,980 - werkzeug - INFO - 127.0.0.1 - - [05/May/2025 23:14:15] "GET /api/bot-status?api_key=025002 HTTP/1.1" 200 -
2025-05-05 23:14:16,016 - werkzeug - INFO - 127.0.0.1 - - [05/May/2025 23:14:16] "GET /api/member-count?api_key=025002 HTTP/1.1" 200 -
2025-05-05 23:14:20,913 - werkzeug - INFO - 127.0.0.1 - - [05/May/2025 23:14:20] "GET / HTTP/1.1" 200 -
2025-05-05 23:14:20,965 - werkzeug - INFO - 127.0.0.1 - - [05/May/2025 23:14:20] "GET /api/bot-status?api_key=025002 HTTP/1.1" 200 -
2025-05-05 23:14:21,002 - werkzeug - INFO - 127.0.0.1 - - [05/May/2025 23:14:21] "GET /api/member-count?api_key=025002 HTTP/1.1" 200 -
2025-05-05 23:14:25,911 - werkzeug - INFO - 127.0.0.1 - - [05/May/2025 23:14:25] "GET / HTTP/1.1" 200 -
2025-05-05 23:14:25,957 - werkzeug - INFO - 127.0.0.1 - - [05/May/2025 23:14:25] "GET /api/bot-status?api_key=025002 HTTP/1.1" 200 -
2025-05-05 23:14:25,992 - werkzeug - INFO - 127.0.0.1 - - [05/May/2025 23:14:25] "GET /api/member-count?api_key=025002 HTTP/1.1" 200 -
2025-05-05 23:14:30,912 - werkzeug - INFO - 127.0.0.1 - - [05/May/2025 23:14:30] "GET / HTTP/1.1" 200 -
2025-05-05 23:14:30,963 - werkzeug - INFO - 127.0.0.1 - - [05/May/2025 23:14:30] "GET /api/bot-status?api_key=025002 HTTP/1.1" 200 -
2025-05-05 23:14:30,999 - werkzeug - INFO - 127.0.0.1 - - [05/May/2025 23:14:30] "GET /api/member-count?api_key=025002 HTTP/1.1" 200 -
2025-05-05 23:14:35,914 - werkzeug - INFO - 127.0.0.1 - - [05/May/2025 23:14:35] "GET / HTTP/1.1" 200 -
2025-05-05 23:14:35,967 - werkzeug - INFO - 127.0.0.1 - - [05/May/2025 23:14:35] "GET /api/bot-status?api_key=025002 HTTP/1.1" 200 -
2025-05-05 23:14:36,002 - werkzeug - INFO - 127.0.0.1 - - [05/May/2025 23:14:36] "GET /api/member-count?api_key=025002 HTTP/1.1" 200 -
2025-05-05 23:14:40,915 - werkzeug - INFO - 127.0.0.1 - - [05/May/2025 23:14:40] "GET / HTTP/1.1" 200 -
2025-05-05 23:14:40,965 - werkzeug - INFO - 127.0.0.1 - - [05/May/2025 23:14:40] "GET /api/bot-status?api_key=025002 HTTP/1.1" 200 -
2025-05-05 23:14:40,995 - werkzeug - INFO - 127.0.0.1 - - [05/May/2025 23:14:40] "GET /api/member-count?api_key=025002 HTTP/1.1" 200 -
2025-05-05 23:14:45,911 - werkzeug - INFO - 127.0.0.1 - - [05/May/2025 23:14:45] "GET / HTTP/1.1" 200 -
2025-05-05 23:14:45,962 - werkzeug - INFO - 127.0.0.1 - - [05/May/2025 23:14:45] "GET /api/bot-status?api_key=025002 HTTP/1.1" 200 -
2025-05-05 23:14:45,999 - werkzeug - INFO - 127.0.0.1 - - [05/May/2025 23:14:45] "GET /api/member-count?api_key=025002 HTTP/1.1" 200 -
2025-05-05 23:14:50,906 - werkzeug - INFO - 127.0.0.1 - - [05/May/2025 23:14:50] "GET / HTTP/1.1" 200 -
2025-05-05 23:14:50,953 - werkzeug - INFO - 127.0.0.1 - - [05/May/2025 23:14:50] "GET /api/bot-status?api_key=025002 HTTP/1.1" 200 -
2025-05-05 23:14:50,981 - werkzeug - INFO - 127.0.0.1 - - [05/May/2025 23:14:50] "GET /api/member-count?api_key=025002 HTTP/1.1" 200 -
2025-05-05 23:14:55,912 - werkzeug - INFO - 127.0.0.1 - - [05/May/2025 23:14:55] "GET / HTTP/1.1" 200 -
2025-05-05 23:14:55,962 - werkzeug - INFO - 127.0.0.1 - - [05/May/2025 23:14:55] "GET /api/bot-status?api_key=025002 HTTP/1.1" 200 -
2025-05-05 23:14:55,995 - werkzeug - INFO - 127.0.0.1 - - [05/May/2025 23:14:55] "GET /api/member-count?api_key=025002 HTTP/1.1" 200 -
2025-05-05 23:15:00,904 - werkzeug - INFO - 127.0.0.1 - - [05/May/2025 23:15:00] "GET / HTTP/1.1" 200 -
2025-05-05 23:15:00,944 - werkzeug - INFO - 127.0.0.1 - - [05/May/2025 23:15:00] "GET /api/bot-status?api_key=025002 HTTP/1.1" 200 -
2025-05-05 23:15:00,969 - werkzeug - INFO - 127.0.0.1 - - [05/May/2025 23:15:00] "GET /api/member-count?api_key=025002 HTTP/1.1" 200 -
2025-05-05 23:15:05,912 - werkzeug - INFO - 127.0.0.1 - - [05/May/2025 23:15:05] "GET / HTTP/1.1" 200 -
2025-05-05 23:15:05,961 - werkzeug - INFO - 127.0.0.1 - - [05/May/2025 23:15:05] "GET /api/bot-status?api_key=025002 HTTP/1.1" 200 -
2025-05-05 23:15:05,995 - werkzeug - INFO - 127.0.0.1 - - [05/May/2025 23:15:05] "GET /api/member-count?api_key=025002 HTTP/1.1" 200 -
2025-05-05 23:15:10,912 - werkzeug - INFO - 127.0.0.1 - - [05/May/2025 23:15:10] "GET / HTTP/1.1" 200 -
2025-05-05 23:15:10,963 - werkzeug - INFO - 127.0.0.1 - - [05/May/2025 23:15:10] "GET /api/bot-status?api_key=025002 HTTP/1.1" 200 -
2025-05-05 23:15:10,991 - werkzeug - INFO - 127.0.0.1 - - [05/May/2025 23:15:10] "GET /api/member-count?api_key=025002 HTTP/1.1" 200 -
2025-05-05 23:15:15,909 - werkzeug - INFO - 127.0.0.1 - - [05/May/2025 23:15:15] "GET / HTTP/1.1" 200 -
2025-05-05 23:15:15,957 - werkzeug - INFO - 127.0.0.1 - - [05/May/2025 23:15:15] "GET /api/bot-status?api_key=025002 HTTP/1.1" 200 -
2025-05-05 23:15:15,992 - werkzeug - INFO - 127.0.0.1 - - [05/May/2025 23:15:15] "GET /api/member-count?api_key=025002 HTTP/1.1" 200 -
2025-05-05 23:15:20,913 - werkzeug - INFO - 127.0.0.1 - - [05/May/2025 23:15:20] "GET / HTTP/1.1" 200 -
2025-05-05 23:15:20,964 - werkzeug - INFO - 127.0.0.1 - - [05/May/2025 23:15:20] "GET /api/bot-status?api_key=025002 HTTP/1.1" 200 -
2025-05-05 23:15:20,999 - werkzeug - INFO - 127.0.0.1 - - [05/May/2025 23:15:20] "GET /api/member-count?api_key=025002 HTTP/1.1" 200 -
2025-05-05 23:15:25,908 - werkzeug - INFO - 127.0.0.1 - - [05/May/2025 23:15:25] "GET / HTTP/1.1" 200 -
2025-05-05 23:15:25,957 - werkzeug - INFO - 127.0.0.1 - - [05/May/2025 23:15:25] "GET /api/bot-status?api_key=025002 HTTP/1.1" 200 -
2025-05-05 23:15:25,992 - werkzeug - INFO - 127.0.0.1 - - [05/May/2025 23:15:25] "GET /api/member-count?api_key=025002 HTTP/1.1" 200 -
2025-05-05 23:15:30,912 - werkzeug - INFO - 127.0.0.1 - - [05/May/2025 23:15:30] "GET / HTTP/1.1" 200 -
2025-05-05 23:15:30,963 - werkzeug - INFO - 127.0.0.1 - - [05/May/2025 23:15:30] "GET /api/bot-status?api_key=025002 HTTP/1.1" 200 -
2025-05-05 23:15:31,000 - werkzeug - INFO - 127.0.0.1 - - [05/May/2025 23:15:30] "GET /api/member-count?api_key=025002 HTTP/1.1" 200 -
2025-05-05 23:15:35,908 - werkzeug - INFO - 127.0.0.1 - - [05/May/2025 23:15:35] "GET / HTTP/1.1" 200 -
2025-05-05 23:15:35,943 - werkzeug - INFO - 127.0.0.1 - - [05/May/2025 23:15:35] "GET /api/bot-status?api_key=025002 HTTP/1.1" 200 -
2025-05-05 23:15:35,968 - werkzeug - INFO - 127.0.0.1 - - [05/May/2025 23:15:35] "GET /api/member-count?api_key=025002 HTTP/1.1" 200 -
2025-05-05 23:15:40,913 - werkzeug - INFO - 127.0.0.1 - - [05/May/2025 23:15:40] "GET / HTTP/1.1" 200 -
2025-05-05 23:15:40,964 - werkzeug - INFO - 127.0.0.1 - - [05/May/2025 23:15:40] "GET /api/bot-status?api_key=025002 HTTP/1.1" 200 -
2025-05-05 23:15:40,998 - werkzeug - INFO - 127.0.0.1 - - [05/May/2025 23:15:40] "GET /api/member-count?api_key=025002 HTTP/1.1" 200 -
2025-05-05 23:15:45,913 - werkzeug - INFO - 127.0.0.1 - - [05/May/2025 23:15:45] "GET / HTTP/1.1" 200 -
2025-05-05 23:15:45,973 - werkzeug - INFO - 127.0.0.1 - - [05/May/2025 23:15:45] "GET /api/bot-status?api_key=025002 HTTP/1.1" 200 -
2025-05-05 23:15:46,010 - werkzeug - INFO - 127.0.0.1 - - [05/May/2025 23:15:46] "GET /api/member-count?api_key=025002 HTTP/1.1" 200 -
2025-05-05 23:15:50,908 - werkzeug - INFO - 127.0.0.1 - - [05/May/2025 23:15:50] "GET / HTTP/1.1" 200 -
2025-05-05 23:15:50,951 - werkzeug - INFO - 127.0.0.1 - - [05/May/2025 23:15:50] "GET /api/bot-status?api_key=025002 HTTP/1.1" 200 -
2025-05-05 23:15:50,986 - werkzeug - INFO - 127.0.0.1 - - [05/May/2025 23:15:50] "GET /api/member-count?api_key=025002 HTTP/1.1" 200 -
2025-05-05 23:15:55,913 - werkzeug - INFO - 127.0.0.1 - - [05/May/2025 23:15:55] "GET / HTTP/1.1" 200 -
2025-05-05 23:15:55,964 - werkzeug - INFO - 127.0.0.1 - - [05/May/2025 23:15:55] "GET /api/bot-status?api_key=025002 HTTP/1.1" 200 -
2025-05-05 23:15:55,998 - werkzeug - INFO - 127.0.0.1 - - [05/May/2025 23:15:55] "GET /api/member-count?api_key=025002 HTTP/1.1" 200 -
2025-05-05 23:16:00,911 - werkzeug - INFO - 127.0.0.1 - - [05/May/2025 23:16:00] "GET / HTTP/1.1" 200 -
2025-05-05 23:16:00,963 - werkzeug - INFO - 127.0.0.1 - - [05/May/2025 23:16:00] "GET /api/bot-status?api_key=025002 HTTP/1.1" 200 -
2025-05-05 23:16:00,999 - werkzeug - INFO - 127.0.0.1 - - [05/May/2025 23:16:00] "GET /api/member-count?api_key=025002 HTTP/1.1" 200 -
2025-05-05 23:16:05,913 - werkzeug - INFO - 127.0.0.1 - - [05/May/2025 23:16:05] "GET / HTTP/1.1" 200 -
2025-05-05 23:16:05,965 - werkzeug - INFO - 127.0.0.1 - - [05/May/2025 23:16:05] "GET /api/bot-status?api_key=025002 HTTP/1.1" 200 -
2025-05-05 23:16:05,997 - werkzeug - INFO - 127.0.0.1 - - [05/May/2025 23:16:05] "GET /api/member-count?api_key=025002 HTTP/1.1" 200 -
2025-05-05 23:16:10,914 - werkzeug - INFO - 127.0.0.1 - - [05/May/2025 23:16:10] "GET / HTTP/1.1" 200 -
2025-05-05 23:16:10,964 - werkzeug - INFO - 127.0.0.1 - - [05/May/2025 23:16:10] "GET /api/bot-status?api_key=025002 HTTP/1.1" 200 -
2025-05-05 23:16:10,996 - werkzeug - INFO - 127.0.0.1 - - [05/May/2025 23:16:10] "GET /api/member-count?api_key=025002 HTTP/1.1" 200 -
2025-05-05 23:16:15,911 - werkzeug - INFO - 127.0.0.1 - - [05/May/2025 23:16:15] "GET / HTTP/1.1" 200 -
2025-05-05 23:16:15,981 - werkzeug - INFO - 127.0.0.1 - - [05/May/2025 23:16:15] "GET /api/bot-status?api_key=025002 HTTP/1.1" 200 -
2025-05-05 23:16:16,023 - werkzeug - INFO - 127.0.0.1 - - [05/May/2025 23:16:16] "GET /api/member-count?api_key=025002 HTTP/1.1" 200 -
2025-05-05 23:16:20,913 - werkzeug - INFO - 127.0.0.1 - - [05/May/2025 23:16:20] "GET / HTTP/1.1" 200 -
2025-05-05 23:16:20,964 - werkzeug - INFO - 127.0.0.1 - - [05/May/2025 23:16:20] "GET /api/bot-status?api_key=025002 HTTP/1.1" 200 -
2025-05-05 23:16:20,999 - werkzeug - INFO - 127.0.0.1 - - [05/May/2025 23:16:20] "GET /api/member-count?api_key=025002 HTTP/1.1" 200 -
2025-05-05 23:16:25,917 - werkzeug - INFO - 127.0.0.1 - - [05/May/2025 23:16:25] "GET / HTTP/1.1" 200 -
2025-05-05 23:16:25,960 - werkzeug - INFO - 127.0.0.1 - - [05/May/2025 23:16:25] "GET /api/bot-status?api_key=025002 HTTP/1.1" 200 -
2025-05-05 23:16:25,990 - werkzeug - INFO - 127.0.0.1 - - [05/May/2025 23:16:25] "GET /api/member-count?api_key=025002 HTTP/1.1" 200 -
2025-05-05 23:16:30,910 - werkzeug - INFO - 127.0.0.1 - - [05/May/2025 23:16:30] "GET / HTTP/1.1" 200 -
2025-05-05 23:16:30,969 - werkzeug - INFO - 127.0.0.1 - - [05/May/2025 23:16:30] "GET /api/bot-status?api_key=025002 HTTP/1.1" 200 -
2025-05-05 23:16:31,006 - werkzeug - INFO - 127.0.0.1 - - [05/May/2025 23:16:31] "GET /api/member-count?api_key=025002 HTTP/1.1" 200 -
2025-05-05 23:16:35,910 - werkzeug - INFO - 127.0.0.1 - - [05/May/2025 23:16:35] "GET / HTTP/1.1" 200 -
2025-05-05 23:16:35,946 - werkzeug - INFO - 127.0.0.1 - - [05/May/2025 23:16:35] "GET /api/bot-status?api_key=025002 HTTP/1.1" 200 -
2025-05-05 23:16:35,973 - werkzeug - INFO - 127.0.0.1 - - [05/May/2025 23:16:35] "GET /api/member-count?api_key=025002 HTTP/1.1" 200 -
2025-05-05 23:16:40,909 - werkzeug - INFO - 127.0.0.1 - - [05/May/2025 23:16:40] "GET / HTTP/1.1" 200 -
2025-05-05 23:16:40,948 - werkzeug - INFO - 127.0.0.1 - - [05/May/2025 23:16:40] "GET /api/bot-status?api_key=025002 HTTP/1.1" 200 -
2025-05-05 23:16:40,984 - werkzeug - INFO - 127.0.0.1 - - [05/May/2025 23:16:40] "GET /api/member-count?api_key=025002 HTTP/1.1" 200 -
2025-05-05 23:16:45,910 - werkzeug - INFO - 127.0.0.1 - - [05/May/2025 23:16:45] "GET / HTTP/1.1" 200 -
2025-05-05 23:16:45,947 - werkzeug - INFO - 127.0.0.1 - - [05/May/2025 23:16:45] "GET /api/bot-status?api_key=025002 HTTP/1.1" 200 -
2025-05-05 23:16:45,977 - werkzeug - INFO - 127.0.0.1 - - [05/May/2025 23:16:45] "GET /api/member-count?api_key=025002 HTTP/1.1" 200 -
2025-05-05 23:16:50,907 - werkzeug - INFO - 127.0.0.1 - - [05/May/2025 23:16:50] "GET / HTTP/1.1" 200 -
2025-05-05 23:16:50,948 - werkzeug - INFO - 127.0.0.1 - - [05/May/2025 23:16:50] "GET /api/bot-status?api_key=025002 HTTP/1.1" 200 -
2025-05-05 23:16:50,982 - werkzeug - INFO - 127.0.0.1 - - [05/May/2025 23:16:50] "GET /api/member-count?api_key=025002 HTTP/1.1" 200 -
2025-05-05 23:16:55,911 - werkzeug - INFO - 127.0.0.1 - - [05/May/2025 23:16:55] "GET / HTTP/1.1" 200 -
2025-05-05 23:16:55,947 - werkzeug - INFO - 127.0.0.1 - - [05/May/2025 23:16:55] "GET /api/bot-status?api_key=025002 HTTP/1.1" 200 -
2025-05-05 23:16:55,981 - werkzeug - INFO - 127.0.0.1 - - [05/May/2025 23:16:55] "GET /api/member-count?api_key=025002 HTTP/1.1" 200 -
2025-05-05 23:17:00,910 - werkzeug - INFO - 127.0.0.1 - - [05/May/2025 23:17:00] "GET / HTTP/1.1" 200 -
2025-05-05 23:17:00,962 - werkzeug - INFO - 127.0.0.1 - - [05/May/2025 23:17:00] "GET /api/bot-status?api_key=025002 HTTP/1.1" 200 -
2025-05-05 23:17:01,002 - werkzeug - INFO - 127.0.0.1 - - [05/May/2025 23:17:01] "GET /api/member-count?api_key=025002 HTTP/1.1" 200 -
2025-05-05 23:17:05,935 - werkzeug - INFO - 127.0.0.1 - - [05/May/2025 23:17:05] "GET / HTTP/1.1" 200 -
2025-05-05 23:17:05,976 - werkzeug - INFO - 127.0.0.1 - - [05/May/2025 23:17:05] "GET /api/bot-status?api_key=025002 HTTP/1.1" 200 -
2025-05-05 23:17:06,003 - werkzeug - INFO - 127.0.0.1 - - [05/May/2025 23:17:06] "GET /api/member-count?api_key=025002 HTTP/1.1" 200 -
2025-05-05 23:17:10,909 - werkzeug - INFO - 127.0.0.1 - - [05/May/2025 23:17:10] "GET / HTTP/1.1" 200 -
2025-05-05 23:17:10,963 - werkzeug - INFO - 127.0.0.1 - - [05/May/2025 23:17:10] "GET /api/bot-status?api_key=025002 HTTP/1.1" 200 -
2025-05-05 23:17:11,000 - werkzeug - INFO - 127.0.0.1 - - [05/May/2025 23:17:11] "GET /api/member-count?api_key=025002 HTTP/1.1" 200 -
2025-05-05 23:17:15,908 - werkzeug - INFO - 127.0.0.1 - - [05/May/2025 23:17:15] "GET / HTTP/1.1" 200 -
2025-05-05 23:17:15,953 - werkzeug - INFO - 127.0.0.1 - - [05/May/2025 23:17:15] "GET /api/bot-status?api_key=025002 HTTP/1.1" 200 -
2025-05-05 23:17:15,984 - werkzeug - INFO - 127.0.0.1 - - [05/May/2025 23:17:15] "GET /api/member-count?api_key=025002 HTTP/1.1" 200 -
2025-05-05 23:17:20,907 - werkzeug - INFO - 127.0.0.1 - - [05/May/2025 23:17:20] "GET / HTTP/1.1" 200 -
2025-05-05 23:17:20,959 - werkzeug - INFO - 127.0.0.1 - - [05/May/2025 23:17:20] "GET /api/bot-status?api_key=025002 HTTP/1.1" 200 -
2025-05-05 23:17:20,992 - werkzeug - INFO - 127.0.0.1 - - [05/May/2025 23:17:20] "GET /api/member-count?api_key=025002 HTTP/1.1" 200 -
2025-05-05 23:17:25,910 - werkzeug - INFO - 127.0.0.1 - - [05/May/2025 23:17:25] "GET / HTTP/1.1" 200 -
2025-05-05 23:17:25,948 - werkzeug - INFO - 127.0.0.1 - - [05/May/2025 23:17:25] "GET /api/bot-status?api_key=025002 HTTP/1.1" 200 -
2025-05-05 23:17:25,970 - werkzeug - INFO - 127.0.0.1 - - [05/May/2025 23:17:25] "GET /api/member-count?api_key=025002 HTTP/1.1" 200 -
2025-05-05 23:17:30,914 - werkzeug - INFO - 127.0.0.1 - - [05/May/2025 23:17:30] "GET / HTTP/1.1" 200 -
2025-05-05 23:17:30,954 - werkzeug - INFO - 127.0.0.1 - - [05/May/2025 23:17:30] "GET /api/bot-status?api_key=025002 HTTP/1.1" 200 -
2025-05-05 23:17:30,981 - werkzeug - INFO - 127.0.0.1 - - [05/May/2025 23:17:30] "GET /api/member-count?api_key=025002 HTTP/1.1" 200 -
2025-05-05 23:17:35,914 - werkzeug - INFO - 127.0.0.1 - - [05/May/2025 23:17:35] "GET / HTTP/1.1" 200 -
2025-05-05 23:17:35,961 - werkzeug - INFO - 127.0.0.1 - - [05/May/2025 23:17:35] "GET /api/bot-status?api_key=025002 HTTP/1.1" 200 -
2025-05-05 23:17:35,991 - werkzeug - INFO - 127.0.0.1 - - [05/May/2025 23:17:35] "GET /api/member-count?api_key=025002 HTTP/1.1" 200 -
2025-05-05 23:17:40,909 - werkzeug - INFO - 127.0.0.1 - - [05/May/2025 23:17:40] "GET / HTTP/1.1" 200 -
2025-05-05 23:17:40,949 - werkzeug - INFO - 127.0.0.1 - - [05/May/2025 23:17:40] "GET /api/bot-status?api_key=025002 HTTP/1.1" 200 -
2025-05-05 23:17:40,982 - werkzeug - INFO - 127.0.0.1 - - [05/May/2025 23:17:40] "GET /api/member-count?api_key=025002 HTTP/1.1" 200 -
2025-05-05 23:17:45,911 - werkzeug - INFO - 127.0.0.1 - - [05/May/2025 23:17:45] "GET / HTTP/1.1" 200 -
2025-05-05 23:17:45,973 - werkzeug - INFO - 127.0.0.1 - - [05/May/2025 23:17:45] "GET /api/bot-status?api_key=025002 HTTP/1.1" 200 -
2025-05-05 23:17:46,012 - werkzeug - INFO - 127.0.0.1 - - [05/May/2025 23:17:46] "GET /api/member-count?api_key=025002 HTTP/1.1" 200 -
2025-05-05 23:17:50,914 - werkzeug - INFO - 127.0.0.1 - - [05/May/2025 23:17:50] "GET / HTTP/1.1" 200 -
2025-05-05 23:17:50,970 - werkzeug - INFO - 127.0.0.1 - - [05/May/2025 23:17:50] "GET /api/bot-status?api_key=025002 HTTP/1.1" 200 -
2025-05-05 23:17:51,003 - werkzeug - INFO - 127.0.0.1 - - [05/May/2025 23:17:51] "GET /api/member-count?api_key=025002 HTTP/1.1" 200 -
2025-05-05 23:17:55,908 - werkzeug - INFO - 127.0.0.1 - - [05/May/2025 23:17:55] "GET / HTTP/1.1" 200 -
2025-05-05 23:17:55,942 - werkzeug - INFO - 127.0.0.1 - - [05/May/2025 23:17:55] "GET /api/bot-status?api_key=025002 HTTP/1.1" 200 -
2025-05-05 23:17:55,973 - werkzeug - INFO - 127.0.0.1 - - [05/May/2025 23:17:55] "GET /api/member-count?api_key=025002 HTTP/1.1" 200 -
2025-05-05 23:18:00,913 - werkzeug - INFO - 127.0.0.1 - - [05/May/2025 23:18:00] "GET / HTTP/1.1" 200 -
2025-05-05 23:18:00,967 - werkzeug - INFO - 127.0.0.1 - - [05/May/2025 23:18:00] "GET /api/bot-status?api_key=025002 HTTP/1.1" 200 -
2025-05-05 23:18:01,000 - werkzeug - INFO - 127.0.0.1 - - [05/May/2025 23:18:01] "GET /api/member-count?api_key=025002 HTTP/1.1" 200 -
2025-05-05 23:18:05,914 - werkzeug - INFO - 127.0.0.1 - - [05/May/2025 23:18:05] "GET / HTTP/1.1" 200 -
2025-05-05 23:18:05,968 - werkzeug - INFO - 127.0.0.1 - - [05/May/2025 23:18:05] "GET /api/bot-status?api_key=025002 HTTP/1.1" 200 -
2025-05-05 23:18:06,005 - werkzeug - INFO - 127.0.0.1 - - [05/May/2025 23:18:06] "GET /api/member-count?api_key=025002 HTTP/1.1" 200 -
2025-05-05 23:18:10,913 - werkzeug - INFO - 127.0.0.1 - - [05/May/2025 23:18:10] "GET / HTTP/1.1" 200 -
2025-05-05 23:18:10,964 - werkzeug - INFO - 127.0.0.1 - - [05/May/2025 23:18:10] "GET /api/bot-status?api_key=025002 HTTP/1.1" 200 -
2025-05-05 23:18:10,998 - werkzeug - INFO - 127.0.0.1 - - [05/May/2025 23:18:10] "GET /api/member-count?api_key=025002 HTTP/1.1" 200 -
2025-05-05 23:18:15,913 - werkzeug - INFO - 127.0.0.1 - - [05/May/2025 23:18:15] "GET / HTTP/1.1" 200 -
2025-05-05 23:18:15,969 - werkzeug - INFO - 127.0.0.1 - - [05/May/2025 23:18:15] "GET /api/bot-status?api_key=025002 HTTP/1.1" 200 -
2025-05-05 23:18:16,007 - werkzeug - INFO - 127.0.0.1 - - [05/May/2025 23:18:16] "GET /api/member-count?api_key=025002 HTTP/1.1" 200 -
2025-05-05 23:18:20,914 - werkzeug - INFO - 127.0.0.1 - - [05/May/2025 23:18:20] "GET / HTTP/1.1" 200 -
2025-05-05 23:18:20,966 - werkzeug - INFO - 127.0.0.1 - - [05/May/2025 23:18:20] "GET /api/bot-status?api_key=025002 HTTP/1.1" 200 -
2025-05-05 23:18:21,001 - werkzeug - INFO - 127.0.0.1 - - [05/May/2025 23:18:21] "GET /api/member-count?api_key=025002 HTTP/1.1" 200 -
2025-05-05 23:18:25,913 - werkzeug - INFO - 127.0.0.1 - - [05/May/2025 23:18:25] "GET / HTTP/1.1" 200 -
2025-05-05 23:18:25,959 - werkzeug - INFO - 127.0.0.1 - - [05/May/2025 23:18:25] "GET /api/bot-status?api_key=025002 HTTP/1.1" 200 -
2025-05-05 23:18:25,992 - werkzeug - INFO - 127.0.0.1 - - [05/May/2025 23:18:25] "GET /api/member-count?api_key=025002 HTTP/1.1" 200 -
2025-05-05 23:18:30,911 - werkzeug - INFO - 127.0.0.1 - - [05/May/2025 23:18:30] "GET / HTTP/1.1" 200 -
2025-05-05 23:18:30,964 - werkzeug - INFO - 127.0.0.1 - - [05/May/2025 23:18:30] "GET /api/bot-status?api_key=025002 HTTP/1.1" 200 -
2025-05-05 23:18:30,996 - werkzeug - INFO - 127.0.0.1 - - [05/May/2025 23:18:30] "GET /api/member-count?api_key=025002 HTTP/1.1" 200 -
2025-05-05 23:18:35,911 - werkzeug - INFO - 127.0.0.1 - - [05/May/2025 23:18:35] "GET / HTTP/1.1" 200 -
2025-05-05 23:18:35,960 - werkzeug - INFO - 127.0.0.1 - - [05/May/2025 23:18:35] "GET /api/bot-status?api_key=025002 HTTP/1.1" 200 -
2025-05-05 23:18:35,996 - werkzeug - INFO - 127.0.0.1 - - [05/May/2025 23:18:35] "GET /api/member-count?api_key=025002 HTTP/1.1" 200 -
2025-05-05 23:18:40,909 - werkzeug - INFO - 127.0.0.1 - - [05/May/2025 23:18:40] "GET / HTTP/1.1" 200 -
2025-05-05 23:18:40,951 - werkzeug - INFO - 127.0.0.1 - - [05/May/2025 23:18:40] "GET /api/bot-status?api_key=025002 HTTP/1.1" 200 -
2025-05-05 23:18:40,982 - werkzeug - INFO - 127.0.0.1 - - [05/May/2025 23:18:40] "GET /api/member-count?api_key=025002 HTTP/1.1" 200 -
2025-05-05 23:18:45,913 - werkzeug - INFO - 127.0.0.1 - - [05/May/2025 23:18:45] "GET / HTTP/1.1" 200 -
2025-05-05 23:18:45,956 - werkzeug - INFO - 127.0.0.1 - - [05/May/2025 23:18:45] "GET /api/bot-status?api_key=025002 HTTP/1.1" 200 -
2025-05-05 23:18:45,994 - werkzeug - INFO - 127.0.0.1 - - [05/May/2025 23:18:45] "GET /api/member-count?api_key=025002 HTTP/1.1" 200 -
2025-05-05 23:18:50,912 - werkzeug - INFO - 127.0.0.1 - - [05/May/2025 23:18:50] "GET / HTTP/1.1" 200 -
2025-05-05 23:18:50,979 - werkzeug - INFO - 127.0.0.1 - - [05/May/2025 23:18:50] "GET /api/bot-status?api_key=025002 HTTP/1.1" 200 -
2025-05-05 23:18:51,012 - werkzeug - INFO - 127.0.0.1 - - [05/May/2025 23:18:51] "GET /api/member-count?api_key=025002 HTTP/1.1" 200 -
2025-05-05 23:18:55,903 - werkzeug - INFO - 127.0.0.1 - - [05/May/2025 23:18:55] "GET / HTTP/1.1" 200 -
2025-05-05 23:18:55,932 - werkzeug - INFO - 127.0.0.1 - - [05/May/2025 23:18:55] "GET /api/bot-status?api_key=025002 HTTP/1.1" 200 -
2025-05-05 23:18:55,979 - werkzeug - INFO - 127.0.0.1 - - [05/May/2025 23:18:55] "GET /api/member-count?api_key=025002 HTTP/1.1" 200 -
2025-05-05 23:19:00,913 - werkzeug - INFO - 127.0.0.1 - - [05/May/2025 23:19:00] "GET / HTTP/1.1" 200 -
2025-05-05 23:19:00,964 - werkzeug - INFO - 127.0.0.1 - - [05/May/2025 23:19:00] "GET /api/bot-status?api_key=025002 HTTP/1.1" 200 -
2025-05-05 23:19:01,000 - werkzeug - INFO - 127.0.0.1 - - [05/May/2025 23:19:01] "GET /api/member-count?api_key=025002 HTTP/1.1" 200 -
2025-05-05 23:19:05,904 - werkzeug - INFO - 127.0.0.1 - - [05/May/2025 23:19:05] "GET / HTTP/1.1" 200 -
2025-05-05 23:19:05,941 - werkzeug - INFO - 127.0.0.1 - - [05/May/2025 23:19:05] "GET /api/bot-status?api_key=025002 HTTP/1.1" 200 -
2025-05-05 23:19:05,969 - werkzeug - INFO - 127.0.0.1 - - [05/May/2025 23:19:05] "GET /api/member-count?api_key=025002 HTTP/1.1" 200 -
2025-05-05 23:19:10,913 - werkzeug - INFO - 127.0.0.1 - - [05/May/2025 23:19:10] "GET / HTTP/1.1" 200 -
2025-05-05 23:19:10,965 - werkzeug - INFO - 127.0.0.1 - - [05/May/2025 23:19:10] "GET /api/bot-status?api_key=025002 HTTP/1.1" 200 -
2025-05-05 23:19:10,994 - werkzeug - INFO - 127.0.0.1 - - [05/May/2025 23:19:10] "GET /api/member-count?api_key=025002 HTTP/1.1" 200 -
2025-05-05 23:19:15,918 - werkzeug - INFO - 127.0.0.1 - - [05/May/2025 23:19:15] "GET / HTTP/1.1" 200 -
2025-05-05 23:19:15,962 - werkzeug - INFO - 127.0.0.1 - - [05/May/2025 23:19:15] "GET /api/bot-status?api_key=025002 HTTP/1.1" 200 -
2025-05-05 23:19:16,000 - werkzeug - INFO - 127.0.0.1 - - [05/May/2025 23:19:15] "GET /api/member-count?api_key=025002 HTTP/1.1" 200 -
2025-05-05 23:19:20,915 - werkzeug - INFO - 127.0.0.1 - - [05/May/2025 23:19:20] "GET / HTTP/1.1" 200 -
2025-05-05 23:19:20,954 - werkzeug - INFO - 127.0.0.1 - - [05/May/2025 23:19:20] "GET /api/bot-status?api_key=025002 HTTP/1.1" 200 -
2025-05-05 23:19:20,985 - werkzeug - INFO - 127.0.0.1 - - [05/May/2025 23:19:20] "GET /api/member-count?api_key=025002 HTTP/1.1" 200 -
2025-05-05 23:19:25,914 - werkzeug - INFO - 127.0.0.1 - - [05/May/2025 23:19:25] "GET / HTTP/1.1" 200 -
2025-05-05 23:19:25,965 - werkzeug - INFO - 127.0.0.1 - - [05/May/2025 23:19:25] "GET /api/bot-status?api_key=025002 HTTP/1.1" 200 -
2025-05-05 23:19:25,998 - werkzeug - INFO - 127.0.0.1 - - [05/May/2025 23:19:25] "GET /api/member-count?api_key=025002 HTTP/1.1" 200 -
2025-05-05 23:19:30,913 - werkzeug - INFO - 127.0.0.1 - - [05/May/2025 23:19:30] "GET / HTTP/1.1" 200 -
2025-05-05 23:19:30,967 - werkzeug - INFO - 127.0.0.1 - - [05/May/2025 23:19:30] "GET /api/bot-status?api_key=025002 HTTP/1.1" 200 -
2025-05-05 23:19:31,001 - werkzeug - INFO - 127.0.0.1 - - [05/May/2025 23:19:31] "GET /api/member-count?api_key=025002 HTTP/1.1" 200 -
2025-05-05 23:19:35,912 - werkzeug - INFO - 127.0.0.1 - - [05/May/2025 23:19:35] "GET / HTTP/1.1" 200 -
2025-05-05 23:19:35,964 - werkzeug - INFO - 127.0.0.1 - - [05/May/2025 23:19:35] "GET /api/bot-status?api_key=025002 HTTP/1.1" 200 -
2025-05-05 23:19:35,998 - werkzeug - INFO - 127.0.0.1 - - [05/May/2025 23:19:35] "GET /api/member-count?api_key=025002 HTTP/1.1" 200 -
2025-05-05 23:19:40,910 - werkzeug - INFO - 127.0.0.1 - - [05/May/2025 23:19:40] "GET / HTTP/1.1" 200 -
2025-05-05 23:19:40,952 - werkzeug - INFO - 127.0.0.1 - - [05/May/2025 23:19:40] "GET /api/bot-status?api_key=025002 HTTP/1.1" 200 -
2025-05-05 23:19:40,984 - werkzeug - INFO - 127.0.0.1 - - [05/May/2025 23:19:40] "GET /api/member-count?api_key=025002 HTTP/1.1" 200 -
2025-05-05 23:19:45,912 - werkzeug - INFO - 127.0.0.1 - - [05/May/2025 23:19:45] "GET / HTTP/1.1" 200 -
2025-05-05 23:19:45,961 - werkzeug - INFO - 127.0.0.1 - - [05/May/2025 23:19:45] "GET /api/bot-status?api_key=025002 HTTP/1.1" 200 -
2025-05-05 23:19:45,995 - werkzeug - INFO - 127.0.0.1 - - [05/May/2025 23:19:45] "GET /api/member-count?api_key=025002 HTTP/1.1" 200 -
2025-05-05 23:19:50,914 - werkzeug - INFO - 127.0.0.1 - - [05/May/2025 23:19:50] "GET / HTTP/1.1" 200 -
2025-05-05 23:19:50,966 - werkzeug - INFO - 127.0.0.1 - - [05/May/2025 23:19:50] "GET /api/bot-status?api_key=025002 HTTP/1.1" 200 -
2025-05-05 23:19:51,000 - werkzeug - INFO - 127.0.0.1 - - [05/May/2025 23:19:51] "GET /api/member-count?api_key=025002 HTTP/1.1" 200 -
2025-05-05 23:19:55,909 - werkzeug - INFO - 127.0.0.1 - - [05/May/2025 23:19:55] "GET / HTTP/1.1" 200 -
2025-05-05 23:19:55,936 - werkzeug - INFO - 127.0.0.1 - - [05/May/2025 23:19:55] "GET /api/bot-status?api_key=025002 HTTP/1.1" 200 -
2025-05-05 23:19:55,962 - werkzeug - INFO - 127.0.0.1 - - [05/May/2025 23:19:55] "GET /api/member-count?api_key=025002 HTTP/1.1" 200 -
2025-05-05 23:20:00,913 - werkzeug - INFO - 127.0.0.1 - - [05/May/2025 23:20:00] "GET / HTTP/1.1" 200 -
2025-05-05 23:20:00,967 - werkzeug - INFO - 127.0.0.1 - - [05/May/2025 23:20:00] "GET /api/bot-status?api_key=025002 HTTP/1.1" 200 -
2025-05-05 23:20:01,000 - werkzeug - INFO - 127.0.0.1 - - [05/May/2025 23:20:01] "GET /api/member-count?api_key=025002 HTTP/1.1" 200 -
2025-05-05 23:20:05,910 - werkzeug - INFO - 127.0.0.1 - - [05/May/2025 23:20:05] "GET / HTTP/1.1" 200 -
2025-05-05 23:20:05,957 - werkzeug - INFO - 127.0.0.1 - - [05/May/2025 23:20:05] "GET /api/bot-status?api_key=025002 HTTP/1.1" 200 -
2025-05-05 23:20:05,991 - werkzeug - INFO - 127.0.0.1 - - [05/May/2025 23:20:05] "GET /api/member-count?api_key=025002 HTTP/1.1" 200 -
2025-05-05 23:20:10,909 - werkzeug - INFO - 127.0.0.1 - - [05/May/2025 23:20:10] "GET / HTTP/1.1" 200 -
2025-05-05 23:20:10,943 - werkzeug - INFO - 127.0.0.1 - - [05/May/2025 23:20:10] "GET /api/bot-status?api_key=025002 HTTP/1.1" 200 -
2025-05-05 23:20:10,972 - werkzeug - INFO - 127.0.0.1 - - [05/May/2025 23:20:10] "GET /api/member-count?api_key=025002 HTTP/1.1" 200 -
2025-05-05 23:20:15,910 - werkzeug - INFO - 127.0.0.1 - - [05/May/2025 23:20:15] "GET / HTTP/1.1" 200 -
2025-05-05 23:20:15,964 - werkzeug - INFO - 127.0.0.1 - - [05/May/2025 23:20:15] "GET /api/bot-status?api_key=025002 HTTP/1.1" 200 -
2025-05-05 23:20:16,000 - werkzeug - INFO - 127.0.0.1 - - [05/May/2025 23:20:16] "GET /api/member-count?api_key=025002 HTTP/1.1" 200 -
2025-05-05 23:20:20,914 - werkzeug - INFO - 127.0.0.1 - - [05/May/2025 23:20:20] "GET / HTTP/1.1" 200 -
2025-05-05 23:20:20,965 - werkzeug - INFO - 127.0.0.1 - - [05/May/2025 23:20:20] "GET /api/bot-status?api_key=025002 HTTP/1.1" 200 -
2025-05-05 23:20:21,000 - werkzeug - INFO - 127.0.0.1 - - [05/May/2025 23:20:21] "GET /api/member-count?api_key=025002 HTTP/1.1" 200 -
2025-05-05 23:20:25,912 - werkzeug - INFO - 127.0.0.1 - - [05/May/2025 23:20:25] "GET / HTTP/1.1" 200 -
2025-05-05 23:20:25,958 - werkzeug - INFO - 127.0.0.1 - - [05/May/2025 23:20:25] "GET /api/bot-status?api_key=025002 HTTP/1.1" 200 -
2025-05-05 23:20:25,989 - werkzeug - INFO - 127.0.0.1 - - [05/May/2025 23:20:25] "GET /api/member-count?api_key=025002 HTTP/1.1" 200 -
2025-05-05 23:20:30,914 - werkzeug - INFO - 127.0.0.1 - - [05/May/2025 23:20:30] "GET / HTTP/1.1" 200 -
2025-05-05 23:20:30,968 - werkzeug - INFO - 127.0.0.1 - - [05/May/2025 23:20:30] "GET /api/bot-status?api_key=025002 HTTP/1.1" 200 -
2025-05-05 23:20:31,002 - werkzeug - INFO - 127.0.0.1 - - [05/May/2025 23:20:31] "GET /api/member-count?api_key=025002 HTTP/1.1" 200 -
2025-05-05 23:20:35,913 - werkzeug - INFO - 127.0.0.1 - - [05/May/2025 23:20:35] "GET / HTTP/1.1" 200 -
2025-05-05 23:20:35,968 - werkzeug - INFO - 127.0.0.1 - - [05/May/2025 23:20:35] "GET /api/bot-status?api_key=025002 HTTP/1.1" 200 -
2025-05-05 23:20:36,004 - werkzeug - INFO - 127.0.0.1 - - [05/May/2025 23:20:36] "GET /api/member-count?api_key=025002 HTTP/1.1" 200 -
2025-05-05 23:20:40,909 - werkzeug - INFO - 127.0.0.1 - - [05/May/2025 23:20:40] "GET / HTTP/1.1" 200 -
2025-05-05 23:20:40,935 - werkzeug - INFO - 127.0.0.1 - - [05/May/2025 23:20:40] "GET /api/bot-status?api_key=025002 HTTP/1.1" 200 -
2025-05-05 23:20:40,956 - werkzeug - INFO - 127.0.0.1 - - [05/May/2025 23:20:40] "GET /api/member-count?api_key=025002 HTTP/1.1" 200 -
2025-05-05 23:20:45,911 - werkzeug - INFO - 127.0.0.1 - - [05/May/2025 23:20:45] "GET / HTTP/1.1" 200 -
2025-05-05 23:20:45,964 - werkzeug - INFO - 127.0.0.1 - - [05/May/2025 23:20:45] "GET /api/bot-status?api_key=025002 HTTP/1.1" 200 -
2025-05-05 23:20:46,000 - werkzeug - INFO - 127.0.0.1 - - [05/May/2025 23:20:46] "GET /api/member-count?api_key=025002 HTTP/1.1" 200 -
2025-05-05 23:20:50,913 - werkzeug - INFO - 127.0.0.1 - - [05/May/2025 23:20:50] "GET / HTTP/1.1" 200 -
2025-05-05 23:20:50,967 - werkzeug - INFO - 127.0.0.1 - - [05/May/2025 23:20:50] "GET /api/bot-status?api_key=025002 HTTP/1.1" 200 -
2025-05-05 23:20:51,007 - werkzeug - INFO - 127.0.0.1 - - [05/May/2025 23:20:51] "GET /api/member-count?api_key=025002 HTTP/1.1" 200 -
2025-05-05 23:20:55,908 - werkzeug - INFO - 127.0.0.1 - - [05/May/2025 23:20:55] "GET / HTTP/1.1" 200 -
2025-05-05 23:20:55,933 - werkzeug - INFO - 127.0.0.1 - - [05/May/2025 23:20:55] "GET /api/bot-status?api_key=025002 HTTP/1.1" 200 -
2025-05-05 23:20:55,957 - werkzeug - INFO - 127.0.0.1 - - [05/May/2025 23:20:55] "GET /api/member-count?api_key=025002 HTTP/1.1" 200 -
2025-05-05 23:21:00,912 - werkzeug - INFO - 127.0.0.1 - - [05/May/2025 23:21:00] "GET / HTTP/1.1" 200 -
2025-05-05 23:21:00,964 - werkzeug - INFO - 127.0.0.1 - - [05/May/2025 23:21:00] "GET /api/bot-status?api_key=025002 HTTP/1.1" 200 -
2025-05-05 23:21:00,998 - werkzeug - INFO - 127.0.0.1 - - [05/May/2025 23:21:00] "GET /api/member-count?api_key=025002 HTTP/1.1" 200 -
2025-05-05 23:21:05,913 - werkzeug - INFO - 127.0.0.1 - - [05/May/2025 23:21:05] "GET / HTTP/1.1" 200 -
2025-05-05 23:21:05,956 - werkzeug - INFO - 127.0.0.1 - - [05/May/2025 23:21:05] "GET /api/bot-status?api_key=025002 HTTP/1.1" 200 -
2025-05-05 23:21:05,987 - werkzeug - INFO - 127.0.0.1 - - [05/May/2025 23:21:05] "GET /api/member-count?api_key=025002 HTTP/1.1" 200 -
2025-05-05 23:21:10,907 - werkzeug - INFO - 127.0.0.1 - - [05/May/2025 23:21:10] "GET / HTTP/1.1" 200 -
2025-05-05 23:21:10,932 - werkzeug - INFO - 127.0.0.1 - - [05/May/2025 23:21:10] "GET /api/bot-status?api_key=025002 HTTP/1.1" 200 -
2025-05-05 23:21:10,954 - werkzeug - INFO - 127.0.0.1 - - [05/May/2025 23:21:10] "GET /api/member-count?api_key=025002 HTTP/1.1" 200 -
2025-05-05 23:21:15,913 - werkzeug - INFO - 127.0.0.1 - - [05/May/2025 23:21:15] "GET / HTTP/1.1" 200 -
2025-05-05 23:21:15,970 - werkzeug - INFO - 127.0.0.1 - - [05/May/2025 23:21:15] "GET /api/bot-status?api_key=025002 HTTP/1.1" 200 -
2025-05-05 23:21:16,007 - werkzeug - INFO - 127.0.0.1 - - [05/May/2025 23:21:16] "GET /api/member-count?api_key=025002 HTTP/1.1" 200 -
2025-05-05 23:21:20,913 - werkzeug - INFO - 127.0.0.1 - - [05/May/2025 23:21:20] "GET / HTTP/1.1" 200 -
2025-05-05 23:21:20,969 - werkzeug - INFO - 127.0.0.1 - - [05/May/2025 23:21:20] "GET /api/bot-status?api_key=025002 HTTP/1.1" 200 -
2025-05-05 23:21:21,007 - werkzeug - INFO - 127.0.0.1 - - [05/May/2025 23:21:21] "GET /api/member-count?api_key=025002 HTTP/1.1" 200 -
2025-05-05 23:21:25,908 - werkzeug - INFO - 127.0.0.1 - - [05/May/2025 23:21:25] "GET / HTTP/1.1" 200 -
2025-05-05 23:21:25,944 - werkzeug - INFO - 127.0.0.1 - - [05/May/2025 23:21:25] "GET /api/bot-status?api_key=025002 HTTP/1.1" 200 -
2025-05-05 23:21:25,976 - werkzeug - INFO - 127.0.0.1 - - [05/May/2025 23:21:25] "GET /api/member-count?api_key=025002 HTTP/1.1" 200 -
2025-05-05 23:21:30,914 - werkzeug - INFO - 127.0.0.1 - - [05/May/2025 23:21:30] "GET / HTTP/1.1" 200 -
2025-05-05 23:21:30,967 - werkzeug - INFO - 127.0.0.1 - - [05/May/2025 23:21:30] "GET /api/bot-status?api_key=025002 HTTP/1.1" 200 -
2025-05-05 23:21:31,003 - werkzeug - INFO - 127.0.0.1 - - [05/May/2025 23:21:31] "GET /api/member-count?api_key=025002 HTTP/1.1" 200 -
2025-05-05 23:21:35,913 - werkzeug - INFO - 127.0.0.1 - - [05/May/2025 23:21:35] "GET / HTTP/1.1" 200 -
2025-05-05 23:21:35,965 - werkzeug - INFO - 127.0.0.1 - - [05/May/2025 23:21:35] "GET /api/bot-status?api_key=025002 HTTP/1.1" 200 -
2025-05-05 23:21:36,002 - werkzeug - INFO - 127.0.0.1 - - [05/May/2025 23:21:36] "GET /api/member-count?api_key=025002 HTTP/1.1" 200 -
2025-05-05 23:21:40,913 - werkzeug - INFO - 127.0.0.1 - - [05/May/2025 23:21:40] "GET / HTTP/1.1" 200 -
2025-05-05 23:21:40,960 - werkzeug - INFO - 127.0.0.1 - - [05/May/2025 23:21:40] "GET /api/bot-status?api_key=025002 HTTP/1.1" 200 -
2025-05-05 23:21:40,994 - werkzeug - INFO - 127.0.0.1 - - [05/May/2025 23:21:40] "GET /api/member-count?api_key=025002 HTTP/1.1" 200 -
2025-05-05 23:21:45,914 - werkzeug - INFO - 127.0.0.1 - - [05/May/2025 23:21:45] "GET / HTTP/1.1" 200 -
2025-05-05 23:21:45,981 - werkzeug - INFO - 127.0.0.1 - - [05/May/2025 23:21:45] "GET /api/bot-status?api_key=025002 HTTP/1.1" 200 -
2025-05-05 23:21:46,020 - werkzeug - INFO - 127.0.0.1 - - [05/May/2025 23:21:46] "GET /api/member-count?api_key=025002 HTTP/1.1" 200 -
2025-05-05 23:21:50,913 - werkzeug - INFO - 127.0.0.1 - - [05/May/2025 23:21:50] "GET / HTTP/1.1" 200 -
2025-05-05 23:21:50,967 - werkzeug - INFO - 127.0.0.1 - - [05/May/2025 23:21:50] "GET /api/bot-status?api_key=025002 HTTP/1.1" 200 -
2025-05-05 23:21:51,004 - werkzeug - INFO - 127.0.0.1 - - [05/May/2025 23:21:51] "GET /api/member-count?api_key=025002 HTTP/1.1" 200 -
2025-05-05 23:21:55,913 - werkzeug - INFO - 127.0.0.1 - - [05/May/2025 23:21:55] "GET / HTTP/1.1" 200 -
2025-05-05 23:21:55,958 - werkzeug - INFO - 127.0.0.1 - - [05/May/2025 23:21:55] "GET /api/bot-status?api_key=025002 HTTP/1.1" 200 -
2025-05-05 23:21:55,987 - werkzeug - INFO - 127.0.0.1 - - [05/May/2025 23:21:55] "GET /api/member-count?api_key=025002 HTTP/1.1" 200 -
2025-05-05 23:22:00,912 - werkzeug - INFO - 127.0.0.1 - - [05/May/2025 23:22:00] "GET / HTTP/1.1" 200 -
2025-05-05 23:22:00,964 - werkzeug - INFO - 127.0.0.1 - - [05/May/2025 23:22:00] "GET /api/bot-status?api_key=025002 HTTP/1.1" 200 -
2025-05-05 23:22:00,998 - werkzeug - INFO - 127.0.0.1 - - [05/May/2025 23:22:00] "GET /api/member-count?api_key=025002 HTTP/1.1" 200 -
2025-05-05 23:22:05,913 - werkzeug - INFO - 127.0.0.1 - - [05/May/2025 23:22:05] "GET / HTTP/1.1" 200 -
2025-05-05 23:22:05,967 - werkzeug - INFO - 127.0.0.1 - - [05/May/2025 23:22:05] "GET /api/bot-status?api_key=025002 HTTP/1.1" 200 -
2025-05-05 23:22:06,004 - werkzeug - INFO - 127.0.0.1 - - [05/May/2025 23:22:06] "GET /api/member-count?api_key=025002 HTTP/1.1" 200 -
2025-05-05 23:22:10,911 - werkzeug - INFO - 127.0.0.1 - - [05/May/2025 23:22:10] "GET / HTTP/1.1" 200 -
2025-05-05 23:22:10,954 - werkzeug - INFO - 127.0.0.1 - - [05/May/2025 23:22:10] "GET /api/bot-status?api_key=025002 HTTP/1.1" 200 -
2025-05-05 23:22:10,987 - werkzeug - INFO - 127.0.0.1 - - [05/May/2025 23:22:10] "GET /api/member-count?api_key=025002 HTTP/1.1" 200 -
2025-05-05 23:22:15,913 - werkzeug - INFO - 127.0.0.1 - - [05/May/2025 23:22:15] "GET / HTTP/1.1" 200 -
2025-05-05 23:22:15,995 - werkzeug - INFO - 127.0.0.1 - - [05/May/2025 23:22:15] "GET /api/bot-status?api_key=025002 HTTP/1.1" 200 -
2025-05-05 23:22:16,050 - werkzeug - INFO - 127.0.0.1 - - [05/May/2025 23:22:16] "GET /api/member-count?api_key=025002 HTTP/1.1" 200 -
2025-05-05 23:22:20,913 - werkzeug - INFO - 127.0.0.1 - - [05/May/2025 23:22:20] "GET / HTTP/1.1" 200 -
2025-05-05 23:22:20,967 - werkzeug - INFO - 127.0.0.1 - - [05/May/2025 23:22:20] "GET /api/bot-status?api_key=025002 HTTP/1.1" 200 -
2025-05-05 23:22:21,003 - werkzeug - INFO - 127.0.0.1 - - [05/May/2025 23:22:21] "GET /api/member-count?api_key=025002 HTTP/1.1" 200 -
2025-05-05 23:22:25,909 - werkzeug - INFO - 127.0.0.1 - - [05/May/2025 23:22:25] "GET / HTTP/1.1" 200 -
2025-05-05 23:22:25,946 - werkzeug - INFO - 127.0.0.1 - - [05/May/2025 23:22:25] "GET /api/bot-status?api_key=025002 HTTP/1.1" 200 -
2025-05-05 23:22:25,975 - werkzeug - INFO - 127.0.0.1 - - [05/May/2025 23:22:25] "GET /api/member-count?api_key=025002 HTTP/1.1" 200 -
2025-05-05 23:22:30,912 - werkzeug - INFO - 127.0.0.1 - - [05/May/2025 23:22:30] "GET / HTTP/1.1" 200 -
2025-05-05 23:22:30,967 - werkzeug - INFO - 127.0.0.1 - - [05/May/2025 23:22:30] "GET /api/bot-status?api_key=025002 HTTP/1.1" 200 -
2025-05-05 23:22:31,003 - werkzeug - INFO - 127.0.0.1 - - [05/May/2025 23:22:31] "GET /api/member-count?api_key=025002 HTTP/1.1" 200 -
2025-05-05 23:22:35,908 - werkzeug - INFO - 127.0.0.1 - - [05/May/2025 23:22:35] "GET / HTTP/1.1" 200 -
2025-05-05 23:22:35,962 - werkzeug - INFO - 127.0.0.1 - - [05/May/2025 23:22:35] "GET /api/bot-status?api_key=025002 HTTP/1.1" 200 -
2025-05-05 23:22:35,999 - werkzeug - INFO - 127.0.0.1 - - [05/May/2025 23:22:35] "GET /api/member-count?api_key=025002 HTTP/1.1" 200 -
2025-05-05 23:22:40,908 - werkzeug - INFO - 127.0.0.1 - - [05/May/2025 23:22:40] "GET / HTTP/1.1" 200 -
2025-05-05 23:22:40,938 - werkzeug - INFO - 127.0.0.1 - - [05/May/2025 23:22:40] "GET /api/bot-status?api_key=025002 HTTP/1.1" 200 -
2025-05-05 23:22:40,963 - werkzeug - INFO - 127.0.0.1 - - [05/May/2025 23:22:40] "GET /api/member-count?api_key=025002 HTTP/1.1" 200 -
2025-05-05 23:22:45,913 - werkzeug - INFO - 127.0.0.1 - - [05/May/2025 23:22:45] "GET / HTTP/1.1" 200 -
2025-05-05 23:22:45,965 - werkzeug - INFO - 127.0.0.1 - - [05/May/2025 23:22:45] "GET /api/bot-status?api_key=025002 HTTP/1.1" 200 -
2025-05-05 23:22:46,000 - werkzeug - INFO - 127.0.0.1 - - [05/May/2025 23:22:46] "GET /api/member-count?api_key=025002 HTTP/1.1" 200 -
2025-05-05 23:22:50,911 - werkzeug - INFO - 127.0.0.1 - - [05/May/2025 23:22:50] "GET / HTTP/1.1" 200 -
2025-05-05 23:22:50,978 - werkzeug - INFO - 127.0.0.1 - - [05/May/2025 23:22:50] "GET /api/bot-status?api_key=025002 HTTP/1.1" 200 -
2025-05-05 23:22:51,011 - werkzeug - INFO - 127.0.0.1 - - [05/May/2025 23:22:51] "GET /api/member-count?api_key=025002 HTTP/1.1" 200 -
2025-05-05 23:22:55,908 - werkzeug - INFO - 127.0.0.1 - - [05/May/2025 23:22:55] "GET / HTTP/1.1" 200 -
2025-05-05 23:22:55,934 - werkzeug - INFO - 127.0.0.1 - - [05/May/2025 23:22:55] "GET /api/bot-status?api_key=025002 HTTP/1.1" 200 -
2025-05-05 23:22:55,961 - werkzeug - INFO - 127.0.0.1 - - [05/May/2025 23:22:55] "GET /api/member-count?api_key=025002 HTTP/1.1" 200 -
2025-05-05 23:23:00,913 - werkzeug - INFO - 127.0.0.1 - - [05/May/2025 23:23:00] "GET / HTTP/1.1" 200 -
2025-05-05 23:23:00,963 - werkzeug - INFO - 127.0.0.1 - - [05/May/2025 23:23:00] "GET /api/bot-status?api_key=025002 HTTP/1.1" 200 -
2025-05-05 23:23:00,997 - werkzeug - INFO - 127.0.0.1 - - [05/May/2025 23:23:00] "GET /api/member-count?api_key=025002 HTTP/1.1" 200 -
2025-05-05 23:23:05,913 - werkzeug - INFO - 127.0.0.1 - - [05/May/2025 23:23:05] "GET / HTTP/1.1" 200 -
2025-05-05 23:23:05,963 - werkzeug - INFO - 127.0.0.1 - - [05/May/2025 23:23:05] "GET /api/bot-status?api_key=025002 HTTP/1.1" 200 -
2025-05-05 23:23:05,998 - werkzeug - INFO - 127.0.0.1 - - [05/May/2025 23:23:05] "GET /api/member-count?api_key=025002 HTTP/1.1" 200 -
2025-05-05 23:23:10,906 - werkzeug - INFO - 127.0.0.1 - - [05/May/2025 23:23:10] "GET / HTTP/1.1" 200 -
2025-05-05 23:23:10,930 - werkzeug - INFO - 127.0.0.1 - - [05/May/2025 23:23:10] "GET /api/bot-status?api_key=025002 HTTP/1.1" 200 -
2025-05-05 23:23:10,953 - werkzeug - INFO - 127.0.0.1 - - [05/May/2025 23:23:10] "GET /api/member-count?api_key=025002 HTTP/1.1" 200 -
2025-05-05 23:23:15,911 - werkzeug - INFO - 127.0.0.1 - - [05/May/2025 23:23:15] "GET / HTTP/1.1" 200 -
2025-05-05 23:23:15,968 - werkzeug - INFO - 127.0.0.1 - - [05/May/2025 23:23:15] "GET /api/bot-status?api_key=025002 HTTP/1.1" 200 -
2025-05-05 23:23:16,007 - werkzeug - INFO - 127.0.0.1 - - [05/May/2025 23:23:16] "GET /api/member-count?api_key=025002 HTTP/1.1" 200 -
2025-05-05 23:23:20,903 - werkzeug - INFO - 127.0.0.1 - - [05/May/2025 23:23:20] "GET / HTTP/1.1" 200 -
2025-05-05 23:23:20,951 - werkzeug - INFO - 127.0.0.1 - - [05/May/2025 23:23:20] "GET /api/bot-status?api_key=025002 HTTP/1.1" 200 -
2025-05-05 23:23:20,980 - werkzeug - INFO - 127.0.0.1 - - [05/May/2025 23:23:20] "GET /api/member-count?api_key=025002 HTTP/1.1" 200 -
2025-05-05 23:23:25,912 - werkzeug - INFO - 127.0.0.1 - - [05/May/2025 23:23:25] "GET / HTTP/1.1" 200 -
2025-05-05 23:23:25,939 - werkzeug - INFO - 127.0.0.1 - - [05/May/2025 23:23:25] "GET /api/bot-status?api_key=025002 HTTP/1.1" 200 -
2025-05-05 23:23:25,962 - werkzeug - INFO - 127.0.0.1 - - [05/May/2025 23:23:25] "GET /api/member-count?api_key=025002 HTTP/1.1" 200 -
2025-05-05 23:23:30,903 - werkzeug - INFO - 127.0.0.1 - - [05/May/2025 23:23:30] "GET / HTTP/1.1" 200 -
2025-05-05 23:23:30,940 - werkzeug - INFO - 127.0.0.1 - - [05/May/2025 23:23:30] "GET /api/bot-status?api_key=025002 HTTP/1.1" 200 -
2025-05-05 23:23:30,967 - werkzeug - INFO - 127.0.0.1 - - [05/May/2025 23:23:30] "GET /api/member-count?api_key=025002 HTTP/1.1" 200 -
2025-05-05 23:23:35,912 - werkzeug - INFO - 127.0.0.1 - - [05/May/2025 23:23:35] "GET / HTTP/1.1" 200 -
2025-05-05 23:23:35,965 - werkzeug - INFO - 127.0.0.1 - - [05/May/2025 23:23:35] "GET /api/bot-status?api_key=025002 HTTP/1.1" 200 -
2025-05-05 23:23:36,003 - werkzeug - INFO - 127.0.0.1 - - [05/May/2025 23:23:36] "GET /api/member-count?api_key=025002 HTTP/1.1" 200 -
2025-05-05 23:23:40,915 - werkzeug - INFO - 127.0.0.1 - - [05/May/2025 23:23:40] "GET / HTTP/1.1" 200 -
2025-05-05 23:23:40,953 - werkzeug - INFO - 127.0.0.1 - - [05/May/2025 23:23:40] "GET /api/bot-status?api_key=025002 HTTP/1.1" 200 -
2025-05-05 23:23:40,978 - werkzeug - INFO - 127.0.0.1 - - [05/May/2025 23:23:40] "GET /api/member-count?api_key=025002 HTTP/1.1" 200 -
2025-05-05 23:23:45,912 - werkzeug - INFO - 127.0.0.1 - - [05/May/2025 23:23:45] "GET / HTTP/1.1" 200 -
2025-05-05 23:23:45,966 - werkzeug - INFO - 127.0.0.1 - - [05/May/2025 23:23:45] "GET /api/bot-status?api_key=025002 HTTP/1.1" 200 -
2025-05-05 23:23:46,000 - werkzeug - INFO - 127.0.0.1 - - [05/May/2025 23:23:46] "GET /api/member-count?api_key=025002 HTTP/1.1" 200 -
2025-05-05 23:23:50,912 - werkzeug - INFO - 127.0.0.1 - - [05/May/2025 23:23:50] "GET / HTTP/1.1" 200 -
2025-05-05 23:23:50,960 - werkzeug - INFO - 127.0.0.1 - - [05/May/2025 23:23:50] "GET /api/bot-status?api_key=025002 HTTP/1.1" 200 -
2025-05-05 23:23:50,992 - werkzeug - INFO - 127.0.0.1 - - [05/May/2025 23:23:50] "GET /api/member-count?api_key=025002 HTTP/1.1" 200 -
2025-05-05 23:23:55,912 - werkzeug - INFO - 127.0.0.1 - - [05/May/2025 23:23:55] "GET / HTTP/1.1" 200 -
2025-05-05 23:23:55,968 - werkzeug - INFO - 127.0.0.1 - - [05/May/2025 23:23:55] "GET /api/bot-status?api_key=025002 HTTP/1.1" 200 -
2025-05-05 23:23:55,998 - werkzeug - INFO - 127.0.0.1 - - [05/May/2025 23:23:55] "GET /api/member-count?api_key=025002 HTTP/1.1" 200 -
2025-05-05 23:24:00,913 - werkzeug - INFO - 127.0.0.1 - - [05/May/2025 23:24:00] "GET / HTTP/1.1" 200 -
2025-05-05 23:24:00,966 - werkzeug - INFO - 127.0.0.1 - - [05/May/2025 23:24:00] "GET /api/bot-status?api_key=025002 HTTP/1.1" 200 -
2025-05-05 23:24:01,000 - werkzeug - INFO - 127.0.0.1 - - [05/May/2025 23:24:01] "GET /api/member-count?api_key=025002 HTTP/1.1" 200 -
2025-05-05 23:24:05,912 - werkzeug - INFO - 127.0.0.1 - - [05/May/2025 23:24:05] "GET / HTTP/1.1" 200 -
2025-05-05 23:24:05,960 - werkzeug - INFO - 127.0.0.1 - - [05/May/2025 23:24:05] "GET /api/bot-status?api_key=025002 HTTP/1.1" 200 -
2025-05-05 23:24:06,002 - werkzeug - INFO - 127.0.0.1 - - [05/May/2025 23:24:06] "GET /api/member-count?api_key=025002 HTTP/1.1" 200 -
2025-05-05 23:24:10,912 - werkzeug - INFO - 127.0.0.1 - - [05/May/2025 23:24:10] "GET / HTTP/1.1" 200 -
2025-05-05 23:24:10,966 - werkzeug - INFO - 127.0.0.1 - - [05/May/2025 23:24:10] "GET /api/bot-status?api_key=025002 HTTP/1.1" 200 -
2025-05-05 23:24:10,998 - werkzeug - INFO - 127.0.0.1 - - [05/May/2025 23:24:10] "GET /api/member-count?api_key=025002 HTTP/1.1" 200 -
2025-05-05 23:24:15,912 - werkzeug - INFO - 127.0.0.1 - - [05/May/2025 23:24:15] "GET / HTTP/1.1" 200 -
2025-05-05 23:24:15,972 - werkzeug - INFO - 127.0.0.1 - - [05/May/2025 23:24:15] "GET /api/bot-status?api_key=025002 HTTP/1.1" 200 -
2025-05-05 23:24:16,010 - werkzeug - INFO - 127.0.0.1 - - [05/May/2025 23:24:16] "GET /api/member-count?api_key=025002 HTTP/1.1" 200 -
2025-05-05 23:24:20,912 - werkzeug - INFO - 127.0.0.1 - - [05/May/2025 23:24:20] "GET / HTTP/1.1" 200 -
2025-05-05 23:24:20,965 - werkzeug - INFO - 127.0.0.1 - - [05/May/2025 23:24:20] "GET /api/bot-status?api_key=025002 HTTP/1.1" 200 -
2025-05-05 23:24:21,004 - werkzeug - INFO - 127.0.0.1 - - [05/May/2025 23:24:21] "GET /api/member-count?api_key=025002 HTTP/1.1" 200 -
2025-05-05 23:24:25,912 - werkzeug - INFO - 127.0.0.1 - - [05/May/2025 23:24:25] "GET / HTTP/1.1" 200 -
2025-05-05 23:24:25,965 - werkzeug - INFO - 127.0.0.1 - - [05/May/2025 23:24:25] "GET /api/bot-status?api_key=025002 HTTP/1.1" 200 -
2025-05-05 23:24:26,001 - werkzeug - INFO - 127.0.0.1 - - [05/May/2025 23:24:26] "GET /api/member-count?api_key=025002 HTTP/1.1" 200 -
2025-05-05 23:24:30,913 - werkzeug - INFO - 127.0.0.1 - - [05/May/2025 23:24:30] "GET / HTTP/1.1" 200 -
2025-05-05 23:24:30,982 - werkzeug - INFO - 127.0.0.1 - - [05/May/2025 23:24:30] "GET /api/bot-status?api_key=025002 HTTP/1.1" 200 -
2025-05-05 23:24:31,014 - werkzeug - INFO - 127.0.0.1 - - [05/May/2025 23:24:31] "GET /api/member-count?api_key=025002 HTTP/1.1" 200 -
2025-05-05 23:24:35,911 - werkzeug - INFO - 127.0.0.1 - - [05/May/2025 23:24:35] "GET / HTTP/1.1" 200 -
2025-05-05 23:24:35,963 - werkzeug - INFO - 127.0.0.1 - - [05/May/2025 23:24:35] "GET /api/bot-status?api_key=025002 HTTP/1.1" 200 -
2025-05-05 23:24:35,996 - werkzeug - INFO - 127.0.0.1 - - [05/May/2025 23:24:35] "GET /api/member-count?api_key=025002 HTTP/1.1" 200 -
2025-05-05 23:24:40,912 - werkzeug - INFO - 127.0.0.1 - - [05/May/2025 23:24:40] "GET / HTTP/1.1" 200 -
2025-05-05 23:24:40,965 - werkzeug - INFO - 127.0.0.1 - - [05/May/2025 23:24:40] "GET /api/bot-status?api_key=025002 HTTP/1.1" 200 -
2025-05-05 23:24:41,002 - werkzeug - INFO - 127.0.0.1 - - [05/May/2025 23:24:41] "GET /api/member-count?api_key=025002 HTTP/1.1" 200 -
2025-05-05 23:24:45,911 - werkzeug - INFO - 127.0.0.1 - - [05/May/2025 23:24:45] "GET / HTTP/1.1" 200 -
2025-05-05 23:24:45,956 - werkzeug - INFO - 127.0.0.1 - - [05/May/2025 23:24:45] "GET /api/bot-status?api_key=025002 HTTP/1.1" 200 -
2025-05-05 23:24:45,987 - werkzeug - INFO - 127.0.0.1 - - [05/May/2025 23:24:45] "GET /api/member-count?api_key=025002 HTTP/1.1" 200 -
2025-05-05 23:24:50,916 - werkzeug - INFO - 127.0.0.1 - - [05/May/2025 23:24:50] "GET / HTTP/1.1" 200 -
2025-05-05 23:24:50,966 - werkzeug - INFO - 127.0.0.1 - - [05/May/2025 23:24:50] "GET /api/bot-status?api_key=025002 HTTP/1.1" 200 -
2025-05-05 23:24:51,001 - werkzeug - INFO - 127.0.0.1 - - [05/May/2025 23:24:51] "GET /api/member-count?api_key=025002 HTTP/1.1" 200 -
2025-05-05 23:24:55,912 - werkzeug - INFO - 127.0.0.1 - - [05/May/2025 23:24:55] "GET / HTTP/1.1" 200 -
2025-05-05 23:24:55,965 - werkzeug - INFO - 127.0.0.1 - - [05/May/2025 23:24:55] "GET /api/bot-status?api_key=025002 HTTP/1.1" 200 -
2025-05-05 23:24:55,998 - werkzeug - INFO - 127.0.0.1 - - [05/May/2025 23:24:55] "GET /api/member-count?api_key=025002 HTTP/1.1" 200 -
2025-05-05 23:25:00,913 - werkzeug - INFO - 127.0.0.1 - - [05/May/2025 23:25:00] "GET / HTTP/1.1" 200 -
2025-05-05 23:25:00,964 - werkzeug - INFO - 127.0.0.1 - - [05/May/2025 23:25:00] "GET /api/bot-status?api_key=025002 HTTP/1.1" 200 -
2025-05-05 23:25:01,002 - werkzeug - INFO - 127.0.0.1 - - [05/May/2025 23:25:01] "GET /api/member-count?api_key=025002 HTTP/1.1" 200 -
2025-05-05 23:25:05,912 - werkzeug - INFO - 127.0.0.1 - - [05/May/2025 23:25:05] "GET / HTTP/1.1" 200 -
2025-05-05 23:25:05,966 - werkzeug - INFO - 127.0.0.1 - - [05/May/2025 23:25:05] "GET /api/bot-status?api_key=025002 HTTP/1.1" 200 -
2025-05-05 23:25:06,004 - werkzeug - INFO - 127.0.0.1 - - [05/May/2025 23:25:06] "GET /api/member-count?api_key=025002 HTTP/1.1" 200 -
2025-05-05 23:25:10,913 - werkzeug - INFO - 127.0.0.1 - - [05/May/2025 23:25:10] "GET / HTTP/1.1" 200 -
2025-05-05 23:25:10,964 - werkzeug - INFO - 127.0.0.1 - - [05/May/2025 23:25:10] "GET /api/bot-status?api_key=025002 HTTP/1.1" 200 -
2025-05-05 23:25:11,001 - werkzeug - INFO - 127.0.0.1 - - [05/May/2025 23:25:11] "GET /api/member-count?api_key=025002 HTTP/1.1" 200 -
2025-05-05 23:25:15,908 - werkzeug - INFO - 127.0.0.1 - - [05/May/2025 23:25:15] "GET / HTTP/1.1" 200 -
2025-05-05 23:25:15,972 - werkzeug - INFO - 127.0.0.1 - - [05/May/2025 23:25:15] "GET /api/bot-status?api_key=025002 HTTP/1.1" 200 -
2025-05-05 23:25:16,007 - werkzeug - INFO - 127.0.0.1 - - [05/May/2025 23:25:16] "GET /api/member-count?api_key=025002 HTTP/1.1" 200 -
2025-05-05 23:25:20,913 - werkzeug - INFO - 127.0.0.1 - - [05/May/2025 23:25:20] "GET / HTTP/1.1" 200 -
2025-05-05 23:25:20,958 - werkzeug - INFO - 127.0.0.1 - - [05/May/2025 23:25:20] "GET /api/bot-status?api_key=025002 HTTP/1.1" 200 -
2025-05-05 23:25:20,988 - werkzeug - INFO - 127.0.0.1 - - [05/May/2025 23:25:20] "GET /api/member-count?api_key=025002 HTTP/1.1" 200 -
2025-05-05 23:25:25,915 - werkzeug - INFO - 127.0.0.1 - - [05/May/2025 23:25:25] "GET / HTTP/1.1" 200 -
2025-05-05 23:25:25,966 - werkzeug - INFO - 127.0.0.1 - - [05/May/2025 23:25:25] "GET /api/bot-status?api_key=025002 HTTP/1.1" 200 -
2025-05-05 23:25:26,002 - werkzeug - INFO - 127.0.0.1 - - [05/May/2025 23:25:26] "GET /api/member-count?api_key=025002 HTTP/1.1" 200 -
2025-05-05 23:25:30,912 - werkzeug - INFO - 127.0.0.1 - - [05/May/2025 23:25:30] "GET / HTTP/1.1" 200 -
2025-05-05 23:25:30,966 - werkzeug - INFO - 127.0.0.1 - - [05/May/2025 23:25:30] "GET /api/bot-status?api_key=025002 HTTP/1.1" 200 -
2025-05-05 23:25:31,002 - werkzeug - INFO - 127.0.0.1 - - [05/May/2025 23:25:31] "GET /api/member-count?api_key=025002 HTTP/1.1" 200 -
2025-05-05 23:25:35,912 - werkzeug - INFO - 127.0.0.1 - - [05/May/2025 23:25:35] "GET / HTTP/1.1" 200 -
2025-05-05 23:25:35,965 - werkzeug - INFO - 127.0.0.1 - - [05/May/2025 23:25:35] "GET /api/bot-status?api_key=025002 HTTP/1.1" 200 -
2025-05-05 23:25:36,002 - werkzeug - INFO - 127.0.0.1 - - [05/May/2025 23:25:36] "GET /api/member-count?api_key=025002 HTTP/1.1" 200 -
2025-05-05 23:25:40,912 - werkzeug - INFO - 127.0.0.1 - - [05/May/2025 23:25:40] "GET / HTTP/1.1" 200 -
2025-05-05 23:25:40,957 - werkzeug - INFO - 127.0.0.1 - - [05/May/2025 23:25:40] "GET /api/bot-status?api_key=025002 HTTP/1.1" 200 -
2025-05-05 23:25:40,992 - werkzeug - INFO - 127.0.0.1 - - [05/May/2025 23:25:40] "GET /api/member-count?api_key=025002 HTTP/1.1" 200 -
2025-05-05 23:25:45,910 - werkzeug - INFO - 127.0.0.1 - - [05/May/2025 23:25:45] "GET / HTTP/1.1" 200 -
2025-05-05 23:25:45,961 - werkzeug - INFO - 127.0.0.1 - - [05/May/2025 23:25:45] "GET /api/bot-status?api_key=025002 HTTP/1.1" 200 -
2025-05-05 23:25:45,996 - werkzeug - INFO - 127.0.0.1 - - [05/May/2025 23:25:45] "GET /api/member-count?api_key=025002 HTTP/1.1" 200 -
2025-05-05 23:25:50,912 - werkzeug - INFO - 127.0.0.1 - - [05/May/2025 23:25:50] "GET / HTTP/1.1" 200 -
2025-05-05 23:25:50,964 - werkzeug - INFO - 127.0.0.1 - - [05/May/2025 23:25:50] "GET /api/bot-status?api_key=025002 HTTP/1.1" 200 -
2025-05-05 23:25:50,998 - werkzeug - INFO - 127.0.0.1 - - [05/May/2025 23:25:50] "GET /api/member-count?api_key=025002 HTTP/1.1" 200 -
2025-05-05 23:25:55,910 - werkzeug - INFO - 127.0.0.1 - - [05/May/2025 23:25:55] "GET / HTTP/1.1" 200 -
2025-05-05 23:25:55,948 - werkzeug - INFO - 127.0.0.1 - - [05/May/2025 23:25:55] "GET /api/bot-status?api_key=025002 HTTP/1.1" 200 -
2025-05-05 23:25:55,983 - werkzeug - INFO - 127.0.0.1 - - [05/May/2025 23:25:55] "GET /api/member-count?api_key=025002 HTTP/1.1" 200 -
2025-05-05 23:26:00,911 - werkzeug - INFO - 127.0.0.1 - - [05/May/2025 23:26:00] "GET / HTTP/1.1" 200 -
2025-05-05 23:26:00,964 - werkzeug - INFO - 127.0.0.1 - - [05/May/2025 23:26:00] "GET /api/bot-status?api_key=025002 HTTP/1.1" 200 -
2025-05-05 23:26:00,999 - werkzeug - INFO - 127.0.0.1 - - [05/May/2025 23:26:00] "GET /api/member-count?api_key=025002 HTTP/1.1" 200 -
2025-05-05 23:26:05,912 - werkzeug - INFO - 127.0.0.1 - - [05/May/2025 23:26:05] "GET / HTTP/1.1" 200 -
2025-05-05 23:26:05,964 - werkzeug - INFO - 127.0.0.1 - - [05/May/2025 23:26:05] "GET /api/bot-status?api_key=025002 HTTP/1.1" 200 -
2025-05-05 23:26:05,996 - werkzeug - INFO - 127.0.0.1 - - [05/May/2025 23:26:05] "GET /api/member-count?api_key=025002 HTTP/1.1" 200 -
2025-05-05 23:26:10,912 - werkzeug - INFO - 127.0.0.1 - - [05/May/2025 23:26:10] "GET / HTTP/1.1" 200 -
2025-05-05 23:26:10,967 - werkzeug - INFO - 127.0.0.1 - - [05/May/2025 23:26:10] "GET /api/bot-status?api_key=025002 HTTP/1.1" 200 -
2025-05-05 23:26:11,005 - werkzeug - INFO - 127.0.0.1 - - [05/May/2025 23:26:11] "GET /api/member-count?api_key=025002 HTTP/1.1" 200 -
2025-05-05 23:26:15,910 - werkzeug - INFO - 127.0.0.1 - - [05/May/2025 23:26:15] "GET / HTTP/1.1" 200 -
2025-05-05 23:26:15,964 - werkzeug - INFO - 127.0.0.1 - - [05/May/2025 23:26:15] "GET /api/bot-status?api_key=025002 HTTP/1.1" 200 -
2025-05-05 23:26:16,010 - werkzeug - INFO - 127.0.0.1 - - [05/May/2025 23:26:16] "GET /api/member-count?api_key=025002 HTTP/1.1" 200 -
2025-05-05 23:26:20,909 - werkzeug - INFO - 127.0.0.1 - - [05/May/2025 23:26:20] "GET / HTTP/1.1" 200 -
2025-05-05 23:26:20,959 - werkzeug - INFO - 127.0.0.1 - - [05/May/2025 23:26:20] "GET /api/bot-status?api_key=025002 HTTP/1.1" 200 -
2025-05-05 23:26:20,998 - werkzeug - INFO - 127.0.0.1 - - [05/May/2025 23:26:20] "GET /api/member-count?api_key=025002 HTTP/1.1" 200 -
2025-05-05 23:26:25,911 - werkzeug - INFO - 127.0.0.1 - - [05/May/2025 23:26:25] "GET / HTTP/1.1" 200 -
2025-05-05 23:26:25,963 - werkzeug - INFO - 127.0.0.1 - - [05/May/2025 23:26:25] "GET /api/bot-status?api_key=025002 HTTP/1.1" 200 -
2025-05-05 23:26:26,000 - werkzeug - INFO - 127.0.0.1 - - [05/May/2025 23:26:26] "GET /api/member-count?api_key=025002 HTTP/1.1" 200 -
2025-05-05 23:26:30,911 - werkzeug - INFO - 127.0.0.1 - - [05/May/2025 23:26:30] "GET / HTTP/1.1" 200 -
2025-05-05 23:26:30,964 - werkzeug - INFO - 127.0.0.1 - - [05/May/2025 23:26:30] "GET /api/bot-status?api_key=025002 HTTP/1.1" 200 -
2025-05-05 23:26:31,000 - werkzeug - INFO - 127.0.0.1 - - [05/May/2025 23:26:31] "GET /api/member-count?api_key=025002 HTTP/1.1" 200 -
2025-05-05 23:26:35,911 - werkzeug - INFO - 127.0.0.1 - - [05/May/2025 23:26:35] "GET / HTTP/1.1" 200 -
2025-05-05 23:26:35,963 - werkzeug - INFO - 127.0.0.1 - - [05/May/2025 23:26:35] "GET /api/bot-status?api_key=025002 HTTP/1.1" 200 -
2025-05-05 23:26:35,995 - werkzeug - INFO - 127.0.0.1 - - [05/May/2025 23:26:35] "GET /api/member-count?api_key=025002 HTTP/1.1" 200 -
2025-05-05 23:26:40,913 - werkzeug - INFO - 127.0.0.1 - - [05/May/2025 23:26:40] "GET / HTTP/1.1" 200 -
2025-05-05 23:26:40,963 - werkzeug - INFO - 127.0.0.1 - - [05/May/2025 23:26:40] "GET /api/bot-status?api_key=025002 HTTP/1.1" 200 -
2025-05-05 23:26:40,999 - werkzeug - INFO - 127.0.0.1 - - [05/May/2025 23:26:40] "GET /api/member-count?api_key=025002 HTTP/1.1" 200 -
2025-05-05 23:26:45,943 - werkzeug - INFO - 127.0.0.1 - - [05/May/2025 23:26:45] "GET / HTTP/1.1" 200 -
2025-05-05 23:26:46,013 - werkzeug - INFO - 127.0.0.1 - - [05/May/2025 23:26:46] "GET /api/bot-status?api_key=025002 HTTP/1.1" 200 -
2025-05-05 23:26:46,052 - werkzeug - INFO - 127.0.0.1 - - [05/May/2025 23:26:46] "GET /api/member-count?api_key=025002 HTTP/1.1" 200 -
2025-05-05 23:26:50,912 - werkzeug - INFO - 127.0.0.1 - - [05/May/2025 23:26:50] "GET / HTTP/1.1" 200 -
2025-05-05 23:26:50,965 - werkzeug - INFO - 127.0.0.1 - - [05/May/2025 23:26:50] "GET /api/bot-status?api_key=025002 HTTP/1.1" 200 -
2025-05-05 23:26:51,001 - werkzeug - INFO - 127.0.0.1 - - [05/May/2025 23:26:51] "GET /api/member-count?api_key=025002 HTTP/1.1" 200 -
2025-05-05 23:26:55,911 - werkzeug - INFO - 127.0.0.1 - - [05/May/2025 23:26:55] "GET / HTTP/1.1" 200 -
2025-05-05 23:26:55,962 - werkzeug - INFO - 127.0.0.1 - - [05/May/2025 23:26:55] "GET /api/bot-status?api_key=025002 HTTP/1.1" 200 -
2025-05-05 23:26:56,002 - werkzeug - INFO - 127.0.0.1 - - [05/May/2025 23:26:56] "GET /api/member-count?api_key=025002 HTTP/1.1" 200 -
2025-05-05 23:27:00,912 - werkzeug - INFO - 127.0.0.1 - - [05/May/2025 23:27:00] "GET / HTTP/1.1" 200 -
2025-05-05 23:27:00,965 - werkzeug - INFO - 127.0.0.1 - - [05/May/2025 23:27:00] "GET /api/bot-status?api_key=025002 HTTP/1.1" 200 -
2025-05-05 23:27:01,002 - werkzeug - INFO - 127.0.0.1 - - [05/May/2025 23:27:01] "GET /api/member-count?api_key=025002 HTTP/1.1" 200 -
2025-05-05 23:27:05,911 - werkzeug - INFO - 127.0.0.1 - - [05/May/2025 23:27:05] "GET / HTTP/1.1" 200 -
2025-05-05 23:27:05,964 - werkzeug - INFO - 127.0.0.1 - - [05/May/2025 23:27:05] "GET /api/bot-status?api_key=025002 HTTP/1.1" 200 -
2025-05-05 23:27:06,000 - werkzeug - INFO - 127.0.0.1 - - [05/May/2025 23:27:06] "GET /api/member-count?api_key=025002 HTTP/1.1" 200 -
2025-05-05 23:27:10,913 - werkzeug - INFO - 127.0.0.1 - - [05/May/2025 23:27:10] "GET / HTTP/1.1" 200 -
2025-05-05 23:27:10,966 - werkzeug - INFO - 127.0.0.1 - - [05/May/2025 23:27:10] "GET /api/bot-status?api_key=025002 HTTP/1.1" 200 -
2025-05-05 23:27:11,004 - werkzeug - INFO - 127.0.0.1 - - [05/May/2025 23:27:11] "GET /api/member-count?api_key=025002 HTTP/1.1" 200 -
2025-05-05 23:27:15,912 - werkzeug - INFO - 127.0.0.1 - - [05/May/2025 23:27:15] "GET / HTTP/1.1" 200 -
2025-05-05 23:27:15,960 - werkzeug - INFO - 127.0.0.1 - - [05/May/2025 23:27:15] "GET /api/bot-status?api_key=025002 HTTP/1.1" 200 -
2025-05-05 23:27:16,003 - werkzeug - INFO - 127.0.0.1 - - [05/May/2025 23:27:16] "GET /api/member-count?api_key=025002 HTTP/1.1" 200 -
2025-05-05 23:27:20,912 - werkzeug - INFO - 127.0.0.1 - - [05/May/2025 23:27:20] "GET / HTTP/1.1" 200 -
2025-05-05 23:27:20,961 - werkzeug - INFO - 127.0.0.1 - - [05/May/2025 23:27:20] "GET /api/bot-status?api_key=025002 HTTP/1.1" 200 -
2025-05-05 23:27:20,995 - werkzeug - INFO - 127.0.0.1 - - [05/May/2025 23:27:20] "GET /api/member-count?api_key=025002 HTTP/1.1" 200 -
2025-05-05 23:27:25,912 - werkzeug - INFO - 127.0.0.1 - - [05/May/2025 23:27:25] "GET / HTTP/1.1" 200 -
2025-05-05 23:27:25,965 - werkzeug - INFO - 127.0.0.1 - - [05/May/2025 23:27:25] "GET /api/bot-status?api_key=025002 HTTP/1.1" 200 -
2025-05-05 23:27:26,004 - werkzeug - INFO - 127.0.0.1 - - [05/May/2025 23:27:26] "GET /api/member-count?api_key=025002 HTTP/1.1" 200 -
2025-05-05 23:27:30,910 - werkzeug - INFO - 127.0.0.1 - - [05/May/2025 23:27:30] "GET / HTTP/1.1" 200 -
2025-05-05 23:27:30,958 - werkzeug - INFO - 127.0.0.1 - - [05/May/2025 23:27:30] "GET /api/bot-status?api_key=025002 HTTP/1.1" 200 -
2025-05-05 23:27:30,990 - werkzeug - INFO - 127.0.0.1 - - [05/May/2025 23:27:30] "GET /api/member-count?api_key=025002 HTTP/1.1" 200 -
2025-05-05 23:27:35,909 - werkzeug - INFO - 127.0.0.1 - - [05/May/2025 23:27:35] "GET / HTTP/1.1" 200 -
2025-05-05 23:27:35,961 - werkzeug - INFO - 127.0.0.1 - - [05/May/2025 23:27:35] "GET /api/bot-status?api_key=025002 HTTP/1.1" 200 -
2025-05-05 23:27:35,996 - werkzeug - INFO - 127.0.0.1 - - [05/May/2025 23:27:35] "GET /api/member-count?api_key=025002 HTTP/1.1" 200 -
2025-05-05 23:27:40,912 - werkzeug - INFO - 127.0.0.1 - - [05/May/2025 23:27:40] "GET / HTTP/1.1" 200 -
2025-05-05 23:27:40,965 - werkzeug - INFO - 127.0.0.1 - - [05/May/2025 23:27:40] "GET /api/bot-status?api_key=025002 HTTP/1.1" 200 -
2025-05-05 23:27:41,001 - werkzeug - INFO - 127.0.0.1 - - [05/May/2025 23:27:41] "GET /api/member-count?api_key=025002 HTTP/1.1" 200 -
2025-05-05 23:27:45,902 - werkzeug - INFO - 127.0.0.1 - - [05/May/2025 23:27:45] "GET / HTTP/1.1" 200 -
2025-05-05 23:27:45,948 - werkzeug - INFO - 127.0.0.1 - - [05/May/2025 23:27:45] "GET /api/bot-status?api_key=025002 HTTP/1.1" 200 -
2025-05-05 23:27:45,976 - werkzeug - INFO - 127.0.0.1 - - [05/May/2025 23:27:45] "GET /api/member-count?api_key=025002 HTTP/1.1" 200 -
2025-05-05 23:27:50,912 - werkzeug - INFO - 127.0.0.1 - - [05/May/2025 23:27:50] "GET / HTTP/1.1" 200 -
2025-05-05 23:27:50,961 - werkzeug - INFO - 127.0.0.1 - - [05/May/2025 23:27:50] "GET /api/bot-status?api_key=025002 HTTP/1.1" 200 -
2025-05-05 23:27:50,998 - werkzeug - INFO - 127.0.0.1 - - [05/May/2025 23:27:50] "GET /api/member-count?api_key=025002 HTTP/1.1" 200 -
2025-05-05 23:27:55,911 - werkzeug - INFO - 127.0.0.1 - - [05/May/2025 23:27:55] "GET / HTTP/1.1" 200 -
2025-05-05 23:27:55,956 - werkzeug - INFO - 127.0.0.1 - - [05/May/2025 23:27:55] "GET /api/bot-status?api_key=025002 HTTP/1.1" 200 -
2025-05-05 23:27:55,985 - werkzeug - INFO - 127.0.0.1 - - [05/May/2025 23:27:55] "GET /api/member-count?api_key=025002 HTTP/1.1" 200 -
2025-05-05 23:28:00,910 - werkzeug - INFO - 127.0.0.1 - - [05/May/2025 23:28:00] "GET / HTTP/1.1" 200 -
2025-05-05 23:28:00,966 - werkzeug - INFO - 127.0.0.1 - - [05/May/2025 23:28:00] "GET /api/bot-status?api_key=025002 HTTP/1.1" 200 -
2025-05-05 23:28:01,004 - werkzeug - INFO - 127.0.0.1 - - [05/May/2025 23:28:01] "GET /api/member-count?api_key=025002 HTTP/1.1" 200 -
2025-05-05 23:28:05,912 - werkzeug - INFO - 127.0.0.1 - - [05/May/2025 23:28:05] "GET / HTTP/1.1" 200 -
2025-05-05 23:28:05,963 - werkzeug - INFO - 127.0.0.1 - - [05/May/2025 23:28:05] "GET /api/bot-status?api_key=025002 HTTP/1.1" 200 -
2025-05-05 23:28:05,997 - werkzeug - INFO - 127.0.0.1 - - [05/May/2025 23:28:05] "GET /api/member-count?api_key=025002 HTTP/1.1" 200 -
2025-05-05 23:28:10,911 - werkzeug - INFO - 127.0.0.1 - - [05/May/2025 23:28:10] "GET / HTTP/1.1" 200 -
2025-05-05 23:28:10,960 - werkzeug - INFO - 127.0.0.1 - - [05/May/2025 23:28:10] "GET /api/bot-status?api_key=025002 HTTP/1.1" 200 -
2025-05-05 23:28:10,995 - werkzeug - INFO - 127.0.0.1 - - [05/May/2025 23:28:10] "GET /api/member-count?api_key=025002 HTTP/1.1" 200 -
2025-05-05 23:28:15,910 - werkzeug - INFO - 127.0.0.1 - - [05/May/2025 23:28:15] "GET / HTTP/1.1" 200 -
2025-05-05 23:28:15,954 - werkzeug - INFO - 127.0.0.1 - - [05/May/2025 23:28:15] "GET /api/bot-status?api_key=025002 HTTP/1.1" 200 -
2025-05-05 23:28:15,990 - werkzeug - INFO - 127.0.0.1 - - [05/May/2025 23:28:15] "GET /api/member-count?api_key=025002 HTTP/1.1" 200 -
2025-05-05 23:28:20,911 - werkzeug - INFO - 127.0.0.1 - - [05/May/2025 23:28:20] "GET / HTTP/1.1" 200 -
2025-05-05 23:28:20,965 - werkzeug - INFO - 127.0.0.1 - - [05/May/2025 23:28:20] "GET /api/bot-status?api_key=025002 HTTP/1.1" 200 -
2025-05-05 23:28:21,000 - werkzeug - INFO - 127.0.0.1 - - [05/May/2025 23:28:21] "GET /api/member-count?api_key=025002 HTTP/1.1" 200 -
2025-05-05 23:28:25,909 - werkzeug - INFO - 127.0.0.1 - - [05/May/2025 23:28:25] "GET / HTTP/1.1" 200 -
2025-05-05 23:28:25,963 - werkzeug - INFO - 127.0.0.1 - - [05/May/2025 23:28:25] "GET /api/bot-status?api_key=025002 HTTP/1.1" 200 -
2025-05-05 23:28:26,001 - werkzeug - INFO - 127.0.0.1 - - [05/May/2025 23:28:26] "GET /api/member-count?api_key=025002 HTTP/1.1" 200 -
2025-05-05 23:28:30,912 - werkzeug - INFO - 127.0.0.1 - - [05/May/2025 23:28:30] "GET / HTTP/1.1" 200 -
2025-05-05 23:28:30,966 - werkzeug - INFO - 127.0.0.1 - - [05/May/2025 23:28:30] "GET /api/bot-status?api_key=025002 HTTP/1.1" 200 -
2025-05-05 23:28:31,003 - werkzeug - INFO - 127.0.0.1 - - [05/May/2025 23:28:31] "GET /api/member-count?api_key=025002 HTTP/1.1" 200 -
2025-05-05 23:28:35,911 - werkzeug - INFO - 127.0.0.1 - - [05/May/2025 23:28:35] "GET / HTTP/1.1" 200 -
2025-05-05 23:28:35,960 - werkzeug - INFO - 127.0.0.1 - - [05/May/2025 23:28:35] "GET /api/bot-status?api_key=025002 HTTP/1.1" 200 -
2025-05-05 23:28:35,994 - werkzeug - INFO - 127.0.0.1 - - [05/May/2025 23:28:35] "GET /api/member-count?api_key=025002 HTTP/1.1" 200 -
2025-05-05 23:28:40,912 - werkzeug - INFO - 127.0.0.1 - - [05/May/2025 23:28:40] "GET / HTTP/1.1" 200 -
2025-05-05 23:28:40,965 - werkzeug - INFO - 127.0.0.1 - - [05/May/2025 23:28:40] "GET /api/bot-status?api_key=025002 HTTP/1.1" 200 -
2025-05-05 23:28:41,002 - werkzeug - INFO - 127.0.0.1 - - [05/May/2025 23:28:41] "GET /api/member-count?api_key=025002 HTTP/1.1" 200 -
2025-05-05 23:28:45,909 - werkzeug - INFO - 127.0.0.1 - - [05/May/2025 23:28:45] "GET / HTTP/1.1" 200 -
2025-05-05 23:28:45,956 - werkzeug - INFO - 127.0.0.1 - - [05/May/2025 23:28:45] "GET /api/bot-status?api_key=025002 HTTP/1.1" 200 -
2025-05-05 23:28:46,001 - werkzeug - INFO - 127.0.0.1 - - [05/May/2025 23:28:46] "GET /api/member-count?api_key=025002 HTTP/1.1" 200 -
2025-05-05 23:28:50,907 - werkzeug - INFO - 127.0.0.1 - - [05/May/2025 23:28:50] "GET / HTTP/1.1" 200 -
2025-05-05 23:28:50,940 - werkzeug - INFO - 127.0.0.1 - - [05/May/2025 23:28:50] "GET /api/bot-status?api_key=025002 HTTP/1.1" 200 -
2025-05-05 23:28:50,967 - werkzeug - INFO - 127.0.0.1 - - [05/May/2025 23:28:50] "GET /api/member-count?api_key=025002 HTTP/1.1" 200 -
2025-05-05 23:28:55,910 - werkzeug - INFO - 127.0.0.1 - - [05/May/2025 23:28:55] "GET / HTTP/1.1" 200 -
2025-05-05 23:28:55,960 - werkzeug - INFO - 127.0.0.1 - - [05/May/2025 23:28:55] "GET /api/bot-status?api_key=025002 HTTP/1.1" 200 -
2025-05-05 23:28:55,992 - werkzeug - INFO - 127.0.0.1 - - [05/May/2025 23:28:55] "GET /api/member-count?api_key=025002 HTTP/1.1" 200 -
2025-05-05 23:29:00,912 - werkzeug - INFO - 127.0.0.1 - - [05/May/2025 23:29:00] "GET / HTTP/1.1" 200 -
2025-05-05 23:29:00,965 - werkzeug - INFO - 127.0.0.1 - - [05/May/2025 23:29:00] "GET /api/bot-status?api_key=025002 HTTP/1.1" 200 -
2025-05-05 23:29:00,996 - werkzeug - INFO - 127.0.0.1 - - [05/May/2025 23:29:00] "GET /api/member-count?api_key=025002 HTTP/1.1" 200 -
2025-05-05 23:29:05,910 - werkzeug - INFO - 127.0.0.1 - - [05/May/2025 23:29:05] "GET / HTTP/1.1" 200 -
2025-05-05 23:29:05,966 - werkzeug - INFO - 127.0.0.1 - - [05/May/2025 23:29:05] "GET /api/bot-status?api_key=025002 HTTP/1.1" 200 -
2025-05-05 23:29:06,003 - werkzeug - INFO - 127.0.0.1 - - [05/May/2025 23:29:06] "GET /api/member-count?api_key=025002 HTTP/1.1" 200 -
2025-05-05 23:29:10,910 - werkzeug - INFO - 127.0.0.1 - - [05/May/2025 23:29:10] "GET / HTTP/1.1" 200 -
2025-05-05 23:29:10,963 - werkzeug - INFO - 127.0.0.1 - - [05/May/2025 23:29:10] "GET /api/bot-status?api_key=025002 HTTP/1.1" 200 -
2025-05-05 23:29:10,998 - werkzeug - INFO - 127.0.0.1 - - [05/May/2025 23:29:10] "GET /api/member-count?api_key=025002 HTTP/1.1" 200 -
2025-05-05 23:29:15,909 - werkzeug - INFO - 127.0.0.1 - - [05/May/2025 23:29:15] "GET / HTTP/1.1" 200 -
2025-05-05 23:29:15,962 - werkzeug - INFO - 127.0.0.1 - - [05/May/2025 23:29:15] "GET /api/bot-status?api_key=025002 HTTP/1.1" 200 -
2025-05-05 23:29:16,007 - werkzeug - INFO - 127.0.0.1 - - [05/May/2025 23:29:16] "GET /api/member-count?api_key=025002 HTTP/1.1" 200 -
2025-05-05 23:29:20,910 - werkzeug - INFO - 127.0.0.1 - - [05/May/2025 23:29:20] "GET / HTTP/1.1" 200 -
2025-05-05 23:29:20,966 - werkzeug - INFO - 127.0.0.1 - - [05/May/2025 23:29:20] "GET /api/bot-status?api_key=025002 HTTP/1.1" 200 -
2025-05-05 23:29:21,000 - werkzeug - INFO - 127.0.0.1 - - [05/May/2025 23:29:21] "GET /api/member-count?api_key=025002 HTTP/1.1" 200 -
2025-05-05 23:29:25,912 - werkzeug - INFO - 127.0.0.1 - - [05/May/2025 23:29:25] "GET / HTTP/1.1" 200 -
2025-05-05 23:29:25,964 - werkzeug - INFO - 127.0.0.1 - - [05/May/2025 23:29:25] "GET /api/bot-status?api_key=025002 HTTP/1.1" 200 -
2025-05-05 23:29:26,001 - werkzeug - INFO - 127.0.0.1 - - [05/May/2025 23:29:26] "GET /api/member-count?api_key=025002 HTTP/1.1" 200 -
2025-05-05 23:29:30,911 - werkzeug - INFO - 127.0.0.1 - - [05/May/2025 23:29:30] "GET / HTTP/1.1" 200 -
2025-05-05 23:29:30,965 - werkzeug - INFO - 127.0.0.1 - - [05/May/2025 23:29:30] "GET /api/bot-status?api_key=025002 HTTP/1.1" 200 -
2025-05-05 23:29:31,001 - werkzeug - INFO - 127.0.0.1 - - [05/May/2025 23:29:31] "GET /api/member-count?api_key=025002 HTTP/1.1" 200 -
2025-05-05 23:29:35,910 - werkzeug - INFO - 127.0.0.1 - - [05/May/2025 23:29:35] "GET / HTTP/1.1" 200 -
2025-05-05 23:29:35,963 - werkzeug - INFO - 127.0.0.1 - - [05/May/2025 23:29:35] "GET /api/bot-status?api_key=025002 HTTP/1.1" 200 -
2025-05-05 23:29:35,999 - werkzeug - INFO - 127.0.0.1 - - [05/May/2025 23:29:35] "GET /api/member-count?api_key=025002 HTTP/1.1" 200 -
2025-05-05 23:29:40,911 - werkzeug - INFO - 127.0.0.1 - - [05/May/2025 23:29:40] "GET / HTTP/1.1" 200 -
2025-05-05 23:29:40,964 - werkzeug - INFO - 127.0.0.1 - - [05/May/2025 23:29:40] "GET /api/bot-status?api_key=025002 HTTP/1.1" 200 -
2025-05-05 23:29:40,997 - werkzeug - INFO - 127.0.0.1 - - [05/May/2025 23:29:40] "GET /api/member-count?api_key=025002 HTTP/1.1" 200 -
2025-05-05 23:29:45,912 - werkzeug - INFO - 127.0.0.1 - - [05/May/2025 23:29:45] "GET / HTTP/1.1" 200 -
2025-05-05 23:29:45,963 - werkzeug - INFO - 127.0.0.1 - - [05/May/2025 23:29:45] "GET /api/bot-status?api_key=025002 HTTP/1.1" 200 -
2025-05-05 23:29:46,000 - werkzeug - INFO - 127.0.0.1 - - [05/May/2025 23:29:46] "GET /api/member-count?api_key=025002 HTTP/1.1" 200 -
2025-05-05 23:29:50,910 - werkzeug - INFO - 127.0.0.1 - - [05/May/2025 23:29:50] "GET / HTTP/1.1" 200 -
2025-05-05 23:29:50,963 - werkzeug - INFO - 127.0.0.1 - - [05/May/2025 23:29:50] "GET /api/bot-status?api_key=025002 HTTP/1.1" 200 -
2025-05-05 23:29:50,997 - werkzeug - INFO - 127.0.0.1 - - [05/May/2025 23:29:50] "GET /api/member-count?api_key=025002 HTTP/1.1" 200 -
2025-05-05 23:29:55,910 - werkzeug - INFO - 127.0.0.1 - - [05/May/2025 23:29:55] "GET / HTTP/1.1" 200 -
2025-05-05 23:29:55,966 - werkzeug - INFO - 127.0.0.1 - - [05/May/2025 23:29:55] "GET /api/bot-status?api_key=025002 HTTP/1.1" 200 -
2025-05-05 23:29:56,003 - werkzeug - INFO - 127.0.0.1 - - [05/May/2025 23:29:56] "GET /api/member-count?api_key=025002 HTTP/1.1" 200 -
2025-05-05 23:30:00,910 - werkzeug - INFO - 127.0.0.1 - - [05/May/2025 23:30:00] "GET / HTTP/1.1" 200 -
2025-05-05 23:30:00,967 - werkzeug - INFO - 127.0.0.1 - - [05/May/2025 23:30:00] "GET /api/bot-status?api_key=025002 HTTP/1.1" 200 -
2025-05-05 23:30:01,022 - werkzeug - INFO - 127.0.0.1 - - [05/May/2025 23:30:01] "GET /api/member-count?api_key=025002 HTTP/1.1" 200 -
2025-05-05 23:30:05,910 - werkzeug - INFO - 127.0.0.1 - - [05/May/2025 23:30:05] "GET / HTTP/1.1" 200 -
2025-05-05 23:30:05,964 - werkzeug - INFO - 127.0.0.1 - - [05/May/2025 23:30:05] "GET /api/bot-status?api_key=025002 HTTP/1.1" 200 -
2025-05-05 23:30:06,002 - werkzeug - INFO - 127.0.0.1 - - [05/May/2025 23:30:06] "GET /api/member-count?api_key=025002 HTTP/1.1" 200 -
2025-05-05 23:30:10,911 - werkzeug - INFO - 127.0.0.1 - - [05/May/2025 23:30:10] "GET / HTTP/1.1" 200 -
2025-05-05 23:30:10,966 - werkzeug - INFO - 127.0.0.1 - - [05/May/2025 23:30:10] "GET /api/bot-status?api_key=025002 HTTP/1.1" 200 -
2025-05-05 23:30:11,000 - werkzeug - INFO - 127.0.0.1 - - [05/May/2025 23:30:11] "GET /api/member-count?api_key=025002 HTTP/1.1" 200 -
2025-05-05 23:30:15,909 - werkzeug - INFO - 127.0.0.1 - - [05/May/2025 23:30:15] "GET / HTTP/1.1" 200 -
2025-05-05 23:30:15,963 - werkzeug - INFO - 127.0.0.1 - - [05/May/2025 23:30:15] "GET /api/bot-status?api_key=025002 HTTP/1.1" 200 -
2025-05-05 23:30:16,012 - werkzeug - INFO - 127.0.0.1 - - [05/May/2025 23:30:16] "GET /api/member-count?api_key=025002 HTTP/1.1" 200 -
2025-05-05 23:30:20,910 - werkzeug - INFO - 127.0.0.1 - - [05/May/2025 23:30:20] "GET / HTTP/1.1" 200 -
2025-05-05 23:30:20,965 - werkzeug - INFO - 127.0.0.1 - - [05/May/2025 23:30:20] "GET /api/bot-status?api_key=025002 HTTP/1.1" 200 -
2025-05-05 23:30:20,999 - werkzeug - INFO - 127.0.0.1 - - [05/May/2025 23:30:20] "GET /api/member-count?api_key=025002 HTTP/1.1" 200 -
2025-05-05 23:30:25,910 - werkzeug - INFO - 127.0.0.1 - - [05/May/2025 23:30:25] "GET / HTTP/1.1" 200 -
2025-05-05 23:30:25,963 - werkzeug - INFO - 127.0.0.1 - - [05/May/2025 23:30:25] "GET /api/bot-status?api_key=025002 HTTP/1.1" 200 -
2025-05-05 23:30:26,001 - werkzeug - INFO - 127.0.0.1 - - [05/May/2025 23:30:26] "GET /api/member-count?api_key=025002 HTTP/1.1" 200 -
2025-05-05 23:30:30,910 - werkzeug - INFO - 127.0.0.1 - - [05/May/2025 23:30:30] "GET / HTTP/1.1" 200 -
2025-05-05 23:30:30,964 - werkzeug - INFO - 127.0.0.1 - - [05/May/2025 23:30:30] "GET /api/bot-status?api_key=025002 HTTP/1.1" 200 -
2025-05-05 23:30:30,998 - werkzeug - INFO - 127.0.0.1 - - [05/May/2025 23:30:30] "GET /api/member-count?api_key=025002 HTTP/1.1" 200 -
2025-05-05 23:30:35,910 - werkzeug - INFO - 127.0.0.1 - - [05/May/2025 23:30:35] "GET / HTTP/1.1" 200 -
2025-05-05 23:30:35,965 - werkzeug - INFO - 127.0.0.1 - - [05/May/2025 23:30:35] "GET /api/bot-status?api_key=025002 HTTP/1.1" 200 -
2025-05-05 23:30:36,001 - werkzeug - INFO - 127.0.0.1 - - [05/May/2025 23:30:36] "GET /api/member-count?api_key=025002 HTTP/1.1" 200 -
2025-05-05 23:30:40,910 - werkzeug - INFO - 127.0.0.1 - - [05/May/2025 23:30:40] "GET / HTTP/1.1" 200 -
2025-05-05 23:30:40,966 - werkzeug - INFO - 127.0.0.1 - - [05/May/2025 23:30:40] "GET /api/bot-status?api_key=025002 HTTP/1.1" 200 -
2025-05-05 23:30:41,002 - werkzeug - INFO - 127.0.0.1 - - [05/May/2025 23:30:41] "GET /api/member-count?api_key=025002 HTTP/1.1" 200 -
2025-05-05 23:30:45,914 - werkzeug - INFO - 127.0.0.1 - - [05/May/2025 23:30:45] "GET / HTTP/1.1" 200 -
2025-05-05 23:30:45,962 - werkzeug - INFO - 127.0.0.1 - - [05/May/2025 23:30:45] "GET /api/bot-status?api_key=025002 HTTP/1.1" 200 -
2025-05-05 23:30:46,000 - werkzeug - INFO - 127.0.0.1 - - [05/May/2025 23:30:46] "GET /api/member-count?api_key=025002 HTTP/1.1" 200 -
2025-05-05 23:30:50,910 - werkzeug - INFO - 127.0.0.1 - - [05/May/2025 23:30:50] "GET / HTTP/1.1" 200 -
2025-05-05 23:30:50,964 - werkzeug - INFO - 127.0.0.1 - - [05/May/2025 23:30:50] "GET /api/bot-status?api_key=025002 HTTP/1.1" 200 -
2025-05-05 23:30:50,997 - werkzeug - INFO - 127.0.0.1 - - [05/May/2025 23:30:50] "GET /api/member-count?api_key=025002 HTTP/1.1" 200 -
2025-05-05 23:30:55,910 - werkzeug - INFO - 127.0.0.1 - - [05/May/2025 23:30:55] "GET / HTTP/1.1" 200 -
2025-05-05 23:30:55,961 - werkzeug - INFO - 127.0.0.1 - - [05/May/2025 23:30:55] "GET /api/bot-status?api_key=025002 HTTP/1.1" 200 -
2025-05-05 23:30:55,995 - werkzeug - INFO - 127.0.0.1 - - [05/May/2025 23:30:55] "GET /api/member-count?api_key=025002 HTTP/1.1" 200 -
2025-05-05 23:31:00,911 - werkzeug - INFO - 127.0.0.1 - - [05/May/2025 23:31:00] "GET / HTTP/1.1" 200 -
2025-05-05 23:31:00,964 - werkzeug - INFO - 127.0.0.1 - - [05/May/2025 23:31:00] "GET /api/bot-status?api_key=025002 HTTP/1.1" 200 -
2025-05-05 23:31:01,000 - werkzeug - INFO - 127.0.0.1 - - [05/May/2025 23:31:01] "GET /api/member-count?api_key=025002 HTTP/1.1" 200 -
2025-05-05 23:31:05,908 - werkzeug - INFO - 127.0.0.1 - - [05/May/2025 23:31:05] "GET / HTTP/1.1" 200 -
2025-05-05 23:31:05,954 - werkzeug - INFO - 127.0.0.1 - - [05/May/2025 23:31:05] "GET /api/bot-status?api_key=025002 HTTP/1.1" 200 -
2025-05-05 23:31:05,987 - werkzeug - INFO - 127.0.0.1 - - [05/May/2025 23:31:05] "GET /api/member-count?api_key=025002 HTTP/1.1" 200 -
2025-05-05 23:31:10,907 - werkzeug - INFO - 127.0.0.1 - - [05/May/2025 23:31:10] "GET / HTTP/1.1" 200 -
2025-05-05 23:31:10,957 - werkzeug - INFO - 127.0.0.1 - - [05/May/2025 23:31:10] "GET /api/bot-status?api_key=025002 HTTP/1.1" 200 -
2025-05-05 23:31:10,993 - werkzeug - INFO - 127.0.0.1 - - [05/May/2025 23:31:10] "GET /api/member-count?api_key=025002 HTTP/1.1" 200 -
2025-05-05 23:31:15,910 - werkzeug - INFO - 127.0.0.1 - - [05/May/2025 23:31:15] "GET / HTTP/1.1" 200 -
2025-05-05 23:31:15,959 - werkzeug - INFO - 127.0.0.1 - - [05/May/2025 23:31:15] "GET /api/bot-status?api_key=025002 HTTP/1.1" 200 -
2025-05-05 23:31:16,001 - werkzeug - INFO - 127.0.0.1 - - [05/May/2025 23:31:16] "GET /api/member-count?api_key=025002 HTTP/1.1" 200 -
2025-05-05 23:31:20,910 - werkzeug - INFO - 127.0.0.1 - - [05/May/2025 23:31:20] "GET / HTTP/1.1" 200 -
2025-05-05 23:31:20,963 - werkzeug - INFO - 127.0.0.1 - - [05/May/2025 23:31:20] "GET /api/bot-status?api_key=025002 HTTP/1.1" 200 -
2025-05-05 23:31:21,001 - werkzeug - INFO - 127.0.0.1 - - [05/May/2025 23:31:21] "GET /api/member-count?api_key=025002 HTTP/1.1" 200 -
2025-05-05 23:31:25,910 - werkzeug - INFO - 127.0.0.1 - - [05/May/2025 23:31:25] "GET / HTTP/1.1" 200 -
2025-05-05 23:31:25,963 - werkzeug - INFO - 127.0.0.1 - - [05/May/2025 23:31:25] "GET /api/bot-status?api_key=025002 HTTP/1.1" 200 -
2025-05-05 23:31:26,000 - werkzeug - INFO - 127.0.0.1 - - [05/May/2025 23:31:26] "GET /api/member-count?api_key=025002 HTTP/1.1" 200 -
2025-05-06 00:00:27,727 - discord.client - ERROR - Attempting a reconnect in 1.61s
Traceback (most recent call last):
  File "/Users/campusheilbronn/PycharmProjects/TUMDiscordBot/.venv/lib/python3.12/site-packages/discord/client.py", line 601, in connect
    await self.ws.poll_event()
  File "/Users/campusheilbronn/PycharmProjects/TUMDiscordBot/.venv/lib/python3.12/site-packages/discord/gateway.py", line 632, in poll_event
    raise ConnectionClosed(
discord.errors.ConnectionClosed: Shard ID None WebSocket closed with 1000
2025-05-06 00:00:35,581 - discord.client - ERROR - Attempting a reconnect in 3.68s
Traceback (most recent call last):
  File "/Users/campusheilbronn/PycharmProjects/TUMDiscordBot/.venv/lib/python3.12/site-packages/aiohttp/connector.py", line 1116, in _wrap_create_connection
    return await self._loop.create_connection(*args, **kwargs, sock=sock)
           ^^^^^^^^^^^^^^^^^^^^^^^^^^^^^^^^^^^^^^^^^^^^^^^^^^^^^^^^^^^^^^
  File "/Library/Frameworks/Python.framework/Versions/3.12/lib/python3.12/asyncio/base_events.py", line 1148, in create_connection
    transport, protocol = await self._create_connection_transport(
                          ^^^^^^^^^^^^^^^^^^^^^^^^^^^^^^^^^^^^^^^^
  File "/Library/Frameworks/Python.framework/Versions/3.12/lib/python3.12/asyncio/base_events.py", line 1181, in _create_connection_transport
    await waiter
  File "/Library/Frameworks/Python.framework/Versions/3.12/lib/python3.12/asyncio/sslproto.py", line 578, in _on_handshake_complete
    raise handshake_exc
  File "/Library/Frameworks/Python.framework/Versions/3.12/lib/python3.12/asyncio/sslproto.py", line 560, in _do_handshake
    self._sslobj.do_handshake()
  File "/Library/Frameworks/Python.framework/Versions/3.12/lib/python3.12/ssl.py", line 916, in do_handshake
    self._sslobj.do_handshake()
ssl.SSLCertVerificationError: [SSL: CERTIFICATE_VERIFY_FAILED] certificate verify failed: self-signed certificate (_ssl.c:1000)

The above exception was the direct cause of the following exception:

Traceback (most recent call last):
  File "/Users/campusheilbronn/PycharmProjects/TUMDiscordBot/.venv/lib/python3.12/site-packages/discord/client.py", line 598, in connect
    self.ws = await asyncio.wait_for(coro, timeout=60.0)
              ^^^^^^^^^^^^^^^^^^^^^^^^^^^^^^^^^^^^^^^^^^
  File "/Library/Frameworks/Python.framework/Versions/3.12/lib/python3.12/asyncio/tasks.py", line 520, in wait_for
    return await fut
           ^^^^^^^^^
  File "/Users/campusheilbronn/PycharmProjects/TUMDiscordBot/.venv/lib/python3.12/site-packages/discord/gateway.py", line 338, in from_client
    gateway = gateway or await client.http.get_gateway()
                         ^^^^^^^^^^^^^^^^^^^^^^^^^^^^^^^
  File "/Users/campusheilbronn/PycharmProjects/TUMDiscordBot/.venv/lib/python3.12/site-packages/discord/http.py", line 2999, in get_gateway
    data = await self.request(Route("GET", "/gateway"))
           ^^^^^^^^^^^^^^^^^^^^^^^^^^^^^^^^^^^^^^^^^^^^
  File "/Users/campusheilbronn/PycharmProjects/TUMDiscordBot/.venv/lib/python3.12/site-packages/discord/http.py", line 285, in request
    async with self.__session.request(
               ^^^^^^^^^^^^^^^^^^^^^^^
  File "/Users/campusheilbronn/PycharmProjects/TUMDiscordBot/.venv/lib/python3.12/site-packages/aiohttp/client.py", line 1423, in __aenter__
    self._resp: _RetType = await self._coro
                           ^^^^^^^^^^^^^^^^
  File "/Users/campusheilbronn/PycharmProjects/TUMDiscordBot/.venv/lib/python3.12/site-packages/aiohttp/client.py", line 701, in _request
    conn = await self._connector.connect(
           ^^^^^^^^^^^^^^^^^^^^^^^^^^^^^^
  File "/Users/campusheilbronn/PycharmProjects/TUMDiscordBot/.venv/lib/python3.12/site-packages/aiohttp/connector.py", line 544, in connect
    proto = await self._create_connection(req, traces, timeout)
            ^^^^^^^^^^^^^^^^^^^^^^^^^^^^^^^^^^^^^^^^^^^^^^^^^^^
  File "/Users/campusheilbronn/PycharmProjects/TUMDiscordBot/.venv/lib/python3.12/site-packages/aiohttp/connector.py", line 1050, in _create_connection
    _, proto = await self._create_direct_connection(req, traces, timeout)
               ^^^^^^^^^^^^^^^^^^^^^^^^^^^^^^^^^^^^^^^^^^^^^^^^^^^^^^^^^^
  File "/Users/campusheilbronn/PycharmProjects/TUMDiscordBot/.venv/lib/python3.12/site-packages/aiohttp/connector.py", line 1394, in _create_direct_connection
    raise last_exc
  File "/Users/campusheilbronn/PycharmProjects/TUMDiscordBot/.venv/lib/python3.12/site-packages/aiohttp/connector.py", line 1363, in _create_direct_connection
    transp, proto = await self._wrap_create_connection(
                    ^^^^^^^^^^^^^^^^^^^^^^^^^^^^^^^^^^^
  File "/Users/campusheilbronn/PycharmProjects/TUMDiscordBot/.venv/lib/python3.12/site-packages/aiohttp/connector.py", line 1118, in _wrap_create_connection
    raise ClientConnectorCertificateError(req.connection_key, exc) from exc
aiohttp.client_exceptions.ClientConnectorCertificateError: Cannot connect to host discord.com:443 ssl:True [SSLCertVerificationError: (1, '[SSL: CERTIFICATE_VERIFY_FAILED] certificate verify failed: self-signed certificate (_ssl.c:1000)')]
2025-05-06 00:00:47,806 - discord.client - ERROR - Attempting a reconnect in 7.51s
Traceback (most recent call last):
  File "/Users/campusheilbronn/PycharmProjects/TUMDiscordBot/.venv/lib/python3.12/site-packages/aiohttp/connector.py", line 1116, in _wrap_create_connection
    return await self._loop.create_connection(*args, **kwargs, sock=sock)
           ^^^^^^^^^^^^^^^^^^^^^^^^^^^^^^^^^^^^^^^^^^^^^^^^^^^^^^^^^^^^^^
  File "/Library/Frameworks/Python.framework/Versions/3.12/lib/python3.12/asyncio/base_events.py", line 1148, in create_connection
    transport, protocol = await self._create_connection_transport(
                          ^^^^^^^^^^^^^^^^^^^^^^^^^^^^^^^^^^^^^^^^
  File "/Library/Frameworks/Python.framework/Versions/3.12/lib/python3.12/asyncio/base_events.py", line 1181, in _create_connection_transport
    await waiter
  File "/Library/Frameworks/Python.framework/Versions/3.12/lib/python3.12/asyncio/sslproto.py", line 578, in _on_handshake_complete
    raise handshake_exc
  File "/Library/Frameworks/Python.framework/Versions/3.12/lib/python3.12/asyncio/sslproto.py", line 560, in _do_handshake
    self._sslobj.do_handshake()
  File "/Library/Frameworks/Python.framework/Versions/3.12/lib/python3.12/ssl.py", line 916, in do_handshake
    self._sslobj.do_handshake()
ssl.SSLCertVerificationError: [SSL: CERTIFICATE_VERIFY_FAILED] certificate verify failed: self-signed certificate (_ssl.c:1000)

The above exception was the direct cause of the following exception:

Traceback (most recent call last):
  File "/Users/campusheilbronn/PycharmProjects/TUMDiscordBot/.venv/lib/python3.12/site-packages/discord/client.py", line 598, in connect
    self.ws = await asyncio.wait_for(coro, timeout=60.0)
              ^^^^^^^^^^^^^^^^^^^^^^^^^^^^^^^^^^^^^^^^^^
  File "/Library/Frameworks/Python.framework/Versions/3.12/lib/python3.12/asyncio/tasks.py", line 520, in wait_for
    return await fut
           ^^^^^^^^^
  File "/Users/campusheilbronn/PycharmProjects/TUMDiscordBot/.venv/lib/python3.12/site-packages/discord/gateway.py", line 338, in from_client
    gateway = gateway or await client.http.get_gateway()
                         ^^^^^^^^^^^^^^^^^^^^^^^^^^^^^^^
  File "/Users/campusheilbronn/PycharmProjects/TUMDiscordBot/.venv/lib/python3.12/site-packages/discord/http.py", line 2999, in get_gateway
    data = await self.request(Route("GET", "/gateway"))
           ^^^^^^^^^^^^^^^^^^^^^^^^^^^^^^^^^^^^^^^^^^^^
  File "/Users/campusheilbronn/PycharmProjects/TUMDiscordBot/.venv/lib/python3.12/site-packages/discord/http.py", line 285, in request
    async with self.__session.request(
               ^^^^^^^^^^^^^^^^^^^^^^^
  File "/Users/campusheilbronn/PycharmProjects/TUMDiscordBot/.venv/lib/python3.12/site-packages/aiohttp/client.py", line 1423, in __aenter__
    self._resp: _RetType = await self._coro
                           ^^^^^^^^^^^^^^^^
  File "/Users/campusheilbronn/PycharmProjects/TUMDiscordBot/.venv/lib/python3.12/site-packages/aiohttp/client.py", line 701, in _request
    conn = await self._connector.connect(
           ^^^^^^^^^^^^^^^^^^^^^^^^^^^^^^
  File "/Users/campusheilbronn/PycharmProjects/TUMDiscordBot/.venv/lib/python3.12/site-packages/aiohttp/connector.py", line 544, in connect
    proto = await self._create_connection(req, traces, timeout)
            ^^^^^^^^^^^^^^^^^^^^^^^^^^^^^^^^^^^^^^^^^^^^^^^^^^^
  File "/Users/campusheilbronn/PycharmProjects/TUMDiscordBot/.venv/lib/python3.12/site-packages/aiohttp/connector.py", line 1050, in _create_connection
    _, proto = await self._create_direct_connection(req, traces, timeout)
               ^^^^^^^^^^^^^^^^^^^^^^^^^^^^^^^^^^^^^^^^^^^^^^^^^^^^^^^^^^
  File "/Users/campusheilbronn/PycharmProjects/TUMDiscordBot/.venv/lib/python3.12/site-packages/aiohttp/connector.py", line 1394, in _create_direct_connection
    raise last_exc
  File "/Users/campusheilbronn/PycharmProjects/TUMDiscordBot/.venv/lib/python3.12/site-packages/aiohttp/connector.py", line 1363, in _create_direct_connection
    transp, proto = await self._wrap_create_connection(
                    ^^^^^^^^^^^^^^^^^^^^^^^^^^^^^^^^^^^
  File "/Users/campusheilbronn/PycharmProjects/TUMDiscordBot/.venv/lib/python3.12/site-packages/aiohttp/connector.py", line 1118, in _wrap_create_connection
    raise ClientConnectorCertificateError(req.connection_key, exc) from exc
aiohttp.client_exceptions.ClientConnectorCertificateError: Cannot connect to host discord.com:443 ssl:True [SSLCertVerificationError: (1, '[SSL: CERTIFICATE_VERIFY_FAILED] certificate verify failed: self-signed certificate (_ssl.c:1000)')]
2025-05-06 00:01:08,644 - discord.client - ERROR - Attempting a reconnect in 15.45s
Traceback (most recent call last):
  File "/Users/campusheilbronn/PycharmProjects/TUMDiscordBot/.venv/lib/python3.12/site-packages/aiohttp/connector.py", line 1116, in _wrap_create_connection
    return await self._loop.create_connection(*args, **kwargs, sock=sock)
           ^^^^^^^^^^^^^^^^^^^^^^^^^^^^^^^^^^^^^^^^^^^^^^^^^^^^^^^^^^^^^^
  File "/Library/Frameworks/Python.framework/Versions/3.12/lib/python3.12/asyncio/base_events.py", line 1148, in create_connection
    transport, protocol = await self._create_connection_transport(
                          ^^^^^^^^^^^^^^^^^^^^^^^^^^^^^^^^^^^^^^^^
  File "/Library/Frameworks/Python.framework/Versions/3.12/lib/python3.12/asyncio/base_events.py", line 1181, in _create_connection_transport
    await waiter
  File "/Library/Frameworks/Python.framework/Versions/3.12/lib/python3.12/asyncio/sslproto.py", line 578, in _on_handshake_complete
    raise handshake_exc
  File "/Library/Frameworks/Python.framework/Versions/3.12/lib/python3.12/asyncio/sslproto.py", line 560, in _do_handshake
    self._sslobj.do_handshake()
  File "/Library/Frameworks/Python.framework/Versions/3.12/lib/python3.12/ssl.py", line 916, in do_handshake
    self._sslobj.do_handshake()
ssl.SSLCertVerificationError: [SSL: CERTIFICATE_VERIFY_FAILED] certificate verify failed: self-signed certificate (_ssl.c:1000)

The above exception was the direct cause of the following exception:

Traceback (most recent call last):
  File "/Users/campusheilbronn/PycharmProjects/TUMDiscordBot/.venv/lib/python3.12/site-packages/discord/client.py", line 598, in connect
    self.ws = await asyncio.wait_for(coro, timeout=60.0)
              ^^^^^^^^^^^^^^^^^^^^^^^^^^^^^^^^^^^^^^^^^^
  File "/Library/Frameworks/Python.framework/Versions/3.12/lib/python3.12/asyncio/tasks.py", line 520, in wait_for
    return await fut
           ^^^^^^^^^
  File "/Users/campusheilbronn/PycharmProjects/TUMDiscordBot/.venv/lib/python3.12/site-packages/discord/gateway.py", line 338, in from_client
    gateway = gateway or await client.http.get_gateway()
                         ^^^^^^^^^^^^^^^^^^^^^^^^^^^^^^^
  File "/Users/campusheilbronn/PycharmProjects/TUMDiscordBot/.venv/lib/python3.12/site-packages/discord/http.py", line 2999, in get_gateway
    data = await self.request(Route("GET", "/gateway"))
           ^^^^^^^^^^^^^^^^^^^^^^^^^^^^^^^^^^^^^^^^^^^^
  File "/Users/campusheilbronn/PycharmProjects/TUMDiscordBot/.venv/lib/python3.12/site-packages/discord/http.py", line 285, in request
    async with self.__session.request(
               ^^^^^^^^^^^^^^^^^^^^^^^
  File "/Users/campusheilbronn/PycharmProjects/TUMDiscordBot/.venv/lib/python3.12/site-packages/aiohttp/client.py", line 1423, in __aenter__
    self._resp: _RetType = await self._coro
                           ^^^^^^^^^^^^^^^^
  File "/Users/campusheilbronn/PycharmProjects/TUMDiscordBot/.venv/lib/python3.12/site-packages/aiohttp/client.py", line 701, in _request
    conn = await self._connector.connect(
           ^^^^^^^^^^^^^^^^^^^^^^^^^^^^^^
  File "/Users/campusheilbronn/PycharmProjects/TUMDiscordBot/.venv/lib/python3.12/site-packages/aiohttp/connector.py", line 544, in connect
    proto = await self._create_connection(req, traces, timeout)
            ^^^^^^^^^^^^^^^^^^^^^^^^^^^^^^^^^^^^^^^^^^^^^^^^^^^
  File "/Users/campusheilbronn/PycharmProjects/TUMDiscordBot/.venv/lib/python3.12/site-packages/aiohttp/connector.py", line 1050, in _create_connection
    _, proto = await self._create_direct_connection(req, traces, timeout)
               ^^^^^^^^^^^^^^^^^^^^^^^^^^^^^^^^^^^^^^^^^^^^^^^^^^^^^^^^^^
  File "/Users/campusheilbronn/PycharmProjects/TUMDiscordBot/.venv/lib/python3.12/site-packages/aiohttp/connector.py", line 1394, in _create_direct_connection
    raise last_exc
  File "/Users/campusheilbronn/PycharmProjects/TUMDiscordBot/.venv/lib/python3.12/site-packages/aiohttp/connector.py", line 1363, in _create_direct_connection
    transp, proto = await self._wrap_create_connection(
                    ^^^^^^^^^^^^^^^^^^^^^^^^^^^^^^^^^^^
  File "/Users/campusheilbronn/PycharmProjects/TUMDiscordBot/.venv/lib/python3.12/site-packages/aiohttp/connector.py", line 1118, in _wrap_create_connection
    raise ClientConnectorCertificateError(req.connection_key, exc) from exc
aiohttp.client_exceptions.ClientConnectorCertificateError: Cannot connect to host discord.com:443 ssl:True [SSLCertVerificationError: (1, '[SSL: CERTIFICATE_VERIFY_FAILED] certificate verify failed: self-signed certificate (_ssl.c:1000)')]
2025-05-06 00:01:27,194 - discord.client - ERROR - Attempting a reconnect in 3.34s
Traceback (most recent call last):
  File "/Users/campusheilbronn/PycharmProjects/TUMDiscordBot/.venv/lib/python3.12/site-packages/aiohttp/connector.py", line 1116, in _wrap_create_connection
    return await self._loop.create_connection(*args, **kwargs, sock=sock)
           ^^^^^^^^^^^^^^^^^^^^^^^^^^^^^^^^^^^^^^^^^^^^^^^^^^^^^^^^^^^^^^
  File "/Library/Frameworks/Python.framework/Versions/3.12/lib/python3.12/asyncio/base_events.py", line 1148, in create_connection
    transport, protocol = await self._create_connection_transport(
                          ^^^^^^^^^^^^^^^^^^^^^^^^^^^^^^^^^^^^^^^^
  File "/Library/Frameworks/Python.framework/Versions/3.12/lib/python3.12/asyncio/base_events.py", line 1181, in _create_connection_transport
    await waiter
  File "/Library/Frameworks/Python.framework/Versions/3.12/lib/python3.12/asyncio/sslproto.py", line 578, in _on_handshake_complete
    raise handshake_exc
  File "/Library/Frameworks/Python.framework/Versions/3.12/lib/python3.12/asyncio/sslproto.py", line 560, in _do_handshake
    self._sslobj.do_handshake()
  File "/Library/Frameworks/Python.framework/Versions/3.12/lib/python3.12/ssl.py", line 916, in do_handshake
    self._sslobj.do_handshake()
ssl.SSLCertVerificationError: [SSL: CERTIFICATE_VERIFY_FAILED] certificate verify failed: self-signed certificate (_ssl.c:1000)

The above exception was the direct cause of the following exception:

Traceback (most recent call last):
  File "/Users/campusheilbronn/PycharmProjects/TUMDiscordBot/.venv/lib/python3.12/site-packages/discord/client.py", line 598, in connect
    self.ws = await asyncio.wait_for(coro, timeout=60.0)
              ^^^^^^^^^^^^^^^^^^^^^^^^^^^^^^^^^^^^^^^^^^
  File "/Library/Frameworks/Python.framework/Versions/3.12/lib/python3.12/asyncio/tasks.py", line 520, in wait_for
    return await fut
           ^^^^^^^^^
  File "/Users/campusheilbronn/PycharmProjects/TUMDiscordBot/.venv/lib/python3.12/site-packages/discord/gateway.py", line 338, in from_client
    gateway = gateway or await client.http.get_gateway()
                         ^^^^^^^^^^^^^^^^^^^^^^^^^^^^^^^
  File "/Users/campusheilbronn/PycharmProjects/TUMDiscordBot/.venv/lib/python3.12/site-packages/discord/http.py", line 2999, in get_gateway
    data = await self.request(Route("GET", "/gateway"))
           ^^^^^^^^^^^^^^^^^^^^^^^^^^^^^^^^^^^^^^^^^^^^
  File "/Users/campusheilbronn/PycharmProjects/TUMDiscordBot/.venv/lib/python3.12/site-packages/discord/http.py", line 285, in request
    async with self.__session.request(
               ^^^^^^^^^^^^^^^^^^^^^^^
  File "/Users/campusheilbronn/PycharmProjects/TUMDiscordBot/.venv/lib/python3.12/site-packages/aiohttp/client.py", line 1423, in __aenter__
    self._resp: _RetType = await self._coro
                           ^^^^^^^^^^^^^^^^
  File "/Users/campusheilbronn/PycharmProjects/TUMDiscordBot/.venv/lib/python3.12/site-packages/aiohttp/client.py", line 701, in _request
    conn = await self._connector.connect(
           ^^^^^^^^^^^^^^^^^^^^^^^^^^^^^^
  File "/Users/campusheilbronn/PycharmProjects/TUMDiscordBot/.venv/lib/python3.12/site-packages/aiohttp/connector.py", line 544, in connect
    proto = await self._create_connection(req, traces, timeout)
            ^^^^^^^^^^^^^^^^^^^^^^^^^^^^^^^^^^^^^^^^^^^^^^^^^^^
  File "/Users/campusheilbronn/PycharmProjects/TUMDiscordBot/.venv/lib/python3.12/site-packages/aiohttp/connector.py", line 1050, in _create_connection
    _, proto = await self._create_direct_connection(req, traces, timeout)
               ^^^^^^^^^^^^^^^^^^^^^^^^^^^^^^^^^^^^^^^^^^^^^^^^^^^^^^^^^^
  File "/Users/campusheilbronn/PycharmProjects/TUMDiscordBot/.venv/lib/python3.12/site-packages/aiohttp/connector.py", line 1394, in _create_direct_connection
    raise last_exc
  File "/Users/campusheilbronn/PycharmProjects/TUMDiscordBot/.venv/lib/python3.12/site-packages/aiohttp/connector.py", line 1363, in _create_direct_connection
    transp, proto = await self._wrap_create_connection(
                    ^^^^^^^^^^^^^^^^^^^^^^^^^^^^^^^^^^^
  File "/Users/campusheilbronn/PycharmProjects/TUMDiscordBot/.venv/lib/python3.12/site-packages/aiohttp/connector.py", line 1118, in _wrap_create_connection
    raise ClientConnectorCertificateError(req.connection_key, exc) from exc
aiohttp.client_exceptions.ClientConnectorCertificateError: Cannot connect to host discord.com:443 ssl:True [SSLCertVerificationError: (1, '[SSL: CERTIFICATE_VERIFY_FAILED] certificate verify failed: self-signed certificate (_ssl.c:1000)')]
2025-05-06 00:01:34,310 - discord.client - ERROR - Attempting a reconnect in 17.33s
Traceback (most recent call last):
  File "/Users/campusheilbronn/PycharmProjects/TUMDiscordBot/.venv/lib/python3.12/site-packages/aiohttp/connector.py", line 1116, in _wrap_create_connection
    return await self._loop.create_connection(*args, **kwargs, sock=sock)
           ^^^^^^^^^^^^^^^^^^^^^^^^^^^^^^^^^^^^^^^^^^^^^^^^^^^^^^^^^^^^^^
  File "/Library/Frameworks/Python.framework/Versions/3.12/lib/python3.12/asyncio/base_events.py", line 1148, in create_connection
    transport, protocol = await self._create_connection_transport(
                          ^^^^^^^^^^^^^^^^^^^^^^^^^^^^^^^^^^^^^^^^
  File "/Library/Frameworks/Python.framework/Versions/3.12/lib/python3.12/asyncio/base_events.py", line 1181, in _create_connection_transport
    await waiter
  File "/Library/Frameworks/Python.framework/Versions/3.12/lib/python3.12/asyncio/sslproto.py", line 578, in _on_handshake_complete
    raise handshake_exc
  File "/Library/Frameworks/Python.framework/Versions/3.12/lib/python3.12/asyncio/sslproto.py", line 560, in _do_handshake
    self._sslobj.do_handshake()
  File "/Library/Frameworks/Python.framework/Versions/3.12/lib/python3.12/ssl.py", line 916, in do_handshake
    self._sslobj.do_handshake()
ssl.SSLCertVerificationError: [SSL: CERTIFICATE_VERIFY_FAILED] certificate verify failed: self-signed certificate (_ssl.c:1000)

The above exception was the direct cause of the following exception:

Traceback (most recent call last):
  File "/Users/campusheilbronn/PycharmProjects/TUMDiscordBot/.venv/lib/python3.12/site-packages/discord/client.py", line 598, in connect
    self.ws = await asyncio.wait_for(coro, timeout=60.0)
              ^^^^^^^^^^^^^^^^^^^^^^^^^^^^^^^^^^^^^^^^^^
  File "/Library/Frameworks/Python.framework/Versions/3.12/lib/python3.12/asyncio/tasks.py", line 520, in wait_for
    return await fut
           ^^^^^^^^^
  File "/Users/campusheilbronn/PycharmProjects/TUMDiscordBot/.venv/lib/python3.12/site-packages/discord/gateway.py", line 338, in from_client
    gateway = gateway or await client.http.get_gateway()
                         ^^^^^^^^^^^^^^^^^^^^^^^^^^^^^^^
  File "/Users/campusheilbronn/PycharmProjects/TUMDiscordBot/.venv/lib/python3.12/site-packages/discord/http.py", line 2999, in get_gateway
    data = await self.request(Route("GET", "/gateway"))
           ^^^^^^^^^^^^^^^^^^^^^^^^^^^^^^^^^^^^^^^^^^^^
  File "/Users/campusheilbronn/PycharmProjects/TUMDiscordBot/.venv/lib/python3.12/site-packages/discord/http.py", line 285, in request
    async with self.__session.request(
               ^^^^^^^^^^^^^^^^^^^^^^^
  File "/Users/campusheilbronn/PycharmProjects/TUMDiscordBot/.venv/lib/python3.12/site-packages/aiohttp/client.py", line 1423, in __aenter__
    self._resp: _RetType = await self._coro
                           ^^^^^^^^^^^^^^^^
  File "/Users/campusheilbronn/PycharmProjects/TUMDiscordBot/.venv/lib/python3.12/site-packages/aiohttp/client.py", line 701, in _request
    conn = await self._connector.connect(
           ^^^^^^^^^^^^^^^^^^^^^^^^^^^^^^
  File "/Users/campusheilbronn/PycharmProjects/TUMDiscordBot/.venv/lib/python3.12/site-packages/aiohttp/connector.py", line 544, in connect
    proto = await self._create_connection(req, traces, timeout)
            ^^^^^^^^^^^^^^^^^^^^^^^^^^^^^^^^^^^^^^^^^^^^^^^^^^^
  File "/Users/campusheilbronn/PycharmProjects/TUMDiscordBot/.venv/lib/python3.12/site-packages/aiohttp/connector.py", line 1050, in _create_connection
    _, proto = await self._create_direct_connection(req, traces, timeout)
               ^^^^^^^^^^^^^^^^^^^^^^^^^^^^^^^^^^^^^^^^^^^^^^^^^^^^^^^^^^
  File "/Users/campusheilbronn/PycharmProjects/TUMDiscordBot/.venv/lib/python3.12/site-packages/aiohttp/connector.py", line 1394, in _create_direct_connection
    raise last_exc
  File "/Users/campusheilbronn/PycharmProjects/TUMDiscordBot/.venv/lib/python3.12/site-packages/aiohttp/connector.py", line 1363, in _create_direct_connection
    transp, proto = await self._wrap_create_connection(
                    ^^^^^^^^^^^^^^^^^^^^^^^^^^^^^^^^^^^
  File "/Users/campusheilbronn/PycharmProjects/TUMDiscordBot/.venv/lib/python3.12/site-packages/aiohttp/connector.py", line 1118, in _wrap_create_connection
    raise ClientConnectorCertificateError(req.connection_key, exc) from exc
aiohttp.client_exceptions.ClientConnectorCertificateError: Cannot connect to host discord.com:443 ssl:True [SSLCertVerificationError: (1, '[SSL: CERTIFICATE_VERIFY_FAILED] certificate verify failed: self-signed certificate (_ssl.c:1000)')]
2025-05-06 00:01:59,199 - discord.client - ERROR - Attempting a reconnect in 110.03s
Traceback (most recent call last):
  File "/Users/campusheilbronn/PycharmProjects/TUMDiscordBot/.venv/lib/python3.12/site-packages/aiohttp/connector.py", line 1116, in _wrap_create_connection
    return await self._loop.create_connection(*args, **kwargs, sock=sock)
           ^^^^^^^^^^^^^^^^^^^^^^^^^^^^^^^^^^^^^^^^^^^^^^^^^^^^^^^^^^^^^^
  File "/Library/Frameworks/Python.framework/Versions/3.12/lib/python3.12/asyncio/base_events.py", line 1148, in create_connection
    transport, protocol = await self._create_connection_transport(
                          ^^^^^^^^^^^^^^^^^^^^^^^^^^^^^^^^^^^^^^^^
  File "/Library/Frameworks/Python.framework/Versions/3.12/lib/python3.12/asyncio/base_events.py", line 1181, in _create_connection_transport
    await waiter
  File "/Library/Frameworks/Python.framework/Versions/3.12/lib/python3.12/asyncio/sslproto.py", line 578, in _on_handshake_complete
    raise handshake_exc
  File "/Library/Frameworks/Python.framework/Versions/3.12/lib/python3.12/asyncio/sslproto.py", line 560, in _do_handshake
    self._sslobj.do_handshake()
  File "/Library/Frameworks/Python.framework/Versions/3.12/lib/python3.12/ssl.py", line 916, in do_handshake
    self._sslobj.do_handshake()
ssl.SSLCertVerificationError: [SSL: CERTIFICATE_VERIFY_FAILED] certificate verify failed: self-signed certificate (_ssl.c:1000)

The above exception was the direct cause of the following exception:

Traceback (most recent call last):
  File "/Users/campusheilbronn/PycharmProjects/TUMDiscordBot/.venv/lib/python3.12/site-packages/discord/client.py", line 598, in connect
    self.ws = await asyncio.wait_for(coro, timeout=60.0)
              ^^^^^^^^^^^^^^^^^^^^^^^^^^^^^^^^^^^^^^^^^^
  File "/Library/Frameworks/Python.framework/Versions/3.12/lib/python3.12/asyncio/tasks.py", line 520, in wait_for
    return await fut
           ^^^^^^^^^
  File "/Users/campusheilbronn/PycharmProjects/TUMDiscordBot/.venv/lib/python3.12/site-packages/discord/gateway.py", line 338, in from_client
    gateway = gateway or await client.http.get_gateway()
                         ^^^^^^^^^^^^^^^^^^^^^^^^^^^^^^^
  File "/Users/campusheilbronn/PycharmProjects/TUMDiscordBot/.venv/lib/python3.12/site-packages/discord/http.py", line 2999, in get_gateway
    data = await self.request(Route("GET", "/gateway"))
           ^^^^^^^^^^^^^^^^^^^^^^^^^^^^^^^^^^^^^^^^^^^^
  File "/Users/campusheilbronn/PycharmProjects/TUMDiscordBot/.venv/lib/python3.12/site-packages/discord/http.py", line 285, in request
    async with self.__session.request(
               ^^^^^^^^^^^^^^^^^^^^^^^
  File "/Users/campusheilbronn/PycharmProjects/TUMDiscordBot/.venv/lib/python3.12/site-packages/aiohttp/client.py", line 1423, in __aenter__
    self._resp: _RetType = await self._coro
                           ^^^^^^^^^^^^^^^^
  File "/Users/campusheilbronn/PycharmProjects/TUMDiscordBot/.venv/lib/python3.12/site-packages/aiohttp/client.py", line 701, in _request
    conn = await self._connector.connect(
           ^^^^^^^^^^^^^^^^^^^^^^^^^^^^^^
  File "/Users/campusheilbronn/PycharmProjects/TUMDiscordBot/.venv/lib/python3.12/site-packages/aiohttp/connector.py", line 544, in connect
    proto = await self._create_connection(req, traces, timeout)
            ^^^^^^^^^^^^^^^^^^^^^^^^^^^^^^^^^^^^^^^^^^^^^^^^^^^
  File "/Users/campusheilbronn/PycharmProjects/TUMDiscordBot/.venv/lib/python3.12/site-packages/aiohttp/connector.py", line 1050, in _create_connection
    _, proto = await self._create_direct_connection(req, traces, timeout)
               ^^^^^^^^^^^^^^^^^^^^^^^^^^^^^^^^^^^^^^^^^^^^^^^^^^^^^^^^^^
  File "/Users/campusheilbronn/PycharmProjects/TUMDiscordBot/.venv/lib/python3.12/site-packages/aiohttp/connector.py", line 1394, in _create_direct_connection
    raise last_exc
  File "/Users/campusheilbronn/PycharmProjects/TUMDiscordBot/.venv/lib/python3.12/site-packages/aiohttp/connector.py", line 1363, in _create_direct_connection
    transp, proto = await self._wrap_create_connection(
                    ^^^^^^^^^^^^^^^^^^^^^^^^^^^^^^^^^^^
  File "/Users/campusheilbronn/PycharmProjects/TUMDiscordBot/.venv/lib/python3.12/site-packages/aiohttp/connector.py", line 1118, in _wrap_create_connection
    raise ClientConnectorCertificateError(req.connection_key, exc) from exc
aiohttp.client_exceptions.ClientConnectorCertificateError: Cannot connect to host discord.com:443 ssl:True [SSLCertVerificationError: (1, '[SSL: CERTIFICATE_VERIFY_FAILED] certificate verify failed: self-signed certificate (_ssl.c:1000)')]
2025-05-06 00:03:49,241 - discord.client - ERROR - Attempting a reconnect in 236.37s
Traceback (most recent call last):
  File "/Users/campusheilbronn/PycharmProjects/TUMDiscordBot/.venv/lib/python3.12/site-packages/aiohttp/connector.py", line 1345, in _create_direct_connection
    hosts = await self._resolve_host(host, port, traces=traces)
            ^^^^^^^^^^^^^^^^^^^^^^^^^^^^^^^^^^^^^^^^^^^^^^^^^^^
  File "/Users/campusheilbronn/PycharmProjects/TUMDiscordBot/.venv/lib/python3.12/site-packages/aiohttp/connector.py", line 989, in _resolve_host
    return await asyncio.shield(resolved_host_task)
           ^^^^^^^^^^^^^^^^^^^^^^^^^^^^^^^^^^^^^^^^
  File "/Users/campusheilbronn/PycharmProjects/TUMDiscordBot/.venv/lib/python3.12/site-packages/aiohttp/connector.py", line 1020, in _resolve_host_with_throttle
    addrs = await self._resolver.resolve(host, port, family=self._family)
            ^^^^^^^^^^^^^^^^^^^^^^^^^^^^^^^^^^^^^^^^^^^^^^^^^^^^^^^^^^^^^
  File "/Users/campusheilbronn/PycharmProjects/TUMDiscordBot/.venv/lib/python3.12/site-packages/aiohttp/resolver.py", line 36, in resolve
    infos = await self._loop.getaddrinfo(
            ^^^^^^^^^^^^^^^^^^^^^^^^^^^^^
  File "/Library/Frameworks/Python.framework/Versions/3.12/lib/python3.12/asyncio/base_events.py", line 901, in getaddrinfo
    return await self.run_in_executor(
           ^^^^^^^^^^^^^^^^^^^^^^^^^^^
  File "/Library/Frameworks/Python.framework/Versions/3.12/lib/python3.12/concurrent/futures/thread.py", line 58, in run
    result = self.fn(*self.args, **self.kwargs)
             ^^^^^^^^^^^^^^^^^^^^^^^^^^^^^^^^^^
  File "/Library/Frameworks/Python.framework/Versions/3.12/lib/python3.12/socket.py", line 976, in getaddrinfo
    for res in _socket.getaddrinfo(host, port, family, type, proto, flags):
               ^^^^^^^^^^^^^^^^^^^^^^^^^^^^^^^^^^^^^^^^^^^^^^^^^^^^^^^^^^^
socket.gaierror: [Errno 8] nodename nor servname provided, or not known

The above exception was the direct cause of the following exception:

Traceback (most recent call last):
  File "/Users/campusheilbronn/PycharmProjects/TUMDiscordBot/.venv/lib/python3.12/site-packages/discord/client.py", line 598, in connect
    self.ws = await asyncio.wait_for(coro, timeout=60.0)
              ^^^^^^^^^^^^^^^^^^^^^^^^^^^^^^^^^^^^^^^^^^
  File "/Library/Frameworks/Python.framework/Versions/3.12/lib/python3.12/asyncio/tasks.py", line 520, in wait_for
    return await fut
           ^^^^^^^^^
  File "/Users/campusheilbronn/PycharmProjects/TUMDiscordBot/.venv/lib/python3.12/site-packages/discord/gateway.py", line 338, in from_client
    gateway = gateway or await client.http.get_gateway()
                         ^^^^^^^^^^^^^^^^^^^^^^^^^^^^^^^
  File "/Users/campusheilbronn/PycharmProjects/TUMDiscordBot/.venv/lib/python3.12/site-packages/discord/http.py", line 2999, in get_gateway
    data = await self.request(Route("GET", "/gateway"))
           ^^^^^^^^^^^^^^^^^^^^^^^^^^^^^^^^^^^^^^^^^^^^
  File "/Users/campusheilbronn/PycharmProjects/TUMDiscordBot/.venv/lib/python3.12/site-packages/discord/http.py", line 285, in request
    async with self.__session.request(
               ^^^^^^^^^^^^^^^^^^^^^^^
  File "/Users/campusheilbronn/PycharmProjects/TUMDiscordBot/.venv/lib/python3.12/site-packages/aiohttp/client.py", line 1423, in __aenter__
    self._resp: _RetType = await self._coro
                           ^^^^^^^^^^^^^^^^
  File "/Users/campusheilbronn/PycharmProjects/TUMDiscordBot/.venv/lib/python3.12/site-packages/aiohttp/client.py", line 701, in _request
    conn = await self._connector.connect(
           ^^^^^^^^^^^^^^^^^^^^^^^^^^^^^^
  File "/Users/campusheilbronn/PycharmProjects/TUMDiscordBot/.venv/lib/python3.12/site-packages/aiohttp/connector.py", line 544, in connect
    proto = await self._create_connection(req, traces, timeout)
            ^^^^^^^^^^^^^^^^^^^^^^^^^^^^^^^^^^^^^^^^^^^^^^^^^^^
  File "/Users/campusheilbronn/PycharmProjects/TUMDiscordBot/.venv/lib/python3.12/site-packages/aiohttp/connector.py", line 1050, in _create_connection
    _, proto = await self._create_direct_connection(req, traces, timeout)
               ^^^^^^^^^^^^^^^^^^^^^^^^^^^^^^^^^^^^^^^^^^^^^^^^^^^^^^^^^^
  File "/Users/campusheilbronn/PycharmProjects/TUMDiscordBot/.venv/lib/python3.12/site-packages/aiohttp/connector.py", line 1351, in _create_direct_connection
    raise ClientConnectorDNSError(req.connection_key, exc) from exc
aiohttp.client_exceptions.ClientConnectorDNSError: Cannot connect to host discord.com:443 ssl:default [nodename nor servname provided, or not known]
2025-05-06 00:07:45,622 - discord.client - ERROR - Attempting a reconnect in 447.46s
Traceback (most recent call last):
  File "/Users/campusheilbronn/PycharmProjects/TUMDiscordBot/.venv/lib/python3.12/site-packages/aiohttp/connector.py", line 1345, in _create_direct_connection
    hosts = await self._resolve_host(host, port, traces=traces)
            ^^^^^^^^^^^^^^^^^^^^^^^^^^^^^^^^^^^^^^^^^^^^^^^^^^^
  File "/Users/campusheilbronn/PycharmProjects/TUMDiscordBot/.venv/lib/python3.12/site-packages/aiohttp/connector.py", line 989, in _resolve_host
    return await asyncio.shield(resolved_host_task)
           ^^^^^^^^^^^^^^^^^^^^^^^^^^^^^^^^^^^^^^^^
  File "/Users/campusheilbronn/PycharmProjects/TUMDiscordBot/.venv/lib/python3.12/site-packages/aiohttp/connector.py", line 1020, in _resolve_host_with_throttle
    addrs = await self._resolver.resolve(host, port, family=self._family)
            ^^^^^^^^^^^^^^^^^^^^^^^^^^^^^^^^^^^^^^^^^^^^^^^^^^^^^^^^^^^^^
  File "/Users/campusheilbronn/PycharmProjects/TUMDiscordBot/.venv/lib/python3.12/site-packages/aiohttp/resolver.py", line 36, in resolve
    infos = await self._loop.getaddrinfo(
            ^^^^^^^^^^^^^^^^^^^^^^^^^^^^^
  File "/Library/Frameworks/Python.framework/Versions/3.12/lib/python3.12/asyncio/base_events.py", line 901, in getaddrinfo
    return await self.run_in_executor(
           ^^^^^^^^^^^^^^^^^^^^^^^^^^^
  File "/Library/Frameworks/Python.framework/Versions/3.12/lib/python3.12/concurrent/futures/thread.py", line 58, in run
    result = self.fn(*self.args, **self.kwargs)
             ^^^^^^^^^^^^^^^^^^^^^^^^^^^^^^^^^^
  File "/Library/Frameworks/Python.framework/Versions/3.12/lib/python3.12/socket.py", line 976, in getaddrinfo
    for res in _socket.getaddrinfo(host, port, family, type, proto, flags):
               ^^^^^^^^^^^^^^^^^^^^^^^^^^^^^^^^^^^^^^^^^^^^^^^^^^^^^^^^^^^
socket.gaierror: [Errno 8] nodename nor servname provided, or not known

The above exception was the direct cause of the following exception:

Traceback (most recent call last):
  File "/Users/campusheilbronn/PycharmProjects/TUMDiscordBot/.venv/lib/python3.12/site-packages/discord/client.py", line 598, in connect
    self.ws = await asyncio.wait_for(coro, timeout=60.0)
              ^^^^^^^^^^^^^^^^^^^^^^^^^^^^^^^^^^^^^^^^^^
  File "/Library/Frameworks/Python.framework/Versions/3.12/lib/python3.12/asyncio/tasks.py", line 520, in wait_for
    return await fut
           ^^^^^^^^^
  File "/Users/campusheilbronn/PycharmProjects/TUMDiscordBot/.venv/lib/python3.12/site-packages/discord/gateway.py", line 338, in from_client
    gateway = gateway or await client.http.get_gateway()
                         ^^^^^^^^^^^^^^^^^^^^^^^^^^^^^^^
  File "/Users/campusheilbronn/PycharmProjects/TUMDiscordBot/.venv/lib/python3.12/site-packages/discord/http.py", line 2999, in get_gateway
    data = await self.request(Route("GET", "/gateway"))
           ^^^^^^^^^^^^^^^^^^^^^^^^^^^^^^^^^^^^^^^^^^^^
  File "/Users/campusheilbronn/PycharmProjects/TUMDiscordBot/.venv/lib/python3.12/site-packages/discord/http.py", line 285, in request
    async with self.__session.request(
               ^^^^^^^^^^^^^^^^^^^^^^^
  File "/Users/campusheilbronn/PycharmProjects/TUMDiscordBot/.venv/lib/python3.12/site-packages/aiohttp/client.py", line 1423, in __aenter__
    self._resp: _RetType = await self._coro
                           ^^^^^^^^^^^^^^^^
  File "/Users/campusheilbronn/PycharmProjects/TUMDiscordBot/.venv/lib/python3.12/site-packages/aiohttp/client.py", line 701, in _request
    conn = await self._connector.connect(
           ^^^^^^^^^^^^^^^^^^^^^^^^^^^^^^
  File "/Users/campusheilbronn/PycharmProjects/TUMDiscordBot/.venv/lib/python3.12/site-packages/aiohttp/connector.py", line 544, in connect
    proto = await self._create_connection(req, traces, timeout)
            ^^^^^^^^^^^^^^^^^^^^^^^^^^^^^^^^^^^^^^^^^^^^^^^^^^^
  File "/Users/campusheilbronn/PycharmProjects/TUMDiscordBot/.venv/lib/python3.12/site-packages/aiohttp/connector.py", line 1050, in _create_connection
    _, proto = await self._create_direct_connection(req, traces, timeout)
               ^^^^^^^^^^^^^^^^^^^^^^^^^^^^^^^^^^^^^^^^^^^^^^^^^^^^^^^^^^
  File "/Users/campusheilbronn/PycharmProjects/TUMDiscordBot/.venv/lib/python3.12/site-packages/aiohttp/connector.py", line 1351, in _create_direct_connection
    raise ClientConnectorDNSError(req.connection_key, exc) from exc
aiohttp.client_exceptions.ClientConnectorDNSError: Cannot connect to host discord.com:443 ssl:default [nodename nor servname provided, or not known]
2025-05-06 00:15:19,441 - werkzeug - INFO - 127.0.0.1 - - [06/May/2025 00:15:19] "GET / HTTP/1.1" 200 -
2025-05-06 00:15:19,448 - werkzeug - INFO - 127.0.0.1 - - [06/May/2025 00:15:19] "GET /api/bot-status?api_key=025002 HTTP/1.1" 200 -
2025-05-06 00:15:19,457 - werkzeug - INFO - 127.0.0.1 - - [06/May/2025 00:15:19] "GET /api/member-count?api_key=025002 HTTP/1.1" 200 -
2025-05-06 00:15:24,385 - werkzeug - INFO - 127.0.0.1 - - [06/May/2025 00:15:24] "GET / HTTP/1.1" 200 -
2025-05-06 00:15:24,396 - werkzeug - INFO - 127.0.0.1 - - [06/May/2025 00:15:24] "GET /api/bot-status?api_key=025002 HTTP/1.1" 200 -
2025-05-06 00:15:24,404 - werkzeug - INFO - 127.0.0.1 - - [06/May/2025 00:15:24] "GET /api/member-count?api_key=025002 HTTP/1.1" 200 -
2025-05-06 00:15:29,385 - werkzeug - INFO - 127.0.0.1 - - [06/May/2025 00:15:29] "GET / HTTP/1.1" 200 -
2025-05-06 00:15:29,395 - werkzeug - INFO - 127.0.0.1 - - [06/May/2025 00:15:29] "GET /api/bot-status?api_key=025002 HTTP/1.1" 200 -
2025-05-06 00:15:29,403 - werkzeug - INFO - 127.0.0.1 - - [06/May/2025 00:15:29] "GET /api/member-count?api_key=025002 HTTP/1.1" 200 -
2025-05-06 00:15:34,385 - werkzeug - INFO - 127.0.0.1 - - [06/May/2025 00:15:34] "GET / HTTP/1.1" 200 -
2025-05-06 00:15:34,396 - werkzeug - INFO - 127.0.0.1 - - [06/May/2025 00:15:34] "GET /api/bot-status?api_key=025002 HTTP/1.1" 200 -
2025-05-06 00:15:34,403 - werkzeug - INFO - 127.0.0.1 - - [06/May/2025 00:15:34] "GET /api/member-count?api_key=025002 HTTP/1.1" 200 -
2025-05-06 00:15:39,383 - werkzeug - INFO - 127.0.0.1 - - [06/May/2025 00:15:39] "GET / HTTP/1.1" 200 -
2025-05-06 00:15:39,396 - werkzeug - INFO - 127.0.0.1 - - [06/May/2025 00:15:39] "GET /api/bot-status?api_key=025002 HTTP/1.1" 200 -
2025-05-06 00:15:39,405 - werkzeug - INFO - 127.0.0.1 - - [06/May/2025 00:15:39] "GET /api/member-count?api_key=025002 HTTP/1.1" 200 -
2025-05-06 00:15:44,382 - werkzeug - INFO - 127.0.0.1 - - [06/May/2025 00:15:44] "GET / HTTP/1.1" 200 -
2025-05-06 00:15:44,396 - werkzeug - INFO - 127.0.0.1 - - [06/May/2025 00:15:44] "GET /api/bot-status?api_key=025002 HTTP/1.1" 200 -
2025-05-06 00:15:44,404 - werkzeug - INFO - 127.0.0.1 - - [06/May/2025 00:15:44] "GET /api/member-count?api_key=025002 HTTP/1.1" 200 -
2025-05-06 00:15:49,385 - werkzeug - INFO - 127.0.0.1 - - [06/May/2025 00:15:49] "GET / HTTP/1.1" 200 -
2025-05-06 00:15:49,395 - werkzeug - INFO - 127.0.0.1 - - [06/May/2025 00:15:49] "GET /api/bot-status?api_key=025002 HTTP/1.1" 200 -
2025-05-06 00:15:49,403 - werkzeug - INFO - 127.0.0.1 - - [06/May/2025 00:15:49] "GET /api/member-count?api_key=025002 HTTP/1.1" 200 -
2025-05-06 00:15:54,383 - werkzeug - INFO - 127.0.0.1 - - [06/May/2025 00:15:54] "GET / HTTP/1.1" 200 -
2025-05-06 00:15:54,395 - werkzeug - INFO - 127.0.0.1 - - [06/May/2025 00:15:54] "GET /api/bot-status?api_key=025002 HTTP/1.1" 200 -
2025-05-06 00:15:54,405 - werkzeug - INFO - 127.0.0.1 - - [06/May/2025 00:15:54] "GET /api/member-count?api_key=025002 HTTP/1.1" 200 -
2025-05-06 00:15:59,386 - werkzeug - INFO - 127.0.0.1 - - [06/May/2025 00:15:59] "GET / HTTP/1.1" 200 -
2025-05-06 00:15:59,399 - werkzeug - INFO - 127.0.0.1 - - [06/May/2025 00:15:59] "GET /api/bot-status?api_key=025002 HTTP/1.1" 200 -
2025-05-06 00:15:59,410 - werkzeug - INFO - 127.0.0.1 - - [06/May/2025 00:15:59] "GET /api/member-count?api_key=025002 HTTP/1.1" 200 -
2025-05-06 00:16:04,382 - werkzeug - INFO - 127.0.0.1 - - [06/May/2025 00:16:04] "GET / HTTP/1.1" 200 -
2025-05-06 00:16:04,396 - werkzeug - INFO - 127.0.0.1 - - [06/May/2025 00:16:04] "GET /api/bot-status?api_key=025002 HTTP/1.1" 200 -
2025-05-06 00:16:04,405 - werkzeug - INFO - 127.0.0.1 - - [06/May/2025 00:16:04] "GET /api/member-count?api_key=025002 HTTP/1.1" 200 -
2025-05-06 00:16:09,383 - werkzeug - INFO - 127.0.0.1 - - [06/May/2025 00:16:09] "GET / HTTP/1.1" 200 -
2025-05-06 00:16:09,397 - werkzeug - INFO - 127.0.0.1 - - [06/May/2025 00:16:09] "GET /api/bot-status?api_key=025002 HTTP/1.1" 200 -
2025-05-06 00:16:09,405 - werkzeug - INFO - 127.0.0.1 - - [06/May/2025 00:16:09] "GET /api/member-count?api_key=025002 HTTP/1.1" 200 -
2025-05-06 00:16:14,383 - werkzeug - INFO - 127.0.0.1 - - [06/May/2025 00:16:14] "GET / HTTP/1.1" 200 -
2025-05-06 00:16:14,396 - werkzeug - INFO - 127.0.0.1 - - [06/May/2025 00:16:14] "GET /api/bot-status?api_key=025002 HTTP/1.1" 200 -
2025-05-06 00:16:14,403 - werkzeug - INFO - 127.0.0.1 - - [06/May/2025 00:16:14] "GET /api/member-count?api_key=025002 HTTP/1.1" 200 -
2025-05-06 00:16:19,382 - werkzeug - INFO - 127.0.0.1 - - [06/May/2025 00:16:19] "GET / HTTP/1.1" 200 -
2025-05-06 00:16:19,397 - werkzeug - INFO - 127.0.0.1 - - [06/May/2025 00:16:19] "GET /api/bot-status?api_key=025002 HTTP/1.1" 200 -
2025-05-06 00:16:19,407 - werkzeug - INFO - 127.0.0.1 - - [06/May/2025 00:16:19] "GET /api/member-count?api_key=025002 HTTP/1.1" 200 -
2025-05-06 00:16:24,382 - werkzeug - INFO - 127.0.0.1 - - [06/May/2025 00:16:24] "GET / HTTP/1.1" 200 -
2025-05-06 00:16:24,397 - werkzeug - INFO - 127.0.0.1 - - [06/May/2025 00:16:24] "GET /api/bot-status?api_key=025002 HTTP/1.1" 200 -
2025-05-06 00:16:24,406 - werkzeug - INFO - 127.0.0.1 - - [06/May/2025 00:16:24] "GET /api/member-count?api_key=025002 HTTP/1.1" 200 -
2025-05-06 00:16:29,389 - werkzeug - INFO - 127.0.0.1 - - [06/May/2025 00:16:29] "GET / HTTP/1.1" 200 -
2025-05-06 00:16:29,401 - werkzeug - INFO - 127.0.0.1 - - [06/May/2025 00:16:29] "GET /api/bot-status?api_key=025002 HTTP/1.1" 200 -
2025-05-06 00:16:29,410 - werkzeug - INFO - 127.0.0.1 - - [06/May/2025 00:16:29] "GET /api/member-count?api_key=025002 HTTP/1.1" 200 -
2025-05-06 00:16:34,383 - werkzeug - INFO - 127.0.0.1 - - [06/May/2025 00:16:34] "GET / HTTP/1.1" 200 -
2025-05-06 00:16:34,399 - werkzeug - INFO - 127.0.0.1 - - [06/May/2025 00:16:34] "GET /api/bot-status?api_key=025002 HTTP/1.1" 200 -
2025-05-06 00:16:34,409 - werkzeug - INFO - 127.0.0.1 - - [06/May/2025 00:16:34] "GET /api/member-count?api_key=025002 HTTP/1.1" 200 -
2025-05-06 00:16:39,384 - werkzeug - INFO - 127.0.0.1 - - [06/May/2025 00:16:39] "GET / HTTP/1.1" 200 -
2025-05-06 00:16:39,396 - werkzeug - INFO - 127.0.0.1 - - [06/May/2025 00:16:39] "GET /api/bot-status?api_key=025002 HTTP/1.1" 200 -
2025-05-06 00:16:39,404 - werkzeug - INFO - 127.0.0.1 - - [06/May/2025 00:16:39] "GET /api/member-count?api_key=025002 HTTP/1.1" 200 -
2025-05-06 00:16:44,384 - werkzeug - INFO - 127.0.0.1 - - [06/May/2025 00:16:44] "GET / HTTP/1.1" 200 -
2025-05-06 00:16:44,397 - werkzeug - INFO - 127.0.0.1 - - [06/May/2025 00:16:44] "GET /api/bot-status?api_key=025002 HTTP/1.1" 200 -
2025-05-06 00:16:44,406 - werkzeug - INFO - 127.0.0.1 - - [06/May/2025 00:16:44] "GET /api/member-count?api_key=025002 HTTP/1.1" 200 -
2025-05-06 00:16:49,391 - werkzeug - INFO - 127.0.0.1 - - [06/May/2025 00:16:49] "GET / HTTP/1.1" 200 -
2025-05-06 00:16:49,398 - werkzeug - INFO - 127.0.0.1 - - [06/May/2025 00:16:49] "GET /api/bot-status?api_key=025002 HTTP/1.1" 200 -
2025-05-06 00:16:49,404 - werkzeug - INFO - 127.0.0.1 - - [06/May/2025 00:16:49] "GET /api/member-count?api_key=025002 HTTP/1.1" 200 -
2025-05-06 00:16:54,387 - werkzeug - INFO - 127.0.0.1 - - [06/May/2025 00:16:54] "GET / HTTP/1.1" 200 -
2025-05-06 00:16:54,399 - werkzeug - INFO - 127.0.0.1 - - [06/May/2025 00:16:54] "GET /api/bot-status?api_key=025002 HTTP/1.1" 200 -
2025-05-06 00:16:54,408 - werkzeug - INFO - 127.0.0.1 - - [06/May/2025 00:16:54] "GET /api/member-count?api_key=025002 HTTP/1.1" 200 -
2025-05-06 00:16:59,383 - werkzeug - INFO - 127.0.0.1 - - [06/May/2025 00:16:59] "GET / HTTP/1.1" 200 -
2025-05-06 00:16:59,396 - werkzeug - INFO - 127.0.0.1 - - [06/May/2025 00:16:59] "GET /api/bot-status?api_key=025002 HTTP/1.1" 200 -
2025-05-06 00:16:59,404 - werkzeug - INFO - 127.0.0.1 - - [06/May/2025 00:16:59] "GET /api/member-count?api_key=025002 HTTP/1.1" 200 -
2025-05-06 00:17:04,392 - werkzeug - INFO - 127.0.0.1 - - [06/May/2025 00:17:04] "GET / HTTP/1.1" 200 -
2025-05-06 00:17:04,405 - werkzeug - INFO - 127.0.0.1 - - [06/May/2025 00:17:04] "GET /api/bot-status?api_key=025002 HTTP/1.1" 200 -
2025-05-06 00:17:04,415 - werkzeug - INFO - 127.0.0.1 - - [06/May/2025 00:17:04] "GET /api/member-count?api_key=025002 HTTP/1.1" 200 -
2025-05-06 00:17:09,385 - werkzeug - INFO - 127.0.0.1 - - [06/May/2025 00:17:09] "GET / HTTP/1.1" 200 -
2025-05-06 00:17:09,401 - werkzeug - INFO - 127.0.0.1 - - [06/May/2025 00:17:09] "GET /api/bot-status?api_key=025002 HTTP/1.1" 200 -
2025-05-06 00:17:09,409 - werkzeug - INFO - 127.0.0.1 - - [06/May/2025 00:17:09] "GET /api/member-count?api_key=025002 HTTP/1.1" 200 -
2025-05-06 00:17:14,383 - werkzeug - INFO - 127.0.0.1 - - [06/May/2025 00:17:14] "GET / HTTP/1.1" 200 -
2025-05-06 00:17:14,395 - werkzeug - INFO - 127.0.0.1 - - [06/May/2025 00:17:14] "GET /api/bot-status?api_key=025002 HTTP/1.1" 200 -
2025-05-06 00:17:14,404 - werkzeug - INFO - 127.0.0.1 - - [06/May/2025 00:17:14] "GET /api/member-count?api_key=025002 HTTP/1.1" 200 -
2025-05-06 00:17:19,385 - werkzeug - INFO - 127.0.0.1 - - [06/May/2025 00:17:19] "GET / HTTP/1.1" 200 -
2025-05-06 00:17:19,399 - werkzeug - INFO - 127.0.0.1 - - [06/May/2025 00:17:19] "GET /api/bot-status?api_key=025002 HTTP/1.1" 200 -
2025-05-06 00:17:19,409 - werkzeug - INFO - 127.0.0.1 - - [06/May/2025 00:17:19] "GET /api/member-count?api_key=025002 HTTP/1.1" 200 -
2025-05-06 00:17:24,382 - werkzeug - INFO - 127.0.0.1 - - [06/May/2025 00:17:24] "GET / HTTP/1.1" 200 -
2025-05-06 00:17:24,395 - werkzeug - INFO - 127.0.0.1 - - [06/May/2025 00:17:24] "GET /api/bot-status?api_key=025002 HTTP/1.1" 200 -
2025-05-06 00:17:24,402 - werkzeug - INFO - 127.0.0.1 - - [06/May/2025 00:17:24] "GET /api/member-count?api_key=025002 HTTP/1.1" 200 -
2025-05-06 00:17:29,381 - werkzeug - INFO - 127.0.0.1 - - [06/May/2025 00:17:29] "GET / HTTP/1.1" 200 -
2025-05-06 00:17:29,395 - werkzeug - INFO - 127.0.0.1 - - [06/May/2025 00:17:29] "GET /api/bot-status?api_key=025002 HTTP/1.1" 200 -
2025-05-06 00:17:29,404 - werkzeug - INFO - 127.0.0.1 - - [06/May/2025 00:17:29] "GET /api/member-count?api_key=025002 HTTP/1.1" 200 -
2025-05-06 00:17:34,386 - werkzeug - INFO - 127.0.0.1 - - [06/May/2025 00:17:34] "GET / HTTP/1.1" 200 -
2025-05-06 00:17:34,399 - werkzeug - INFO - 127.0.0.1 - - [06/May/2025 00:17:34] "GET /api/bot-status?api_key=025002 HTTP/1.1" 200 -
2025-05-06 00:17:34,408 - werkzeug - INFO - 127.0.0.1 - - [06/May/2025 00:17:34] "GET /api/member-count?api_key=025002 HTTP/1.1" 200 -
2025-05-06 00:17:39,386 - werkzeug - INFO - 127.0.0.1 - - [06/May/2025 00:17:39] "GET / HTTP/1.1" 200 -
2025-05-06 00:17:39,400 - werkzeug - INFO - 127.0.0.1 - - [06/May/2025 00:17:39] "GET /api/bot-status?api_key=025002 HTTP/1.1" 200 -
2025-05-06 00:17:39,408 - werkzeug - INFO - 127.0.0.1 - - [06/May/2025 00:17:39] "GET /api/member-count?api_key=025002 HTTP/1.1" 200 -
2025-05-06 00:17:44,376 - werkzeug - INFO - 127.0.0.1 - - [06/May/2025 00:17:44] "GET / HTTP/1.1" 200 -
2025-05-06 00:17:44,382 - werkzeug - INFO - 127.0.0.1 - - [06/May/2025 00:17:44] "GET /api/bot-status?api_key=025002 HTTP/1.1" 200 -
2025-05-06 00:17:44,389 - werkzeug - INFO - 127.0.0.1 - - [06/May/2025 00:17:44] "GET /api/member-count?api_key=025002 HTTP/1.1" 200 -
2025-05-06 00:17:49,385 - werkzeug - INFO - 127.0.0.1 - - [06/May/2025 00:17:49] "GET / HTTP/1.1" 200 -
2025-05-06 00:17:49,398 - werkzeug - INFO - 127.0.0.1 - - [06/May/2025 00:17:49] "GET /api/bot-status?api_key=025002 HTTP/1.1" 200 -
2025-05-06 00:17:49,408 - werkzeug - INFO - 127.0.0.1 - - [06/May/2025 00:17:49] "GET /api/member-count?api_key=025002 HTTP/1.1" 200 -
2025-05-06 00:17:54,086 - werkzeug - INFO -  * Detected change in '/Users/campusheilbronn/PycharmProjects/Bachelor Thesis/Discord-Bot-Scripts/bot/discord_bot_slash_commands.py', reloading
